2024-06-30 16:01:38,082 INFO:Extracted feature start indices: {1: 0, 2: 2349, 3: 4625, 4: 6854, 5: 9185, 6: 11454, 7: 13641, 8: 15658, 9: 17865, 10: 20083, 11: 22224, 12: 24523, 13: 26903, 14: 29106, 15: 31288, 16: 33524, 17: 35798, 18: 38061, 19: 40234, 20: 42488, 21: 44804, 22: 47026, 23: 49329, 24: 51690, 25: 54021, 26: 56265, 27: 58522, 28: 60652, 29: 63023, 30: 65342, 31: 67726, 32: 70195, 33: 72509, 34: 74877, 35: 77355, 36: 79780, 37: 82099, 38: 84329, 39: 86725, 40: 89079, 41: 91513, 42: 94004, 43: 96494, 44: 98976, 45: 101422, 46: 103936, 47: 106396, 48: 108924, 49: 111480, 50: 114077, 51: 116652, 52: 119252, 53: 121815, 54: 124398, 55: 126836, 56: 129399, 57: 131742, 58: 134156, 59: 136645, 60: 139083, 61: 141352, 62: 143536, 63: 145869, 64: 148253, 65: 150570, 66: 153024, 67: 155440, 68: 157824, 69: 160183, 70: 162576, 71: 164851, 72: 167152, 73: 169596, 74: 171914, 75: 174215, 76: 176595, 77: 178831, 78: 181025, 79: 183325, 80: 185626, 81: 187862, 82: 190265, 83: 192572, 84: 194809, 85: 197055, 86: 199422, 87: 201830, 88: 204212, 89: 206486, 90: 208746, 91: 210981, 92: 213352, 93: 215548, 94: 217814, 95: 220083, 96: 222299, 97: 224525}
2024-06-30 16:01:38,883 INFO:Detected 5057 features from ./Ryugu_Data/Ryugu_mask_3-1/Input2hist\hyb2_onc_20191023_011507_tvf_l2a.fit.jpeg
2024-06-30 16:01:51,814 INFO:Found 5057 
2024-06-30 16:01:51,814 INFO:Found 5057 good matches
2024-06-30 16:01:51,974 INFO:Updated images.bin with new data for hyb2_onc_20191023_011507_tvf_l2a.fit.jpeg
2024-06-30 16:01:52,158 INFO:Detected 5165 features from ./Ryugu_Data/Ryugu_mask_3-1/Input2hist\hyb2_onc_20191023_011623_tvf_l2a.fit.jpeg
2024-06-30 16:02:04,775 INFO:Found 5165 
2024-06-30 16:02:04,775 INFO:Found 5165 good matches
2024-06-30 16:02:04,943 INFO:Updated images.bin with new data for hyb2_onc_20191023_011623_tvf_l2a.fit.jpeg
2024-06-30 16:02:05,139 INFO:Detected 5221 features from ./Ryugu_Data/Ryugu_mask_3-1/Input2hist\hyb2_onc_20191023_011739_tvf_l2a.fit.jpeg
2024-06-30 16:02:18,328 INFO:Found 5221 
2024-06-30 16:02:18,328 INFO:Found 5221 good matches
2024-06-30 16:02:18,493 INFO:Updated images.bin with new data for hyb2_onc_20191023_011739_tvf_l2a.fit.jpeg
2024-06-30 16:02:18,563 DEBUG:findfont: Matching sans\-serif:style=normal:variant=normal:weight=normal:stretch=normal:size=10.0.
2024-06-30 16:02:18,563 DEBUG:findfont: score(<Font 'cmex10' (cmex10.ttf) normal normal 400 normal>) = 10.05
2024-06-30 16:02:18,563 DEBUG:findfont: score(<Font 'STIXSizeFourSym' (STIXSizFourSymBol.ttf) normal normal 700 normal>) = 10.335
2024-06-30 16:02:18,563 DEBUG:findfont: score(<Font 'DejaVu Serif' (DejaVuSerif-Bold.ttf) normal normal 700 normal>) = 10.335
2024-06-30 16:02:18,563 DEBUG:findfont: score(<Font 'STIXSizeThreeSym' (STIXSizThreeSymReg.ttf) normal normal 400 normal>) = 10.05
2024-06-30 16:02:18,563 DEBUG:findfont: score(<Font 'STIXSizeOneSym' (STIXSizOneSymBol.ttf) normal normal 700 normal>) = 10.335
2024-06-30 16:02:18,563 DEBUG:findfont: score(<Font 'STIXSizeFiveSym' (STIXSizFiveSymReg.ttf) normal normal 400 normal>) = 10.05
2024-06-30 16:02:18,563 DEBUG:findfont: score(<Font 'STIXNonUnicode' (STIXNonUni.ttf) normal normal 400 normal>) = 10.05
2024-06-30 16:02:18,563 DEBUG:findfont: score(<Font 'STIXNonUnicode' (STIXNonUniBolIta.ttf) italic normal 700 normal>) = 11.335
2024-06-30 16:02:18,563 DEBUG:findfont: score(<Font 'DejaVu Serif' (DejaVuSerif-BoldItalic.ttf) italic normal 700 normal>) = 11.335
2024-06-30 16:02:18,563 DEBUG:findfont: score(<Font 'STIXGeneral' (STIXGeneralBol.ttf) normal normal 700 normal>) = 10.335
2024-06-30 16:02:18,563 DEBUG:findfont: score(<Font 'cmsy10' (cmsy10.ttf) normal normal 400 normal>) = 10.05
2024-06-30 16:02:18,563 DEBUG:findfont: score(<Font 'cmb10' (cmb10.ttf) normal normal 400 normal>) = 10.05
2024-06-30 16:02:18,563 DEBUG:findfont: score(<Font 'STIXSizeTwoSym' (STIXSizTwoSymBol.ttf) normal normal 700 normal>) = 10.335
2024-06-30 16:02:18,563 DEBUG:findfont: score(<Font 'STIXSizeTwoSym' (STIXSizTwoSymReg.ttf) normal normal 400 normal>) = 10.05
2024-06-30 16:02:18,563 DEBUG:findfont: score(<Font 'DejaVu Sans Mono' (DejaVuSansMono.ttf) normal normal 400 normal>) = 10.05
2024-06-30 16:02:18,563 DEBUG:findfont: score(<Font 'DejaVu Sans' (DejaVuSans-BoldOblique.ttf) oblique normal 700 normal>) = 1.335
2024-06-30 16:02:18,563 DEBUG:findfont: score(<Font 'DejaVu Serif' (DejaVuSerif.ttf) normal normal 400 normal>) = 10.05
2024-06-30 16:02:18,563 DEBUG:findfont: score(<Font 'STIXGeneral' (STIXGeneralItalic.ttf) italic normal 400 normal>) = 11.05
2024-06-30 16:02:18,568 DEBUG:findfont: score(<Font 'STIXSizeFourSym' (STIXSizFourSymReg.ttf) normal normal 400 normal>) = 10.05
2024-06-30 16:02:18,568 DEBUG:findfont: score(<Font 'DejaVu Sans' (DejaVuSans-Oblique.ttf) oblique normal 400 normal>) = 1.05
2024-06-30 16:02:18,568 DEBUG:findfont: score(<Font 'STIXSizeThreeSym' (STIXSizThreeSymBol.ttf) normal normal 700 normal>) = 10.335
2024-06-30 16:02:18,568 DEBUG:findfont: score(<Font 'cmmi10' (cmmi10.ttf) normal normal 400 normal>) = 10.05
2024-06-30 16:02:18,568 DEBUG:findfont: score(<Font 'DejaVu Serif' (DejaVuSerif-Italic.ttf) italic normal 400 normal>) = 11.05
2024-06-30 16:02:18,568 DEBUG:findfont: score(<Font 'cmr10' (cmr10.ttf) normal normal 400 normal>) = 10.05
2024-06-30 16:02:18,568 DEBUG:findfont: score(<Font 'cmss10' (cmss10.ttf) normal normal 400 normal>) = 10.05
2024-06-30 16:02:18,568 DEBUG:findfont: score(<Font 'DejaVu Sans Display' (DejaVuSansDisplay.ttf) normal normal 400 normal>) = 10.05
2024-06-30 16:02:18,568 DEBUG:findfont: score(<Font 'STIXGeneral' (STIXGeneral.ttf) normal normal 400 normal>) = 10.05
2024-06-30 16:02:18,568 DEBUG:findfont: score(<Font 'STIXGeneral' (STIXGeneralBolIta.ttf) italic normal 700 normal>) = 11.335
2024-06-30 16:02:18,568 DEBUG:findfont: score(<Font 'DejaVu Serif Display' (DejaVuSerifDisplay.ttf) normal normal 400 normal>) = 10.05
2024-06-30 16:02:18,568 DEBUG:findfont: score(<Font 'DejaVu Sans Mono' (DejaVuSansMono-Oblique.ttf) oblique normal 400 normal>) = 11.05
2024-06-30 16:02:18,568 DEBUG:findfont: score(<Font 'DejaVu Sans' (DejaVuSans.ttf) normal normal 400 normal>) = 0.05
2024-06-30 16:02:18,568 DEBUG:findfont: score(<Font 'STIXNonUnicode' (STIXNonUniIta.ttf) italic normal 400 normal>) = 11.05
2024-06-30 16:02:18,568 DEBUG:findfont: score(<Font 'STIXSizeOneSym' (STIXSizOneSymReg.ttf) normal normal 400 normal>) = 10.05
2024-06-30 16:02:18,568 DEBUG:findfont: score(<Font 'cmtt10' (cmtt10.ttf) normal normal 400 normal>) = 10.05
2024-06-30 16:02:18,568 DEBUG:findfont: score(<Font 'DejaVu Sans Mono' (DejaVuSansMono-BoldOblique.ttf) oblique normal 700 normal>) = 11.335
2024-06-30 16:02:18,568 DEBUG:findfont: score(<Font 'STIXNonUnicode' (STIXNonUniBol.ttf) normal normal 700 normal>) = 10.335
2024-06-30 16:02:18,568 DEBUG:findfont: score(<Font 'DejaVu Sans' (DejaVuSans-Bold.ttf) normal normal 700 normal>) = 0.33499999999999996
2024-06-30 16:02:18,568 DEBUG:findfont: score(<Font 'DejaVu Sans Mono' (DejaVuSansMono-Bold.ttf) normal normal 700 normal>) = 10.335
2024-06-30 16:02:18,568 DEBUG:findfont: score(<Font 'Segoe UI' (segoeuii.ttf) italic normal 400 normal>) = 11.05
2024-06-30 16:02:18,568 DEBUG:findfont: score(<Font 'Yu Mincho' (yumindb.ttf) normal normal 600 normal>) = 10.24
2024-06-30 16:02:18,568 DEBUG:findfont: score(<Font 'Wingdings' (wingding.ttf) normal normal 400 normal>) = 10.05
2024-06-30 16:02:18,568 DEBUG:findfont: score(<Font 'HGGyoshotai' (HGRGY.TTC) normal normal 400 normal>) = 10.05
2024-06-30 16:02:18,568 DEBUG:findfont: score(<Font 'Century Gothic' (GOTHICBI.TTF) italic normal 700 normal>) = 11.335
2024-06-30 16:02:18,568 DEBUG:findfont: score(<Font 'BIZ UDGothic' (BIZ-UDGothicR.ttc) normal normal 400 normal>) = 10.05
2024-06-30 16:02:18,568 DEBUG:findfont: score(<Font 'Constantia' (constan.ttf) normal normal 400 normal>) = 10.05
2024-06-30 16:02:18,568 DEBUG:findfont: score(<Font 'Yu Mincho' (yumin.ttf) normal normal 400 normal>) = 10.05
2024-06-30 16:02:18,568 DEBUG:findfont: score(<Font 'Dubai' (DUBAI-REGULAR.TTF) normal normal 400 normal>) = 10.05
2024-06-30 16:02:18,568 DEBUG:findfont: score(<Font 'HGMinchoB' (HGRMB.TTC) normal normal 400 normal>) = 10.05
2024-06-30 16:02:18,568 DEBUG:findfont: score(<Font 'Consolas' (consolai.ttf) italic normal 400 normal>) = 11.05
2024-06-30 16:02:18,568 DEBUG:findfont: score(<Font 'Microsoft YaHei' (msyh.ttc) normal normal 400 normal>) = 10.05
2024-06-30 16:02:18,568 DEBUG:findfont: score(<Font 'Leelawadee' (LEELAWDB.TTF) normal normal 700 normal>) = 10.335
2024-06-30 16:02:18,568 DEBUG:findfont: score(<Font 'Microsoft YaHei' (msyhbd.ttc) normal normal 700 normal>) = 10.335
2024-06-30 16:02:18,568 DEBUG:findfont: score(<Font 'Calibri' (calibrii.ttf) italic normal 400 normal>) = 11.05
2024-06-30 16:02:18,568 DEBUG:findfont: score(<Font 'Cambria' (cambriai.ttf) italic normal 400 normal>) = 11.05
2024-06-30 16:02:18,568 DEBUG:findfont: score(<Font 'MS Reference Specialty' (REFSPCL.TTF) normal normal 400 normal>) = 10.05
2024-06-30 16:02:18,568 DEBUG:findfont: score(<Font 'Myanmar Text' (mmrtext.ttf) normal normal 400 normal>) = 10.05
2024-06-30 16:02:18,568 DEBUG:findfont: score(<Font 'HGSoeiKakugothicUB' (HGRSGU.TTC) normal normal 400 normal>) = 10.05
2024-06-30 16:02:18,568 DEBUG:findfont: score(<Font 'Verdana' (verdanab.ttf) normal normal 700 normal>) = 3.9713636363636367
2024-06-30 16:02:18,568 DEBUG:findfont: score(<Font 'Times New Roman' (times.ttf) normal normal 400 normal>) = 10.05
2024-06-30 16:02:18,568 DEBUG:findfont: score(<Font 'Consolas' (consolaz.ttf) italic normal 700 normal>) = 11.335
2024-06-30 16:02:18,568 DEBUG:findfont: score(<Font 'Corbel' (corbeli.ttf) italic normal 400 normal>) = 11.05
2024-06-30 16:02:18,568 DEBUG:findfont: score(<Font 'Bookman Old Style' (BOOKOSB.TTF) normal normal 600 normal>) = 10.24
2024-06-30 16:02:18,568 DEBUG:findfont: score(<Font 'Constantia' (constani.ttf) italic normal 400 normal>) = 11.05
2024-06-30 16:02:18,568 DEBUG:findfont: score(<Font 'Comic Sans MS' (comicz.ttf) italic normal 700 normal>) = 11.335
2024-06-30 16:02:18,568 DEBUG:findfont: score(<Font 'Microsoft New Tai Lue' (ntailub.ttf) normal normal 700 normal>) = 10.335
2024-06-30 16:02:18,568 DEBUG:findfont: score(<Font 'Garamond' (GARAIT.TTF) italic normal 400 normal>) = 11.05
2024-06-30 16:02:18,568 DEBUG:findfont: score(<Font 'Dubai' (DUBAI-MEDIUM.TTF) normal normal 500 normal>) = 10.145
2024-06-30 16:02:18,568 DEBUG:findfont: score(<Font 'Arial' (ARIALNB.TTF) normal normal 700 condensed>) = 6.8986363636363635
2024-06-30 16:02:18,568 DEBUG:findfont: score(<Font 'Yu Gothic' (YuGothL.ttc) normal normal 300 normal>) = 10.145
2024-06-30 16:02:18,568 DEBUG:findfont: score(<Font 'Cambria' (cambriaz.ttf) italic normal 700 normal>) = 11.335
2024-06-30 16:02:18,568 DEBUG:findfont: score(<Font 'Segoe UI Symbol' (seguisym.ttf) normal normal 400 normal>) = 10.05
2024-06-30 16:02:18,568 DEBUG:findfont: score(<Font 'MT Extra' (MTEXTRA.TTF) normal normal 400 normal>) = 10.05
2024-06-30 16:02:18,568 DEBUG:findfont: score(<Font 'Leelawadee' (LEELAWAD.TTF) normal normal 400 normal>) = 10.05
2024-06-30 16:02:18,568 DEBUG:findfont: score(<Font 'Segoe Script' (segoescb.ttf) normal normal 700 normal>) = 10.335
2024-06-30 16:02:18,568 DEBUG:findfont: score(<Font 'Times New Roman' (timesbd.ttf) normal normal 700 normal>) = 10.335
2024-06-30 16:02:18,568 DEBUG:findfont: score(<Font 'Microsoft JhengHei' (msjhbd.ttc) normal normal 700 normal>) = 10.335
2024-06-30 16:02:18,568 DEBUG:findfont: score(<Font 'Nirmala UI' (NirmalaB.ttf) normal normal 700 normal>) = 10.335
2024-06-30 16:02:18,568 DEBUG:findfont: score(<Font 'Segoe UI' (seguisbi.ttf) italic normal 600 normal>) = 11.24
2024-06-30 16:02:18,568 DEBUG:findfont: score(<Font 'Calibri' (calibrib.ttf) normal normal 700 normal>) = 10.335
2024-06-30 16:02:18,568 DEBUG:findfont: score(<Font 'Cambria' (cambria.ttc) normal normal 400 normal>) = 10.05
2024-06-30 16:02:18,568 DEBUG:findfont: score(<Font 'MS Gothic' (msgothic.ttc) normal normal 400 normal>) = 10.05
2024-06-30 16:02:18,568 DEBUG:findfont: score(<Font 'Bahnschrift' (bahnschrift.ttf) normal normal 400 normal>) = 10.05
2024-06-30 16:02:18,568 DEBUG:findfont: score(<Font 'Franklin Gothic Medium' (framd.ttf) normal normal 400 normal>) = 10.05
2024-06-30 16:02:18,568 DEBUG:findfont: score(<Font 'Microsoft Uighur' (MSUIGHUR.TTF) normal normal 400 normal>) = 10.05
2024-06-30 16:02:18,568 DEBUG:findfont: score(<Font 'Monotype Corsiva' (MTCORSVA.TTF) normal normal 400 normal>) = 10.05
2024-06-30 16:02:18,568 DEBUG:findfont: score(<Font 'HGGothicM' (HGRGM.TTC) normal normal 400 normal>) = 10.05
2024-06-30 16:02:18,568 DEBUG:findfont: score(<Font 'Calibri' (calibril.ttf) normal normal 300 normal>) = 10.145
2024-06-30 16:02:18,568 DEBUG:findfont: score(<Font 'Segoe UI' (seguibl.ttf) normal normal 900 normal>) = 10.525
2024-06-30 16:02:18,568 DEBUG:findfont: score(<Font 'Book Antiqua' (ANTQUAB.TTF) normal normal 700 normal>) = 10.335
2024-06-30 16:02:18,568 DEBUG:findfont: score(<Font 'Segoe UI Historic' (seguihis.ttf) normal normal 400 normal>) = 10.05
2024-06-30 16:02:18,568 DEBUG:findfont: score(<Font 'Times New Roman' (timesi.ttf) italic normal 400 normal>) = 11.05
2024-06-30 16:02:18,568 DEBUG:findfont: score(<Font 'Ebrima' (ebrimabd.ttf) normal normal 700 normal>) = 10.335
2024-06-30 16:02:18,568 DEBUG:findfont: score(<Font 'Comic Sans MS' (comici.ttf) italic normal 400 normal>) = 11.05
2024-06-30 16:02:18,568 DEBUG:findfont: score(<Font 'Microsoft PhagsPa' (phagspa.ttf) normal normal 400 normal>) = 10.05
2024-06-30 16:02:18,573 DEBUG:findfont: score(<Font 'Gadugi' (gadugib.ttf) normal normal 700 normal>) = 10.335
2024-06-30 16:02:18,573 DEBUG:findfont: score(<Font 'OCRB' (OCRB.TTF) normal normal 400 normal>) = 10.05
2024-06-30 16:02:18,573 DEBUG:findfont: score(<Font 'Verdana' (verdana.ttf) normal normal 400 normal>) = 3.6863636363636365
2024-06-30 16:02:18,573 DEBUG:findfont: score(<Font 'Bookman Old Style' (BOOKOS.TTF) normal normal 300 normal>) = 10.145
2024-06-30 16:02:18,573 DEBUG:findfont: score(<Font 'Wingdings 3' (WINGDNG3.TTF) normal normal 400 normal>) = 10.05
2024-06-30 16:02:18,573 DEBUG:findfont: score(<Font 'Microsoft New Tai Lue' (ntailu.ttf) normal normal 400 normal>) = 10.05
2024-06-30 16:02:18,573 DEBUG:findfont: score(<Font 'Marlett' (marlett.ttf) normal normal 500 normal>) = 10.145
2024-06-30 16:02:18,573 DEBUG:findfont: score(<Font 'Candara' (Candaraz.ttf) italic normal 700 normal>) = 11.335
2024-06-30 16:02:18,573 DEBUG:findfont: score(<Font 'Courier New' (cour.ttf) normal normal 400 normal>) = 10.05
2024-06-30 16:02:18,573 DEBUG:findfont: score(<Font 'Trebuchet MS' (trebuc.ttf) normal normal 400 normal>) = 10.05
2024-06-30 16:02:18,573 DEBUG:findfont: score(<Font 'Segoe UI' (segoeui.ttf) normal normal 400 normal>) = 10.05
2024-06-30 16:02:18,573 DEBUG:findfont: score(<Font 'Corbel' (corbelli.ttf) italic normal 300 normal>) = 11.145
2024-06-30 16:02:18,573 DEBUG:findfont: score(<Font 'Candara' (Candara.ttf) normal normal 400 normal>) = 10.05
2024-06-30 16:02:18,573 DEBUG:findfont: score(<Font 'Constantia' (constanb.ttf) normal normal 700 normal>) = 10.335
2024-06-30 16:02:18,573 DEBUG:findfont: score(<Font 'Sylfaen' (sylfaen.ttf) normal normal 400 normal>) = 10.05
2024-06-30 16:02:18,573 DEBUG:findfont: score(<Font 'Yu Gothic' (YuGothM.ttc) normal normal 500 normal>) = 10.145
2024-06-30 16:02:18,573 DEBUG:findfont: score(<Font 'Ebrima' (ebrima.ttf) normal normal 400 normal>) = 10.05
2024-06-30 16:02:18,573 DEBUG:findfont: score(<Font 'Verdana' (verdanai.ttf) italic normal 400 normal>) = 4.6863636363636365
2024-06-30 16:02:18,573 DEBUG:findfont: score(<Font 'Segoe UI' (segoeuib.ttf) normal normal 700 normal>) = 10.335
2024-06-30 16:02:18,573 DEBUG:findfont: score(<Font 'Palatino Linotype' (palab.ttf) normal normal 700 normal>) = 10.335
2024-06-30 16:02:18,573 DEBUG:findfont: score(<Font 'Arial' (ariali.ttf) italic normal 400 normal>) = 7.413636363636363
2024-06-30 16:02:18,573 DEBUG:findfont: score(<Font 'Segoe UI Emoji' (seguiemj.ttf) normal normal 400 normal>) = 10.05
2024-06-30 16:02:18,573 DEBUG:findfont: score(<Font 'Javanese Text' (javatext.ttf) normal normal 400 normal>) = 10.05
2024-06-30 16:02:18,573 DEBUG:findfont: score(<Font 'Leelawadee UI' (LeelUIsl.ttf) normal normal 350 normal>) = 10.0975
2024-06-30 16:02:18,573 DEBUG:findfont: score(<Font 'Segoe Script' (segoesc.ttf) normal normal 400 normal>) = 10.05
2024-06-30 16:02:18,573 DEBUG:findfont: score(<Font 'Georgia' (georgiab.ttf) normal normal 700 normal>) = 10.335
2024-06-30 16:02:18,573 DEBUG:findfont: score(<Font 'Corbel' (corbel.ttf) normal normal 400 normal>) = 10.05
2024-06-30 16:02:18,573 DEBUG:findfont: score(<Font 'UD Digi Kyokasho N-B' (UDDigiKyokashoN-B.ttc) normal normal 700 normal>) = 10.335
2024-06-30 16:02:18,573 DEBUG:findfont: score(<Font 'Sitka Small' (SitkaB.ttc) normal normal 700 normal>) = 10.335
2024-06-30 16:02:18,573 DEBUG:findfont: score(<Font 'Segoe Print' (segoepr.ttf) normal normal 400 normal>) = 10.05
2024-06-30 16:02:18,573 DEBUG:findfont: score(<Font 'Symbol' (symbol.ttf) normal normal 400 normal>) = 10.05
2024-06-30 16:02:18,573 DEBUG:findfont: score(<Font 'Arial' (arialbd.ttf) normal normal 700 normal>) = 6.698636363636363
2024-06-30 16:02:18,573 DEBUG:findfont: score(<Font 'Webdings' (webdings.ttf) normal normal 400 normal>) = 10.05
2024-06-30 16:02:18,573 DEBUG:findfont: score(<Font 'Candara' (Candarab.ttf) normal normal 700 normal>) = 10.335
2024-06-30 16:02:18,573 DEBUG:findfont: score(<Font 'Microsoft Himalaya' (himalaya.ttf) normal normal 400 normal>) = 10.05
2024-06-30 16:02:18,573 DEBUG:findfont: score(<Font 'HGMaruGothicMPRO' (HGRSMP.TTF) normal normal 400 normal>) = 10.05
2024-06-30 16:02:18,573 DEBUG:findfont: score(<Font 'Segoe UI' (segoeuil.ttf) normal normal 300 normal>) = 10.145
2024-06-30 16:02:18,573 DEBUG:findfont: score(<Font 'Lucida Console' (lucon.ttf) normal normal 400 normal>) = 10.05
2024-06-30 16:02:18,573 DEBUG:findfont: score(<Font 'Courier New' (courbi.ttf) italic normal 700 normal>) = 11.335
2024-06-30 16:02:18,573 DEBUG:findfont: score(<Font 'HGSoeiKakupoptai' (HGRPP1.TTC) normal normal 400 normal>) = 10.05
2024-06-30 16:02:18,573 DEBUG:findfont: score(<Font 'Arial' (ARIALNBI.TTF) italic normal 700 condensed>) = 7.8986363636363635
2024-06-30 16:02:18,573 DEBUG:findfont: score(<Font 'Arial' (arialbi.ttf) italic normal 700 normal>) = 7.698636363636363
2024-06-30 16:02:18,573 DEBUG:findfont: score(<Font 'HGSoeiPresenceEB' (HGRPRE.TTC) normal normal 400 normal>) = 10.05
2024-06-30 16:02:18,573 DEBUG:findfont: score(<Font 'Century Gothic' (GOTHICB.TTF) normal normal 700 normal>) = 10.335
2024-06-30 16:02:18,573 DEBUG:findfont: score(<Font 'HoloLens MDL2 Assets' (holomdl2.ttf) normal normal 400 normal>) = 10.05
2024-06-30 16:02:18,573 DEBUG:findfont: score(<Font 'Impact' (impact.ttf) normal normal 400 normal>) = 10.05
2024-06-30 16:02:18,573 DEBUG:findfont: score(<Font 'Georgia' (georgia.ttf) normal normal 400 normal>) = 10.05
2024-06-30 16:02:18,573 DEBUG:findfont: score(<Font 'Leelawadee UI' (LeelawUI.ttf) normal normal 400 normal>) = 10.05
2024-06-30 16:02:18,573 DEBUG:findfont: score(<Font 'Dubai' (DUBAI-LIGHT.TTF) normal normal 300 normal>) = 10.145
2024-06-30 16:02:18,573 DEBUG:findfont: score(<Font 'MV Boli' (mvboli.ttf) normal normal 400 normal>) = 10.05
2024-06-30 16:02:18,573 DEBUG:findfont: score(<Font 'Courier New' (couri.ttf) italic normal 400 normal>) = 11.05
2024-06-30 16:02:18,573 DEBUG:findfont: score(<Font 'Calibri' (calibriz.ttf) italic normal 700 normal>) = 11.335
2024-06-30 16:02:18,573 DEBUG:findfont: score(<Font 'Comic Sans MS' (comic.ttf) normal normal 400 normal>) = 10.05
2024-06-30 16:02:18,573 DEBUG:findfont: score(<Font 'Book Antiqua' (ANTQUABI.TTF) italic normal 700 normal>) = 11.335
2024-06-30 16:02:18,573 DEBUG:findfont: score(<Font 'Georgia' (georgiai.ttf) italic normal 400 normal>) = 11.05
2024-06-30 16:02:18,573 DEBUG:findfont: score(<Font 'Tahoma' (tahoma.ttf) normal normal 400 normal>) = 10.05
2024-06-30 16:02:18,573 DEBUG:findfont: score(<Font 'Segoe UI' (seguisli.ttf) italic normal 350 normal>) = 11.0975
2024-06-30 16:02:18,573 DEBUG:findfont: score(<Font 'Trebuchet MS' (trebucbd.ttf) normal normal 700 normal>) = 10.335
2024-06-30 16:02:18,573 DEBUG:findfont: score(<Font 'Mongolian Baiti' (monbaiti.ttf) normal normal 400 normal>) = 10.05
2024-06-30 16:02:18,573 DEBUG:findfont: score(<Font 'Palatino Linotype' (palabi.ttf) italic normal 700 normal>) = 11.335
2024-06-30 16:02:18,573 DEBUG:findfont: score(<Font 'Palatino Linotype' (pala.ttf) normal normal 400 normal>) = 10.05
2024-06-30 16:02:18,573 DEBUG:findfont: score(<Font 'Yu Gothic' (YuGothB.ttc) normal normal 700 normal>) = 10.335
2024-06-30 16:02:18,573 DEBUG:findfont: score(<Font 'Trebuchet MS' (trebucit.ttf) italic normal 400 normal>) = 11.05
2024-06-30 16:02:18,573 DEBUG:findfont: score(<Font 'Arial' (ARIALN.TTF) normal normal 400 condensed>) = 6.613636363636363
2024-06-30 16:02:18,573 DEBUG:findfont: score(<Font 'Sitka Small' (SitkaZ.ttc) italic normal 700 normal>) = 11.335
2024-06-30 16:02:18,573 DEBUG:findfont: score(<Font 'Comic Sans MS' (comicbd.ttf) normal normal 700 normal>) = 10.335
2024-06-30 16:02:18,573 DEBUG:findfont: score(<Font 'HGGothicE' (HGRGE.TTC) normal normal 400 normal>) = 10.05
2024-06-30 16:02:18,573 DEBUG:findfont: score(<Font 'Franklin Gothic Medium' (framdit.ttf) italic normal 400 normal>) = 11.05
2024-06-30 16:02:18,573 DEBUG:findfont: score(<Font 'Microsoft Tai Le' (taileb.ttf) normal normal 700 normal>) = 10.335
2024-06-30 16:02:18,573 DEBUG:findfont: score(<Font 'HGMinchoE' (HGRME.TTC) normal normal 400 normal>) = 10.05
2024-06-30 16:02:18,573 DEBUG:findfont: score(<Font 'Gabriola' (Gabriola.ttf) normal normal 400 normal>) = 10.05
2024-06-30 16:02:18,573 DEBUG:findfont: score(<Font 'SimSun-ExtB' (simsunb.ttf) normal normal 400 normal>) = 10.05
2024-06-30 16:02:18,573 DEBUG:findfont: score(<Font 'Arial' (ARIALNI.TTF) italic normal 400 condensed>) = 7.613636363636363
2024-06-30 16:02:18,573 DEBUG:findfont: score(<Font 'Segoe Print' (segoeprb.ttf) normal normal 700 normal>) = 10.335
2024-06-30 16:02:18,573 DEBUG:findfont: score(<Font 'Courier New' (courbd.ttf) normal normal 700 normal>) = 10.335
2024-06-30 16:02:18,573 DEBUG:findfont: score(<Font 'Corbel' (corbelz.ttf) italic normal 700 normal>) = 11.335
2024-06-30 16:02:18,573 DEBUG:findfont: score(<Font 'Yu Gothic' (YuGothR.ttc) normal normal 400 normal>) = 10.05
2024-06-30 16:02:18,578 DEBUG:findfont: score(<Font 'Microsoft PhagsPa' (phagspab.ttf) normal normal 700 normal>) = 10.335
2024-06-30 16:02:18,578 DEBUG:findfont: score(<Font 'Wingdings 2' (WINGDNG2.TTF) normal normal 400 normal>) = 10.05
2024-06-30 16:02:18,578 DEBUG:findfont: score(<Font 'Microsoft Yi Baiti' (msyi.ttf) normal normal 400 normal>) = 10.05
2024-06-30 16:02:18,578 DEBUG:findfont: score(<Font 'Arial' (arial.ttf) normal normal 400 normal>) = 6.413636363636363
2024-06-30 16:02:18,578 DEBUG:findfont: score(<Font 'Consolas' (consola.ttf) normal normal 400 normal>) = 10.05
2024-06-30 16:02:18,578 DEBUG:findfont: score(<Font 'Candara' (Candarali.ttf) italic normal 400 normal>) = 11.05
2024-06-30 16:02:18,578 DEBUG:findfont: score(<Font 'UD Digi Kyokasho N-R' (UDDigiKyokashoN-R.ttc) normal normal 400 normal>) = 10.05
2024-06-30 16:02:18,578 DEBUG:findfont: score(<Font 'BIZ UDMincho' (BIZ-UDMinchoM.ttc) normal normal 500 normal>) = 10.145
2024-06-30 16:02:18,578 DEBUG:findfont: score(<Font 'Meiryo' (meiryo.ttc) normal normal 400 normal>) = 10.05
2024-06-30 16:02:18,578 DEBUG:findfont: score(<Font 'Nirmala UI' (NirmalaS.ttf) normal normal 350 normal>) = 10.0975
2024-06-30 16:02:18,578 DEBUG:findfont: score(<Font 'Segoe UI' (seguili.ttf) italic normal 300 normal>) = 11.145
2024-06-30 16:02:18,578 DEBUG:findfont: score(<Font 'Candara' (Candaral.ttf) normal normal 400 normal>) = 10.05
2024-06-30 16:02:18,578 DEBUG:findfont: score(<Font 'Lucida Sans Unicode' (l_10646.ttf) normal normal 400 normal>) = 10.05
2024-06-30 16:02:18,578 DEBUG:findfont: score(<Font 'Candara' (Candarai.ttf) italic normal 400 normal>) = 11.05
2024-06-30 16:02:18,578 DEBUG:findfont: score(<Font 'Microsoft Uighur' (MSUIGHUB.TTF) normal normal 700 normal>) = 10.335
2024-06-30 16:02:18,578 DEBUG:findfont: score(<Font 'Calibri' (calibrili.ttf) italic normal 300 normal>) = 11.145
2024-06-30 16:02:18,578 DEBUG:findfont: score(<Font 'Tahoma' (tahomabd.ttf) normal normal 700 normal>) = 10.335
2024-06-30 16:02:18,578 DEBUG:findfont: score(<Font 'Constantia' (constanz.ttf) italic normal 700 normal>) = 11.335
2024-06-30 16:02:18,578 DEBUG:findfont: score(<Font 'Segoe MDL2 Assets' (segmdl2.ttf) normal normal 400 normal>) = 10.05
2024-06-30 16:02:18,578 DEBUG:findfont: score(<Font 'Meiryo' (meiryob.ttc) normal normal 700 normal>) = 10.335
2024-06-30 16:02:18,578 DEBUG:findfont: score(<Font 'Dubai' (DUBAI-BOLD.TTF) normal normal 700 normal>) = 10.335
2024-06-30 16:02:18,578 DEBUG:findfont: score(<Font 'Cambria' (cambriab.ttf) normal normal 700 normal>) = 10.335
2024-06-30 16:02:18,578 DEBUG:findfont: score(<Font 'Century' (CENTURY.TTF) normal normal 400 normal>) = 10.05
2024-06-30 16:02:18,578 DEBUG:findfont: score(<Font 'Microsoft JhengHei' (msjh.ttc) normal normal 400 normal>) = 10.05
2024-06-30 16:02:18,578 DEBUG:findfont: score(<Font 'Leelawadee UI' (LeelaUIb.ttf) normal normal 700 normal>) = 10.335
2024-06-30 16:02:18,578 DEBUG:findfont: score(<Font 'Malgun Gothic' (malgun.ttf) normal normal 400 normal>) = 10.05
2024-06-30 16:02:18,578 DEBUG:findfont: score(<Font 'Book Antiqua' (BKANT.TTF) normal normal 400 normal>) = 10.05
2024-06-30 16:02:18,578 DEBUG:findfont: score(<Font 'BIZ UDGothic' (BIZ-UDGothicB.ttc) normal normal 700 normal>) = 10.335
2024-06-30 16:02:18,578 DEBUG:findfont: score(<Font 'Myanmar Text' (mmrtextb.ttf) normal normal 700 normal>) = 10.335
2024-06-30 16:02:18,578 DEBUG:findfont: score(<Font 'Segoe UI' (segoeuisl.ttf) normal normal 350 normal>) = 10.0975
2024-06-30 16:02:18,578 DEBUG:findfont: score(<Font 'HGSeikaishotaiPRO' (HGRSKP.TTF) normal normal 400 normal>) = 10.05
2024-06-30 16:02:18,578 DEBUG:findfont: score(<Font 'Segoe UI' (seguisb.ttf) normal normal 600 normal>) = 10.24
2024-06-30 16:02:18,578 DEBUG:findfont: score(<Font 'Trebuchet MS' (trebucbi.ttf) italic normal 700 normal>) = 11.335
2024-06-30 16:02:18,578 DEBUG:findfont: score(<Font 'Microsoft YaHei' (msyhl.ttc) normal normal 290 normal>) = 10.1545
2024-06-30 16:02:18,578 DEBUG:findfont: score(<Font 'Microsoft Tai Le' (taile.ttf) normal normal 400 normal>) = 10.05
2024-06-30 16:02:18,578 DEBUG:findfont: score(<Font 'SimSun' (simsun.ttc) normal normal 400 normal>) = 10.05
2024-06-30 16:02:18,578 DEBUG:findfont: score(<Font 'Sitka Small' (Sitka.ttc) normal normal 400 normal>) = 10.05
2024-06-30 16:02:18,578 DEBUG:findfont: score(<Font 'Nirmala UI' (Nirmala.ttf) normal normal 400 normal>) = 10.05
2024-06-30 16:02:18,578 DEBUG:findfont: score(<Font 'Garamond' (GARABD.TTF) normal normal 700 normal>) = 10.335
2024-06-30 16:02:18,578 DEBUG:findfont: score(<Font 'Corbel' (corbelb.ttf) normal normal 700 normal>) = 10.335
2024-06-30 16:02:18,578 DEBUG:findfont: score(<Font 'Ink Free' (Inkfree.ttf) normal normal 400 normal>) = 10.05
2024-06-30 16:02:18,578 DEBUG:findfont: score(<Font 'Microsoft Sans Serif' (micross.ttf) normal normal 400 normal>) = 10.05
2024-06-30 16:02:18,578 DEBUG:findfont: score(<Font 'Garamond' (GARA.TTF) normal normal 400 normal>) = 10.05
2024-06-30 16:02:18,578 DEBUG:findfont: score(<Font 'MS Outlook' (OUTLOOK.TTF) normal normal 400 normal>) = 10.05
2024-06-30 16:02:18,578 DEBUG:findfont: score(<Font 'MingLiU-ExtB' (mingliub.ttc) normal normal 400 normal>) = 10.05
2024-06-30 16:02:18,578 DEBUG:findfont: score(<Font 'Bookman Old Style' (BOOKOSI.TTF) italic normal 300 normal>) = 11.145
2024-06-30 16:02:18,578 DEBUG:findfont: score(<Font 'Malgun Gothic' (malgunbd.ttf) normal normal 700 normal>) = 10.335
2024-06-30 16:02:18,578 DEBUG:findfont: score(<Font 'Palatino Linotype' (palai.ttf) italic normal 400 normal>) = 11.05
2024-06-30 16:02:18,578 DEBUG:findfont: score(<Font 'Gadugi' (gadugi.ttf) normal normal 400 normal>) = 10.05
2024-06-30 16:02:18,578 DEBUG:findfont: score(<Font 'Book Antiqua' (ANTQUAI.TTF) italic normal 400 normal>) = 11.05
2024-06-30 16:02:18,578 DEBUG:findfont: score(<Font 'Century Gothic' (GOTHIC.TTF) normal normal 400 normal>) = 10.05
2024-06-30 16:02:18,578 DEBUG:findfont: score(<Font 'Calibri' (calibri.ttf) normal normal 400 normal>) = 10.05
2024-06-30 16:02:18,578 DEBUG:findfont: score(<Font 'Bookman Old Style' (BOOKOSBI.TTF) italic normal 600 normal>) = 11.24
2024-06-30 16:02:18,578 DEBUG:findfont: score(<Font 'Century Gothic' (GOTHICI.TTF) italic normal 400 normal>) = 11.05
2024-06-30 16:02:18,578 DEBUG:findfont: score(<Font 'MS Reference Sans Serif' (REFSAN.TTF) normal normal 400 normal>) = 10.05
2024-06-30 16:02:18,578 DEBUG:findfont: score(<Font 'Sitka Small' (SitkaI.ttc) italic normal 400 normal>) = 11.05
2024-06-30 16:02:18,578 DEBUG:findfont: score(<Font 'Segoe UI' (seguibli.ttf) italic normal 900 normal>) = 11.525
2024-06-30 16:02:18,578 DEBUG:findfont: score(<Font 'Consolas' (consolab.ttf) normal normal 700 normal>) = 10.335
2024-06-30 16:02:18,578 DEBUG:findfont: score(<Font 'Yu Mincho' (yuminl.ttf) normal normal 300 normal>) = 10.145
2024-06-30 16:02:18,578 DEBUG:findfont: score(<Font 'Bookshelf Symbol 7' (BSSYM7.TTF) normal normal 400 normal>) = 10.05
2024-06-30 16:02:18,578 DEBUG:findfont: score(<Font 'Times New Roman' (timesbi.ttf) italic normal 700 normal>) = 11.335
2024-06-30 16:02:18,578 DEBUG:findfont: score(<Font 'Microsoft JhengHei' (msjhl.ttc) normal normal 290 normal>) = 10.1545
2024-06-30 16:02:18,578 DEBUG:findfont: score(<Font 'HGKyokashotai' (HGRKK.TTC) normal normal 400 normal>) = 10.05
2024-06-30 16:02:18,578 DEBUG:findfont: score(<Font 'Verdana' (verdanaz.ttf) italic normal 700 normal>) = 4.971363636363637
2024-06-30 16:02:18,578 DEBUG:findfont: score(<Font 'Arial' (ariblk.ttf) normal normal 900 normal>) = 6.888636363636364
2024-06-30 16:02:18,578 DEBUG:findfont: score(<Font 'MS Mincho' (msmincho.ttc) normal normal 400 normal>) = 10.05
2024-06-30 16:02:18,578 DEBUG:findfont: score(<Font 'Corbel' (corbell.ttf) normal normal 300 normal>) = 10.145
2024-06-30 16:02:18,578 DEBUG:findfont: score(<Font 'Georgia' (georgiaz.ttf) italic normal 700 normal>) = 11.335
2024-06-30 16:02:18,578 DEBUG:findfont: score(<Font 'Segoe UI' (segoeuiz.ttf) italic normal 700 normal>) = 11.335
2024-06-30 16:02:18,578 DEBUG:findfont: score(<Font 'Malgun Gothic' (malgunsl.ttf) normal normal 300 normal>) = 10.145
2024-06-30 16:02:18,578 DEBUG:findfont: Matching sans\-serif:style=normal:variant=normal:weight=normal:stretch=normal:size=10.0 to DejaVu Sans ('C:\\Users\\taiko\\anaconda3\\envs\\detectron2_env\\lib\\site-packages\\matplotlib\\mpl-data\\fonts\\ttf\\DejaVuSans.ttf') with score of 0.050000.
2024-06-30 16:02:40,950 INFO:Processed all images in Input
