2024-10-14 18:57:04,964 INFO:Model BOX-A is read.
2024-10-14 18:57:07,495 INFO:Model BOX-C is read.
2024-10-14 18:57:07,768 INFO:Estimated Affine Matrix: [[ 0.0578856  -0.3109354   0.49887512]
 [ 0.12643133 -0.46260432  0.38962434]
 [-0.01422813 -0.29569604  0.26972511]
 [-0.089866   -0.43957602  0.11941152]
 [-0.1895585  -0.42781377  0.21521748]
 [ 0.04668511 -0.49783436  0.27101719]
 [-0.22746263 -0.34207045  0.16233591]
 [-0.10081876 -0.25914614  0.0678723 ]
 [-0.08539949 -0.08880739  0.30371373]
 [ 0.09074728 -0.37294508  0.09044034]
 [ 0.08042218 -0.08149645  0.16203854]
 [-0.20554314 -0.40650482  0.3154203 ]
 [-0.21098934 -0.26284938  0.39228897]
 [-0.23746501 -0.26903537  0.23748364]
 [-0.13295467 -0.38053052  0.48781453]
 [-0.08855586 -0.45502028  0.36405482]
 [-0.03966241 -0.49985246  0.19327499]
 [ 0.0808247  -0.11775134  0.48321997]
 [-0.22481954 -0.36926955  0.39097556]
 [ 0.20877233 -0.2883012   0.16822283]
 [ 0.21203492 -0.37937066  0.25956702]
 [-0.01639298 -1.55240312  0.33335326]
 [-0.01780593 -0.39722214  0.4642645 ]
 [ 0.05993254 -0.10151495  0.31778187]
 [-0.15334382 -0.33616535  0.0782147 ]
 [-0.26112666 -0.28685568  0.33624548]
 [-0.13722312 -0.1850789   0.10422972]
 [-0.15317365 -0.40829148  0.450289  ]
 [ 0.03311658 -0.11395799  0.18377049]
 [ 0.03280846 -0.26561106  0.05451247]
 [-0.06988429 -0.10658172  0.17396226]
 [ 0.14564765 -0.18912465  0.40316223]
 [ 0.12985137 -0.44333745  0.18406947]
 [ 0.14629791 -0.42296585  0.38253779]
 [-0.16294045 -0.29423902  0.47725069]
 [-0.03092821 -0.34953671  0.05032979]
 [ 0.0040665  -0.14480479  0.11593877]
 [ 0.09303597 -0.49741657  0.34373461]
 [ 0.13398661 -0.14876947  0.22462612]
 [ 0.00585664 -0.41028886  0.13393962]
 [-0.00920313 -0.21856423  0.48296505]
 [ 0.17357282 -0.31118264  0.44038804]
 [ 0.19634074 -0.22459734  0.28032469]
 [-0.14703365 -0.18380209  0.46358883]
 [-0.11376415 -0.48245543  0.24715217]
 [-0.00635335 -0.40108059  0.0841664 ]
 [-0.04823479 -0.12784486  0.39326739]
 [ 0.0963253  -0.17735597  0.12336478]
 [ 0.22557859 -0.31048016  0.32658139]
 [-0.19636474 -0.1862621   0.18648367]
 [-0.11269259 -0.26181805  0.4780124 ]
 [-0.15130444 -0.12604407  0.25213973]
 [ 0.06317413 -0.42935814  0.51783064]
 [-0.1653233  -0.1842031   0.35182316]
 [-0.11243937 -0.24979835  0.50838435]
 [-0.02881831 -0.07119939  0.2616359 ]
 [ 0.18584489 -0.22115411  0.49180293]
 [ 0.13776882 -0.7311663   0.28733309]
 [ 0.00553799 -0.07762156  0.44854516]
 [ 0.12778673 -0.16255139  0.44999688]
 [ 0.18854825 -0.28101048  0.07066788]
 [ 0.10491867 -0.26214312 -0.03494666]]
2024-10-14 18:57:07,779 DEBUG:Starting new HTTPS connection (1): hooks.slack.com:443
2024-10-14 18:57:08,426 DEBUG:https://hooks.slack.com:443 "POST /services/T07E6GGAV42/B07EVB20A7J/MbGu1qjLUbGBcXK3spDTzmiF HTTP/1.1" 200 6
