2024-11-18 20:19:59,778 INFO:Model BOX-A is read.
2024-11-18 20:20:00,137 INFO:Model pole-18-8-24 is read.
2024-11-18 20:20:00,591 DEBUG:findfont: Matching sans\-serif:style=normal:variant=normal:weight=normal:stretch=normal:size=10.0.
2024-11-18 20:20:00,592 DEBUG:findfont: score(<Font 'cmex10' (cmex10.ttf) normal normal 400 normal>) = 10.05
2024-11-18 20:20:00,592 DEBUG:findfont: score(<Font 'STIXSizeFourSym' (STIXSizFourSymBol.ttf) normal normal 700 normal>) = 10.335
2024-11-18 20:20:00,592 DEBUG:findfont: score(<Font 'DejaVu Serif' (DejaVuSerif-Bold.ttf) normal normal 700 normal>) = 10.335
2024-11-18 20:20:00,592 DEBUG:findfont: score(<Font 'STIXSizeThreeSym' (STIXSizThreeSymReg.ttf) normal normal 400 normal>) = 10.05
2024-11-18 20:20:00,593 DEBUG:findfont: score(<Font 'STIXSizeOneSym' (STIXSizOneSymBol.ttf) normal normal 700 normal>) = 10.335
2024-11-18 20:20:00,593 DEBUG:findfont: score(<Font 'STIXSizeFiveSym' (STIXSizFiveSymReg.ttf) normal normal 400 normal>) = 10.05
2024-11-18 20:20:00,594 DEBUG:findfont: score(<Font 'STIXNonUnicode' (STIXNonUni.ttf) normal normal 400 normal>) = 10.05
2024-11-18 20:20:00,594 DEBUG:findfont: score(<Font 'STIXNonUnicode' (STIXNonUniBolIta.ttf) italic normal 700 normal>) = 11.335
2024-11-18 20:20:00,594 DEBUG:findfont: score(<Font 'DejaVu Serif' (DejaVuSerif-BoldItalic.ttf) italic normal 700 normal>) = 11.335
2024-11-18 20:20:00,594 DEBUG:findfont: score(<Font 'STIXGeneral' (STIXGeneralBol.ttf) normal normal 700 normal>) = 10.335
2024-11-18 20:20:00,594 DEBUG:findfont: score(<Font 'cmsy10' (cmsy10.ttf) normal normal 400 normal>) = 10.05
2024-11-18 20:20:00,594 DEBUG:findfont: score(<Font 'cmb10' (cmb10.ttf) normal normal 400 normal>) = 10.05
2024-11-18 20:20:00,594 DEBUG:findfont: score(<Font 'STIXSizeTwoSym' (STIXSizTwoSymBol.ttf) normal normal 700 normal>) = 10.335
2024-11-18 20:20:00,594 DEBUG:findfont: score(<Font 'STIXSizeTwoSym' (STIXSizTwoSymReg.ttf) normal normal 400 normal>) = 10.05
2024-11-18 20:20:00,594 DEBUG:findfont: score(<Font 'DejaVu Sans Mono' (DejaVuSansMono.ttf) normal normal 400 normal>) = 10.05
2024-11-18 20:20:00,594 DEBUG:findfont: score(<Font 'DejaVu Sans' (DejaVuSans-BoldOblique.ttf) oblique normal 700 normal>) = 1.335
2024-11-18 20:20:00,594 DEBUG:findfont: score(<Font 'DejaVu Serif' (DejaVuSerif.ttf) normal normal 400 normal>) = 10.05
2024-11-18 20:20:00,594 DEBUG:findfont: score(<Font 'STIXGeneral' (STIXGeneralItalic.ttf) italic normal 400 normal>) = 11.05
2024-11-18 20:20:00,594 DEBUG:findfont: score(<Font 'STIXSizeFourSym' (STIXSizFourSymReg.ttf) normal normal 400 normal>) = 10.05
2024-11-18 20:20:00,594 DEBUG:findfont: score(<Font 'DejaVu Sans' (DejaVuSans-Oblique.ttf) oblique normal 400 normal>) = 1.05
2024-11-18 20:20:00,595 DEBUG:findfont: score(<Font 'STIXSizeThreeSym' (STIXSizThreeSymBol.ttf) normal normal 700 normal>) = 10.335
2024-11-18 20:20:00,595 DEBUG:findfont: score(<Font 'cmmi10' (cmmi10.ttf) normal normal 400 normal>) = 10.05
2024-11-18 20:20:00,595 DEBUG:findfont: score(<Font 'DejaVu Serif' (DejaVuSerif-Italic.ttf) italic normal 400 normal>) = 11.05
2024-11-18 20:20:00,595 DEBUG:findfont: score(<Font 'cmr10' (cmr10.ttf) normal normal 400 normal>) = 10.05
2024-11-18 20:20:00,595 DEBUG:findfont: score(<Font 'cmss10' (cmss10.ttf) normal normal 400 normal>) = 10.05
2024-11-18 20:20:00,595 DEBUG:findfont: score(<Font 'DejaVu Sans Display' (DejaVuSansDisplay.ttf) normal normal 400 normal>) = 10.05
2024-11-18 20:20:00,595 DEBUG:findfont: score(<Font 'STIXGeneral' (STIXGeneral.ttf) normal normal 400 normal>) = 10.05
2024-11-18 20:20:00,595 DEBUG:findfont: score(<Font 'STIXGeneral' (STIXGeneralBolIta.ttf) italic normal 700 normal>) = 11.335
2024-11-18 20:20:00,595 DEBUG:findfont: score(<Font 'DejaVu Serif Display' (DejaVuSerifDisplay.ttf) normal normal 400 normal>) = 10.05
2024-11-18 20:20:00,595 DEBUG:findfont: score(<Font 'DejaVu Sans Mono' (DejaVuSansMono-Oblique.ttf) oblique normal 400 normal>) = 11.05
2024-11-18 20:20:00,595 DEBUG:findfont: score(<Font 'DejaVu Sans' (DejaVuSans.ttf) normal normal 400 normal>) = 0.05
2024-11-18 20:20:00,595 DEBUG:findfont: score(<Font 'STIXNonUnicode' (STIXNonUniIta.ttf) italic normal 400 normal>) = 11.05
2024-11-18 20:20:00,595 DEBUG:findfont: score(<Font 'STIXSizeOneSym' (STIXSizOneSymReg.ttf) normal normal 400 normal>) = 10.05
2024-11-18 20:20:00,595 DEBUG:findfont: score(<Font 'cmtt10' (cmtt10.ttf) normal normal 400 normal>) = 10.05
2024-11-18 20:20:00,596 DEBUG:findfont: score(<Font 'DejaVu Sans Mono' (DejaVuSansMono-BoldOblique.ttf) oblique normal 700 normal>) = 11.335
2024-11-18 20:20:00,596 DEBUG:findfont: score(<Font 'STIXNonUnicode' (STIXNonUniBol.ttf) normal normal 700 normal>) = 10.335
2024-11-18 20:20:00,596 DEBUG:findfont: score(<Font 'DejaVu Sans' (DejaVuSans-Bold.ttf) normal normal 700 normal>) = 0.33499999999999996
2024-11-18 20:20:00,596 DEBUG:findfont: score(<Font 'DejaVu Sans Mono' (DejaVuSansMono-Bold.ttf) normal normal 700 normal>) = 10.335
2024-11-18 20:20:00,596 DEBUG:findfont: score(<Font 'Segoe UI' (segoeuii.ttf) italic normal 400 normal>) = 11.05
2024-11-18 20:20:00,596 DEBUG:findfont: score(<Font 'Yu Mincho' (yumindb.ttf) normal normal 600 normal>) = 10.24
2024-11-18 20:20:00,596 DEBUG:findfont: score(<Font 'Wingdings' (wingding.ttf) normal normal 400 normal>) = 10.05
2024-11-18 20:20:00,596 DEBUG:findfont: score(<Font 'HGGyoshotai' (HGRGY.TTC) normal normal 400 normal>) = 10.05
2024-11-18 20:20:00,596 DEBUG:findfont: score(<Font 'Century Gothic' (GOTHICBI.TTF) italic normal 700 normal>) = 11.335
2024-11-18 20:20:00,596 DEBUG:findfont: score(<Font 'BIZ UDGothic' (BIZ-UDGothicR.ttc) normal normal 400 normal>) = 10.05
2024-11-18 20:20:00,596 DEBUG:findfont: score(<Font 'Constantia' (constan.ttf) normal normal 400 normal>) = 10.05
2024-11-18 20:20:00,596 DEBUG:findfont: score(<Font 'Yu Mincho' (yumin.ttf) normal normal 400 normal>) = 10.05
2024-11-18 20:20:00,596 DEBUG:findfont: score(<Font 'Dubai' (DUBAI-REGULAR.TTF) normal normal 400 normal>) = 10.05
2024-11-18 20:20:00,596 DEBUG:findfont: score(<Font 'HGMinchoB' (HGRMB.TTC) normal normal 400 normal>) = 10.05
2024-11-18 20:20:00,596 DEBUG:findfont: score(<Font 'Consolas' (consolai.ttf) italic normal 400 normal>) = 11.05
2024-11-18 20:20:00,597 DEBUG:findfont: score(<Font 'Microsoft YaHei' (msyh.ttc) normal normal 400 normal>) = 10.05
2024-11-18 20:20:00,597 DEBUG:findfont: score(<Font 'Leelawadee' (LEELAWDB.TTF) normal normal 700 normal>) = 10.335
2024-11-18 20:20:00,597 DEBUG:findfont: score(<Font 'Microsoft YaHei' (msyhbd.ttc) normal normal 700 normal>) = 10.335
2024-11-18 20:20:00,597 DEBUG:findfont: score(<Font 'Calibri' (calibrii.ttf) italic normal 400 normal>) = 11.05
2024-11-18 20:20:00,597 DEBUG:findfont: score(<Font 'Cambria' (cambriai.ttf) italic normal 400 normal>) = 11.05
2024-11-18 20:20:00,597 DEBUG:findfont: score(<Font 'MS Reference Specialty' (REFSPCL.TTF) normal normal 400 normal>) = 10.05
2024-11-18 20:20:00,597 DEBUG:findfont: score(<Font 'Myanmar Text' (mmrtext.ttf) normal normal 400 normal>) = 10.05
2024-11-18 20:20:00,597 DEBUG:findfont: score(<Font 'HGSoeiKakugothicUB' (HGRSGU.TTC) normal normal 400 normal>) = 10.05
2024-11-18 20:20:00,597 DEBUG:findfont: score(<Font 'Verdana' (verdanab.ttf) normal normal 700 normal>) = 3.9713636363636367
2024-11-18 20:20:00,597 DEBUG:findfont: score(<Font 'Times New Roman' (times.ttf) normal normal 400 normal>) = 10.05
2024-11-18 20:20:00,597 DEBUG:findfont: score(<Font 'Consolas' (consolaz.ttf) italic normal 700 normal>) = 11.335
2024-11-18 20:20:00,597 DEBUG:findfont: score(<Font 'Corbel' (corbeli.ttf) italic normal 400 normal>) = 11.05
2024-11-18 20:20:00,597 DEBUG:findfont: score(<Font 'Bookman Old Style' (BOOKOSB.TTF) normal normal 600 normal>) = 10.24
2024-11-18 20:20:00,597 DEBUG:findfont: score(<Font 'Constantia' (constani.ttf) italic normal 400 normal>) = 11.05
2024-11-18 20:20:00,597 DEBUG:findfont: score(<Font 'Comic Sans MS' (comicz.ttf) italic normal 700 normal>) = 11.335
2024-11-18 20:20:00,597 DEBUG:findfont: score(<Font 'Microsoft New Tai Lue' (ntailub.ttf) normal normal 700 normal>) = 10.335
2024-11-18 20:20:00,598 DEBUG:findfont: score(<Font 'Garamond' (GARAIT.TTF) italic normal 400 normal>) = 11.05
2024-11-18 20:20:00,598 DEBUG:findfont: score(<Font 'Dubai' (DUBAI-MEDIUM.TTF) normal normal 500 normal>) = 10.145
2024-11-18 20:20:00,598 DEBUG:findfont: score(<Font 'Arial' (ARIALNB.TTF) normal normal 700 condensed>) = 6.8986363636363635
2024-11-18 20:20:00,598 DEBUG:findfont: score(<Font 'Yu Gothic' (YuGothL.ttc) normal normal 300 normal>) = 10.145
2024-11-18 20:20:00,598 DEBUG:findfont: score(<Font 'Cambria' (cambriaz.ttf) italic normal 700 normal>) = 11.335
2024-11-18 20:20:00,598 DEBUG:findfont: score(<Font 'Segoe UI Symbol' (seguisym.ttf) normal normal 400 normal>) = 10.05
2024-11-18 20:20:00,598 DEBUG:findfont: score(<Font 'MT Extra' (MTEXTRA.TTF) normal normal 400 normal>) = 10.05
2024-11-18 20:20:00,598 DEBUG:findfont: score(<Font 'Leelawadee' (LEELAWAD.TTF) normal normal 400 normal>) = 10.05
2024-11-18 20:20:00,598 DEBUG:findfont: score(<Font 'Segoe Script' (segoescb.ttf) normal normal 700 normal>) = 10.335
2024-11-18 20:20:00,598 DEBUG:findfont: score(<Font 'Times New Roman' (timesbd.ttf) normal normal 700 normal>) = 10.335
2024-11-18 20:20:00,598 DEBUG:findfont: score(<Font 'Microsoft JhengHei' (msjhbd.ttc) normal normal 700 normal>) = 10.335
2024-11-18 20:20:00,598 DEBUG:findfont: score(<Font 'Nirmala UI' (NirmalaB.ttf) normal normal 700 normal>) = 10.335
2024-11-18 20:20:00,598 DEBUG:findfont: score(<Font 'Segoe UI' (seguisbi.ttf) italic normal 600 normal>) = 11.24
2024-11-18 20:20:00,598 DEBUG:findfont: score(<Font 'Calibri' (calibrib.ttf) normal normal 700 normal>) = 10.335
2024-11-18 20:20:00,598 DEBUG:findfont: score(<Font 'Cambria' (cambria.ttc) normal normal 400 normal>) = 10.05
2024-11-18 20:20:00,599 DEBUG:findfont: score(<Font 'MS Gothic' (msgothic.ttc) normal normal 400 normal>) = 10.05
2024-11-18 20:20:00,599 DEBUG:findfont: score(<Font 'Bahnschrift' (bahnschrift.ttf) normal normal 400 normal>) = 10.05
2024-11-18 20:20:00,599 DEBUG:findfont: score(<Font 'Franklin Gothic Medium' (framd.ttf) normal normal 400 normal>) = 10.05
2024-11-18 20:20:00,599 DEBUG:findfont: score(<Font 'Microsoft Uighur' (MSUIGHUR.TTF) normal normal 400 normal>) = 10.05
2024-11-18 20:20:00,599 DEBUG:findfont: score(<Font 'Monotype Corsiva' (MTCORSVA.TTF) normal normal 400 normal>) = 10.05
2024-11-18 20:20:00,599 DEBUG:findfont: score(<Font 'HGGothicM' (HGRGM.TTC) normal normal 400 normal>) = 10.05
2024-11-18 20:20:00,599 DEBUG:findfont: score(<Font 'Calibri' (calibril.ttf) normal normal 300 normal>) = 10.145
2024-11-18 20:20:00,599 DEBUG:findfont: score(<Font 'Segoe UI' (seguibl.ttf) normal normal 900 normal>) = 10.525
2024-11-18 20:20:00,599 DEBUG:findfont: score(<Font 'Book Antiqua' (ANTQUAB.TTF) normal normal 700 normal>) = 10.335
2024-11-18 20:20:00,600 DEBUG:findfont: score(<Font 'Segoe UI Historic' (seguihis.ttf) normal normal 400 normal>) = 10.05
2024-11-18 20:20:00,600 DEBUG:findfont: score(<Font 'Times New Roman' (timesi.ttf) italic normal 400 normal>) = 11.05
2024-11-18 20:20:00,600 DEBUG:findfont: score(<Font 'Ebrima' (ebrimabd.ttf) normal normal 700 normal>) = 10.335
2024-11-18 20:20:00,600 DEBUG:findfont: score(<Font 'Comic Sans MS' (comici.ttf) italic normal 400 normal>) = 11.05
2024-11-18 20:20:00,600 DEBUG:findfont: score(<Font 'Microsoft PhagsPa' (phagspa.ttf) normal normal 400 normal>) = 10.05
2024-11-18 20:20:00,600 DEBUG:findfont: score(<Font 'Gadugi' (gadugib.ttf) normal normal 700 normal>) = 10.335
2024-11-18 20:20:00,600 DEBUG:findfont: score(<Font 'OCRB' (OCRB.TTF) normal normal 400 normal>) = 10.05
2024-11-18 20:20:00,600 DEBUG:findfont: score(<Font 'Verdana' (verdana.ttf) normal normal 400 normal>) = 3.6863636363636365
2024-11-18 20:20:00,600 DEBUG:findfont: score(<Font 'Bookman Old Style' (BOOKOS.TTF) normal normal 300 normal>) = 10.145
2024-11-18 20:20:00,601 DEBUG:findfont: score(<Font 'Wingdings 3' (WINGDNG3.TTF) normal normal 400 normal>) = 10.05
2024-11-18 20:20:00,601 DEBUG:findfont: score(<Font 'Microsoft New Tai Lue' (ntailu.ttf) normal normal 400 normal>) = 10.05
2024-11-18 20:20:00,601 DEBUG:findfont: score(<Font 'Marlett' (marlett.ttf) normal normal 500 normal>) = 10.145
2024-11-18 20:20:00,601 DEBUG:findfont: score(<Font 'Candara' (Candaraz.ttf) italic normal 700 normal>) = 11.335
2024-11-18 20:20:00,601 DEBUG:findfont: score(<Font 'Courier New' (cour.ttf) normal normal 400 normal>) = 10.05
2024-11-18 20:20:00,601 DEBUG:findfont: score(<Font 'Trebuchet MS' (trebuc.ttf) normal normal 400 normal>) = 10.05
2024-11-18 20:20:00,601 DEBUG:findfont: score(<Font 'Segoe UI' (segoeui.ttf) normal normal 400 normal>) = 10.05
2024-11-18 20:20:00,601 DEBUG:findfont: score(<Font 'Corbel' (corbelli.ttf) italic normal 300 normal>) = 11.145
2024-11-18 20:20:00,601 DEBUG:findfont: score(<Font 'Candara' (Candara.ttf) normal normal 400 normal>) = 10.05
2024-11-18 20:20:00,601 DEBUG:findfont: score(<Font 'Constantia' (constanb.ttf) normal normal 700 normal>) = 10.335
2024-11-18 20:20:00,601 DEBUG:findfont: score(<Font 'Sylfaen' (sylfaen.ttf) normal normal 400 normal>) = 10.05
2024-11-18 20:20:00,601 DEBUG:findfont: score(<Font 'Yu Gothic' (YuGothM.ttc) normal normal 500 normal>) = 10.145
2024-11-18 20:20:00,602 DEBUG:findfont: score(<Font 'Ebrima' (ebrima.ttf) normal normal 400 normal>) = 10.05
2024-11-18 20:20:00,602 DEBUG:findfont: score(<Font 'Verdana' (verdanai.ttf) italic normal 400 normal>) = 4.6863636363636365
2024-11-18 20:20:00,602 DEBUG:findfont: score(<Font 'Segoe UI' (segoeuib.ttf) normal normal 700 normal>) = 10.335
2024-11-18 20:20:00,602 DEBUG:findfont: score(<Font 'Palatino Linotype' (palab.ttf) normal normal 700 normal>) = 10.335
2024-11-18 20:20:00,602 DEBUG:findfont: score(<Font 'Arial' (ariali.ttf) italic normal 400 normal>) = 7.413636363636363
2024-11-18 20:20:00,602 DEBUG:findfont: score(<Font 'Segoe UI Emoji' (seguiemj.ttf) normal normal 400 normal>) = 10.05
2024-11-18 20:20:00,602 DEBUG:findfont: score(<Font 'Javanese Text' (javatext.ttf) normal normal 400 normal>) = 10.05
2024-11-18 20:20:00,602 DEBUG:findfont: score(<Font 'Leelawadee UI' (LeelUIsl.ttf) normal normal 350 normal>) = 10.0975
2024-11-18 20:20:00,602 DEBUG:findfont: score(<Font 'Segoe Script' (segoesc.ttf) normal normal 400 normal>) = 10.05
2024-11-18 20:20:00,602 DEBUG:findfont: score(<Font 'Georgia' (georgiab.ttf) normal normal 700 normal>) = 10.335
2024-11-18 20:20:00,602 DEBUG:findfont: score(<Font 'Corbel' (corbel.ttf) normal normal 400 normal>) = 10.05
2024-11-18 20:20:00,602 DEBUG:findfont: score(<Font 'UD Digi Kyokasho N-B' (UDDigiKyokashoN-B.ttc) normal normal 700 normal>) = 10.335
2024-11-18 20:20:00,602 DEBUG:findfont: score(<Font 'Sitka Small' (SitkaB.ttc) normal normal 700 normal>) = 10.335
2024-11-18 20:20:00,603 DEBUG:findfont: score(<Font 'Segoe Print' (segoepr.ttf) normal normal 400 normal>) = 10.05
2024-11-18 20:20:00,603 DEBUG:findfont: score(<Font 'Symbol' (symbol.ttf) normal normal 400 normal>) = 10.05
2024-11-18 20:20:00,603 DEBUG:findfont: score(<Font 'Arial' (arialbd.ttf) normal normal 700 normal>) = 6.698636363636363
2024-11-18 20:20:00,603 DEBUG:findfont: score(<Font 'Webdings' (webdings.ttf) normal normal 400 normal>) = 10.05
2024-11-18 20:20:00,603 DEBUG:findfont: score(<Font 'Candara' (Candarab.ttf) normal normal 700 normal>) = 10.335
2024-11-18 20:20:00,603 DEBUG:findfont: score(<Font 'Microsoft Himalaya' (himalaya.ttf) normal normal 400 normal>) = 10.05
2024-11-18 20:20:00,603 DEBUG:findfont: score(<Font 'HGMaruGothicMPRO' (HGRSMP.TTF) normal normal 400 normal>) = 10.05
2024-11-18 20:20:00,603 DEBUG:findfont: score(<Font 'Segoe UI' (segoeuil.ttf) normal normal 300 normal>) = 10.145
2024-11-18 20:20:00,603 DEBUG:findfont: score(<Font 'Lucida Console' (lucon.ttf) normal normal 400 normal>) = 10.05
2024-11-18 20:20:00,604 DEBUG:findfont: score(<Font 'Courier New' (courbi.ttf) italic normal 700 normal>) = 11.335
2024-11-18 20:20:00,604 DEBUG:findfont: score(<Font 'HGSoeiKakupoptai' (HGRPP1.TTC) normal normal 400 normal>) = 10.05
2024-11-18 20:20:00,604 DEBUG:findfont: score(<Font 'Arial' (ARIALNBI.TTF) italic normal 700 condensed>) = 7.8986363636363635
2024-11-18 20:20:00,604 DEBUG:findfont: score(<Font 'Arial' (arialbi.ttf) italic normal 700 normal>) = 7.698636363636363
2024-11-18 20:20:00,604 DEBUG:findfont: score(<Font 'HGSoeiPresenceEB' (HGRPRE.TTC) normal normal 400 normal>) = 10.05
2024-11-18 20:20:00,604 DEBUG:findfont: score(<Font 'Century Gothic' (GOTHICB.TTF) normal normal 700 normal>) = 10.335
2024-11-18 20:20:00,604 DEBUG:findfont: score(<Font 'HoloLens MDL2 Assets' (holomdl2.ttf) normal normal 400 normal>) = 10.05
2024-11-18 20:20:00,605 DEBUG:findfont: score(<Font 'Impact' (impact.ttf) normal normal 400 normal>) = 10.05
2024-11-18 20:20:00,605 DEBUG:findfont: score(<Font 'Georgia' (georgia.ttf) normal normal 400 normal>) = 10.05
2024-11-18 20:20:00,605 DEBUG:findfont: score(<Font 'Leelawadee UI' (LeelawUI.ttf) normal normal 400 normal>) = 10.05
2024-11-18 20:20:00,605 DEBUG:findfont: score(<Font 'Dubai' (DUBAI-LIGHT.TTF) normal normal 300 normal>) = 10.145
2024-11-18 20:20:00,605 DEBUG:findfont: score(<Font 'MV Boli' (mvboli.ttf) normal normal 400 normal>) = 10.05
2024-11-18 20:20:00,605 DEBUG:findfont: score(<Font 'Courier New' (couri.ttf) italic normal 400 normal>) = 11.05
2024-11-18 20:20:00,605 DEBUG:findfont: score(<Font 'Calibri' (calibriz.ttf) italic normal 700 normal>) = 11.335
2024-11-18 20:20:00,605 DEBUG:findfont: score(<Font 'Comic Sans MS' (comic.ttf) normal normal 400 normal>) = 10.05
2024-11-18 20:20:00,606 DEBUG:findfont: score(<Font 'Book Antiqua' (ANTQUABI.TTF) italic normal 700 normal>) = 11.335
2024-11-18 20:20:00,606 DEBUG:findfont: score(<Font 'Georgia' (georgiai.ttf) italic normal 400 normal>) = 11.05
2024-11-18 20:20:00,606 DEBUG:findfont: score(<Font 'Tahoma' (tahoma.ttf) normal normal 400 normal>) = 10.05
2024-11-18 20:20:00,606 DEBUG:findfont: score(<Font 'Segoe UI' (seguisli.ttf) italic normal 350 normal>) = 11.0975
2024-11-18 20:20:00,606 DEBUG:findfont: score(<Font 'Trebuchet MS' (trebucbd.ttf) normal normal 700 normal>) = 10.335
2024-11-18 20:20:00,606 DEBUG:findfont: score(<Font 'Mongolian Baiti' (monbaiti.ttf) normal normal 400 normal>) = 10.05
2024-11-18 20:20:00,606 DEBUG:findfont: score(<Font 'Palatino Linotype' (palabi.ttf) italic normal 700 normal>) = 11.335
2024-11-18 20:20:00,606 DEBUG:findfont: score(<Font 'Palatino Linotype' (pala.ttf) normal normal 400 normal>) = 10.05
2024-11-18 20:20:00,607 DEBUG:findfont: score(<Font 'Yu Gothic' (YuGothB.ttc) normal normal 700 normal>) = 10.335
2024-11-18 20:20:00,607 DEBUG:findfont: score(<Font 'Trebuchet MS' (trebucit.ttf) italic normal 400 normal>) = 11.05
2024-11-18 20:20:00,607 DEBUG:findfont: score(<Font 'Arial' (ARIALN.TTF) normal normal 400 condensed>) = 6.613636363636363
2024-11-18 20:20:00,607 DEBUG:findfont: score(<Font 'Sitka Small' (SitkaZ.ttc) italic normal 700 normal>) = 11.335
2024-11-18 20:20:00,607 DEBUG:findfont: score(<Font 'Comic Sans MS' (comicbd.ttf) normal normal 700 normal>) = 10.335
2024-11-18 20:20:00,607 DEBUG:findfont: score(<Font 'HGGothicE' (HGRGE.TTC) normal normal 400 normal>) = 10.05
2024-11-18 20:20:00,607 DEBUG:findfont: score(<Font 'Franklin Gothic Medium' (framdit.ttf) italic normal 400 normal>) = 11.05
2024-11-18 20:20:00,607 DEBUG:findfont: score(<Font 'Microsoft Tai Le' (taileb.ttf) normal normal 700 normal>) = 10.335
2024-11-18 20:20:00,607 DEBUG:findfont: score(<Font 'HGMinchoE' (HGRME.TTC) normal normal 400 normal>) = 10.05
2024-11-18 20:20:00,608 DEBUG:findfont: score(<Font 'Gabriola' (Gabriola.ttf) normal normal 400 normal>) = 10.05
2024-11-18 20:20:00,608 DEBUG:findfont: score(<Font 'SimSun-ExtB' (simsunb.ttf) normal normal 400 normal>) = 10.05
2024-11-18 20:20:00,608 DEBUG:findfont: score(<Font 'Arial' (ARIALNI.TTF) italic normal 400 condensed>) = 7.613636363636363
2024-11-18 20:20:00,608 DEBUG:findfont: score(<Font 'Segoe Print' (segoeprb.ttf) normal normal 700 normal>) = 10.335
2024-11-18 20:20:00,608 DEBUG:findfont: score(<Font 'Courier New' (courbd.ttf) normal normal 700 normal>) = 10.335
2024-11-18 20:20:00,608 DEBUG:findfont: score(<Font 'Corbel' (corbelz.ttf) italic normal 700 normal>) = 11.335
2024-11-18 20:20:00,608 DEBUG:findfont: score(<Font 'Yu Gothic' (YuGothR.ttc) normal normal 400 normal>) = 10.05
2024-11-18 20:20:00,608 DEBUG:findfont: score(<Font 'Microsoft PhagsPa' (phagspab.ttf) normal normal 700 normal>) = 10.335
2024-11-18 20:20:00,608 DEBUG:findfont: score(<Font 'Wingdings 2' (WINGDNG2.TTF) normal normal 400 normal>) = 10.05
2024-11-18 20:20:00,608 DEBUG:findfont: score(<Font 'Microsoft Yi Baiti' (msyi.ttf) normal normal 400 normal>) = 10.05
2024-11-18 20:20:00,608 DEBUG:findfont: score(<Font 'Arial' (arial.ttf) normal normal 400 normal>) = 6.413636363636363
2024-11-18 20:20:00,608 DEBUG:findfont: score(<Font 'Consolas' (consola.ttf) normal normal 400 normal>) = 10.05
2024-11-18 20:20:00,608 DEBUG:findfont: score(<Font 'Candara' (Candarali.ttf) italic normal 400 normal>) = 11.05
2024-11-18 20:20:00,608 DEBUG:findfont: score(<Font 'UD Digi Kyokasho N-R' (UDDigiKyokashoN-R.ttc) normal normal 400 normal>) = 10.05
2024-11-18 20:20:00,608 DEBUG:findfont: score(<Font 'BIZ UDMincho' (BIZ-UDMinchoM.ttc) normal normal 500 normal>) = 10.145
2024-11-18 20:20:00,608 DEBUG:findfont: score(<Font 'Meiryo' (meiryo.ttc) normal normal 400 normal>) = 10.05
2024-11-18 20:20:00,609 DEBUG:findfont: score(<Font 'Nirmala UI' (NirmalaS.ttf) normal normal 350 normal>) = 10.0975
2024-11-18 20:20:00,609 DEBUG:findfont: score(<Font 'Segoe UI' (seguili.ttf) italic normal 300 normal>) = 11.145
2024-11-18 20:20:00,609 DEBUG:findfont: score(<Font 'Candara' (Candaral.ttf) normal normal 400 normal>) = 10.05
2024-11-18 20:20:00,609 DEBUG:findfont: score(<Font 'Lucida Sans Unicode' (l_10646.ttf) normal normal 400 normal>) = 10.05
2024-11-18 20:20:00,609 DEBUG:findfont: score(<Font 'Candara' (Candarai.ttf) italic normal 400 normal>) = 11.05
2024-11-18 20:20:00,609 DEBUG:findfont: score(<Font 'Microsoft Uighur' (MSUIGHUB.TTF) normal normal 700 normal>) = 10.335
2024-11-18 20:20:00,609 DEBUG:findfont: score(<Font 'Calibri' (calibrili.ttf) italic normal 300 normal>) = 11.145
2024-11-18 20:20:00,609 DEBUG:findfont: score(<Font 'Tahoma' (tahomabd.ttf) normal normal 700 normal>) = 10.335
2024-11-18 20:20:00,609 DEBUG:findfont: score(<Font 'Constantia' (constanz.ttf) italic normal 700 normal>) = 11.335
2024-11-18 20:20:00,609 DEBUG:findfont: score(<Font 'Segoe MDL2 Assets' (segmdl2.ttf) normal normal 400 normal>) = 10.05
2024-11-18 20:20:00,609 DEBUG:findfont: score(<Font 'Meiryo' (meiryob.ttc) normal normal 700 normal>) = 10.335
2024-11-18 20:20:00,609 DEBUG:findfont: score(<Font 'Dubai' (DUBAI-BOLD.TTF) normal normal 700 normal>) = 10.335
2024-11-18 20:20:00,609 DEBUG:findfont: score(<Font 'Cambria' (cambriab.ttf) normal normal 700 normal>) = 10.335
2024-11-18 20:20:00,609 DEBUG:findfont: score(<Font 'Century' (CENTURY.TTF) normal normal 400 normal>) = 10.05
2024-11-18 20:20:00,609 DEBUG:findfont: score(<Font 'Microsoft JhengHei' (msjh.ttc) normal normal 400 normal>) = 10.05
2024-11-18 20:20:00,609 DEBUG:findfont: score(<Font 'Leelawadee UI' (LeelaUIb.ttf) normal normal 700 normal>) = 10.335
2024-11-18 20:20:00,610 DEBUG:findfont: score(<Font 'Malgun Gothic' (malgun.ttf) normal normal 400 normal>) = 10.05
2024-11-18 20:20:00,610 DEBUG:findfont: score(<Font 'Book Antiqua' (BKANT.TTF) normal normal 400 normal>) = 10.05
2024-11-18 20:20:00,610 DEBUG:findfont: score(<Font 'BIZ UDGothic' (BIZ-UDGothicB.ttc) normal normal 700 normal>) = 10.335
2024-11-18 20:20:00,610 DEBUG:findfont: score(<Font 'Myanmar Text' (mmrtextb.ttf) normal normal 700 normal>) = 10.335
2024-11-18 20:20:00,610 DEBUG:findfont: score(<Font 'Segoe UI' (segoeuisl.ttf) normal normal 350 normal>) = 10.0975
2024-11-18 20:20:00,610 DEBUG:findfont: score(<Font 'HGSeikaishotaiPRO' (HGRSKP.TTF) normal normal 400 normal>) = 10.05
2024-11-18 20:20:00,610 DEBUG:findfont: score(<Font 'Segoe UI' (seguisb.ttf) normal normal 600 normal>) = 10.24
2024-11-18 20:20:00,610 DEBUG:findfont: score(<Font 'Trebuchet MS' (trebucbi.ttf) italic normal 700 normal>) = 11.335
2024-11-18 20:20:00,610 DEBUG:findfont: score(<Font 'Microsoft YaHei' (msyhl.ttc) normal normal 290 normal>) = 10.1545
2024-11-18 20:20:00,610 DEBUG:findfont: score(<Font 'Microsoft Tai Le' (taile.ttf) normal normal 400 normal>) = 10.05
2024-11-18 20:20:00,610 DEBUG:findfont: score(<Font 'SimSun' (simsun.ttc) normal normal 400 normal>) = 10.05
2024-11-18 20:20:00,610 DEBUG:findfont: score(<Font 'Sitka Small' (Sitka.ttc) normal normal 400 normal>) = 10.05
2024-11-18 20:20:00,610 DEBUG:findfont: score(<Font 'Nirmala UI' (Nirmala.ttf) normal normal 400 normal>) = 10.05
2024-11-18 20:20:00,610 DEBUG:findfont: score(<Font 'Garamond' (GARABD.TTF) normal normal 700 normal>) = 10.335
2024-11-18 20:20:00,610 DEBUG:findfont: score(<Font 'Corbel' (corbelb.ttf) normal normal 700 normal>) = 10.335
2024-11-18 20:20:00,611 DEBUG:findfont: score(<Font 'Ink Free' (Inkfree.ttf) normal normal 400 normal>) = 10.05
2024-11-18 20:20:00,611 DEBUG:findfont: score(<Font 'Microsoft Sans Serif' (micross.ttf) normal normal 400 normal>) = 10.05
2024-11-18 20:20:00,611 DEBUG:findfont: score(<Font 'Garamond' (GARA.TTF) normal normal 400 normal>) = 10.05
2024-11-18 20:20:00,611 DEBUG:findfont: score(<Font 'MS Outlook' (OUTLOOK.TTF) normal normal 400 normal>) = 10.05
2024-11-18 20:20:00,611 DEBUG:findfont: score(<Font 'MingLiU-ExtB' (mingliub.ttc) normal normal 400 normal>) = 10.05
2024-11-18 20:20:00,611 DEBUG:findfont: score(<Font 'Bookman Old Style' (BOOKOSI.TTF) italic normal 300 normal>) = 11.145
2024-11-18 20:20:00,611 DEBUG:findfont: score(<Font 'Malgun Gothic' (malgunbd.ttf) normal normal 700 normal>) = 10.335
2024-11-18 20:20:00,611 DEBUG:findfont: score(<Font 'Palatino Linotype' (palai.ttf) italic normal 400 normal>) = 11.05
2024-11-18 20:20:00,611 DEBUG:findfont: score(<Font 'Gadugi' (gadugi.ttf) normal normal 400 normal>) = 10.05
2024-11-18 20:20:00,611 DEBUG:findfont: score(<Font 'Book Antiqua' (ANTQUAI.TTF) italic normal 400 normal>) = 11.05
2024-11-18 20:20:00,611 DEBUG:findfont: score(<Font 'Century Gothic' (GOTHIC.TTF) normal normal 400 normal>) = 10.05
2024-11-18 20:20:00,611 DEBUG:findfont: score(<Font 'Calibri' (calibri.ttf) normal normal 400 normal>) = 10.05
2024-11-18 20:20:00,611 DEBUG:findfont: score(<Font 'Bookman Old Style' (BOOKOSBI.TTF) italic normal 600 normal>) = 11.24
2024-11-18 20:20:00,611 DEBUG:findfont: score(<Font 'Century Gothic' (GOTHICI.TTF) italic normal 400 normal>) = 11.05
2024-11-18 20:20:00,611 DEBUG:findfont: score(<Font 'MS Reference Sans Serif' (REFSAN.TTF) normal normal 400 normal>) = 10.05
2024-11-18 20:20:00,611 DEBUG:findfont: score(<Font 'Sitka Small' (SitkaI.ttc) italic normal 400 normal>) = 11.05
2024-11-18 20:20:00,612 DEBUG:findfont: score(<Font 'Segoe UI' (seguibli.ttf) italic normal 900 normal>) = 11.525
2024-11-18 20:20:00,612 DEBUG:findfont: score(<Font 'Consolas' (consolab.ttf) normal normal 700 normal>) = 10.335
2024-11-18 20:20:00,612 DEBUG:findfont: score(<Font 'Yu Mincho' (yuminl.ttf) normal normal 300 normal>) = 10.145
2024-11-18 20:20:00,612 DEBUG:findfont: score(<Font 'Bookshelf Symbol 7' (BSSYM7.TTF) normal normal 400 normal>) = 10.05
2024-11-18 20:20:00,612 DEBUG:findfont: score(<Font 'Times New Roman' (timesbi.ttf) italic normal 700 normal>) = 11.335
2024-11-18 20:20:00,612 DEBUG:findfont: score(<Font 'Microsoft JhengHei' (msjhl.ttc) normal normal 290 normal>) = 10.1545
2024-11-18 20:20:00,612 DEBUG:findfont: score(<Font 'HGKyokashotai' (HGRKK.TTC) normal normal 400 normal>) = 10.05
2024-11-18 20:20:00,612 DEBUG:findfont: score(<Font 'Verdana' (verdanaz.ttf) italic normal 700 normal>) = 4.971363636363637
2024-11-18 20:20:00,612 DEBUG:findfont: score(<Font 'Arial' (ariblk.ttf) normal normal 900 normal>) = 6.888636363636364
2024-11-18 20:20:00,612 DEBUG:findfont: score(<Font 'MS Mincho' (msmincho.ttc) normal normal 400 normal>) = 10.05
2024-11-18 20:20:00,612 DEBUG:findfont: score(<Font 'Corbel' (corbell.ttf) normal normal 300 normal>) = 10.145
2024-11-18 20:20:00,612 DEBUG:findfont: score(<Font 'Georgia' (georgiaz.ttf) italic normal 700 normal>) = 11.335
2024-11-18 20:20:00,612 DEBUG:findfont: score(<Font 'Segoe UI' (segoeuiz.ttf) italic normal 700 normal>) = 11.335
2024-11-18 20:20:00,612 DEBUG:findfont: score(<Font 'Malgun Gothic' (malgunsl.ttf) normal normal 300 normal>) = 10.145
2024-11-18 20:20:00,612 DEBUG:findfont: Matching sans\-serif:style=normal:variant=normal:weight=normal:stretch=normal:size=10.0 to DejaVu Sans ('C:\\Users\\taiko\\anaconda3\\envs\\detectron2_env\\lib\\site-packages\\matplotlib\\mpl-data\\fonts\\ttf\\DejaVuSans.ttf') with score of 0.050000.
2024-11-18 20:20:00,667 DEBUG:findfont: Matching sans\-serif:style=normal:variant=normal:weight=normal:stretch=normal:size=12.0.
2024-11-18 20:20:00,667 DEBUG:findfont: score(<Font 'cmex10' (cmex10.ttf) normal normal 400 normal>) = 10.05
2024-11-18 20:20:00,667 DEBUG:findfont: score(<Font 'STIXSizeFourSym' (STIXSizFourSymBol.ttf) normal normal 700 normal>) = 10.335
2024-11-18 20:20:00,667 DEBUG:findfont: score(<Font 'DejaVu Serif' (DejaVuSerif-Bold.ttf) normal normal 700 normal>) = 10.335
2024-11-18 20:20:00,667 DEBUG:findfont: score(<Font 'STIXSizeThreeSym' (STIXSizThreeSymReg.ttf) normal normal 400 normal>) = 10.05
2024-11-18 20:20:00,667 DEBUG:findfont: score(<Font 'STIXSizeOneSym' (STIXSizOneSymBol.ttf) normal normal 700 normal>) = 10.335
2024-11-18 20:20:00,668 DEBUG:findfont: score(<Font 'STIXSizeFiveSym' (STIXSizFiveSymReg.ttf) normal normal 400 normal>) = 10.05
2024-11-18 20:20:00,668 DEBUG:findfont: score(<Font 'STIXNonUnicode' (STIXNonUni.ttf) normal normal 400 normal>) = 10.05
2024-11-18 20:20:00,668 DEBUG:findfont: score(<Font 'STIXNonUnicode' (STIXNonUniBolIta.ttf) italic normal 700 normal>) = 11.335
2024-11-18 20:20:00,668 DEBUG:findfont: score(<Font 'DejaVu Serif' (DejaVuSerif-BoldItalic.ttf) italic normal 700 normal>) = 11.335
2024-11-18 20:20:00,668 DEBUG:findfont: score(<Font 'STIXGeneral' (STIXGeneralBol.ttf) normal normal 700 normal>) = 10.335
2024-11-18 20:20:00,668 DEBUG:findfont: score(<Font 'cmsy10' (cmsy10.ttf) normal normal 400 normal>) = 10.05
2024-11-18 20:20:00,668 DEBUG:findfont: score(<Font 'cmb10' (cmb10.ttf) normal normal 400 normal>) = 10.05
2024-11-18 20:20:00,668 DEBUG:findfont: score(<Font 'STIXSizeTwoSym' (STIXSizTwoSymBol.ttf) normal normal 700 normal>) = 10.335
2024-11-18 20:20:00,668 DEBUG:findfont: score(<Font 'STIXSizeTwoSym' (STIXSizTwoSymReg.ttf) normal normal 400 normal>) = 10.05
2024-11-18 20:20:00,668 DEBUG:findfont: score(<Font 'DejaVu Sans Mono' (DejaVuSansMono.ttf) normal normal 400 normal>) = 10.05
2024-11-18 20:20:00,668 DEBUG:findfont: score(<Font 'DejaVu Sans' (DejaVuSans-BoldOblique.ttf) oblique normal 700 normal>) = 1.335
2024-11-18 20:20:00,668 DEBUG:findfont: score(<Font 'DejaVu Serif' (DejaVuSerif.ttf) normal normal 400 normal>) = 10.05
2024-11-18 20:20:00,668 DEBUG:findfont: score(<Font 'STIXGeneral' (STIXGeneralItalic.ttf) italic normal 400 normal>) = 11.05
2024-11-18 20:20:00,668 DEBUG:findfont: score(<Font 'STIXSizeFourSym' (STIXSizFourSymReg.ttf) normal normal 400 normal>) = 10.05
2024-11-18 20:20:00,668 DEBUG:findfont: score(<Font 'DejaVu Sans' (DejaVuSans-Oblique.ttf) oblique normal 400 normal>) = 1.05
2024-11-18 20:20:00,669 DEBUG:findfont: score(<Font 'STIXSizeThreeSym' (STIXSizThreeSymBol.ttf) normal normal 700 normal>) = 10.335
2024-11-18 20:20:00,669 DEBUG:findfont: score(<Font 'cmmi10' (cmmi10.ttf) normal normal 400 normal>) = 10.05
2024-11-18 20:20:00,669 DEBUG:findfont: score(<Font 'DejaVu Serif' (DejaVuSerif-Italic.ttf) italic normal 400 normal>) = 11.05
2024-11-18 20:20:00,669 DEBUG:findfont: score(<Font 'cmr10' (cmr10.ttf) normal normal 400 normal>) = 10.05
2024-11-18 20:20:00,669 DEBUG:findfont: score(<Font 'cmss10' (cmss10.ttf) normal normal 400 normal>) = 10.05
2024-11-18 20:20:00,669 DEBUG:findfont: score(<Font 'DejaVu Sans Display' (DejaVuSansDisplay.ttf) normal normal 400 normal>) = 10.05
2024-11-18 20:20:00,669 DEBUG:findfont: score(<Font 'STIXGeneral' (STIXGeneral.ttf) normal normal 400 normal>) = 10.05
2024-11-18 20:20:00,669 DEBUG:findfont: score(<Font 'STIXGeneral' (STIXGeneralBolIta.ttf) italic normal 700 normal>) = 11.335
2024-11-18 20:20:00,669 DEBUG:findfont: score(<Font 'DejaVu Serif Display' (DejaVuSerifDisplay.ttf) normal normal 400 normal>) = 10.05
2024-11-18 20:20:00,669 DEBUG:findfont: score(<Font 'DejaVu Sans Mono' (DejaVuSansMono-Oblique.ttf) oblique normal 400 normal>) = 11.05
2024-11-18 20:20:00,669 DEBUG:findfont: score(<Font 'DejaVu Sans' (DejaVuSans.ttf) normal normal 400 normal>) = 0.05
2024-11-18 20:20:00,669 DEBUG:findfont: score(<Font 'STIXNonUnicode' (STIXNonUniIta.ttf) italic normal 400 normal>) = 11.05
2024-11-18 20:20:00,669 DEBUG:findfont: score(<Font 'STIXSizeOneSym' (STIXSizOneSymReg.ttf) normal normal 400 normal>) = 10.05
2024-11-18 20:20:00,670 DEBUG:findfont: score(<Font 'cmtt10' (cmtt10.ttf) normal normal 400 normal>) = 10.05
2024-11-18 20:20:00,670 DEBUG:findfont: score(<Font 'DejaVu Sans Mono' (DejaVuSansMono-BoldOblique.ttf) oblique normal 700 normal>) = 11.335
2024-11-18 20:20:00,670 DEBUG:findfont: score(<Font 'STIXNonUnicode' (STIXNonUniBol.ttf) normal normal 700 normal>) = 10.335
2024-11-18 20:20:00,670 DEBUG:findfont: score(<Font 'DejaVu Sans' (DejaVuSans-Bold.ttf) normal normal 700 normal>) = 0.33499999999999996
2024-11-18 20:20:00,670 DEBUG:findfont: score(<Font 'DejaVu Sans Mono' (DejaVuSansMono-Bold.ttf) normal normal 700 normal>) = 10.335
2024-11-18 20:20:00,670 DEBUG:findfont: score(<Font 'Segoe UI' (segoeuii.ttf) italic normal 400 normal>) = 11.05
2024-11-18 20:20:00,670 DEBUG:findfont: score(<Font 'Yu Mincho' (yumindb.ttf) normal normal 600 normal>) = 10.24
2024-11-18 20:20:00,670 DEBUG:findfont: score(<Font 'Wingdings' (wingding.ttf) normal normal 400 normal>) = 10.05
2024-11-18 20:20:00,670 DEBUG:findfont: score(<Font 'HGGyoshotai' (HGRGY.TTC) normal normal 400 normal>) = 10.05
2024-11-18 20:20:00,670 DEBUG:findfont: score(<Font 'Century Gothic' (GOTHICBI.TTF) italic normal 700 normal>) = 11.335
2024-11-18 20:20:00,670 DEBUG:findfont: score(<Font 'BIZ UDGothic' (BIZ-UDGothicR.ttc) normal normal 400 normal>) = 10.05
2024-11-18 20:20:00,670 DEBUG:findfont: score(<Font 'Constantia' (constan.ttf) normal normal 400 normal>) = 10.05
2024-11-18 20:20:00,670 DEBUG:findfont: score(<Font 'Yu Mincho' (yumin.ttf) normal normal 400 normal>) = 10.05
2024-11-18 20:20:00,670 DEBUG:findfont: score(<Font 'Dubai' (DUBAI-REGULAR.TTF) normal normal 400 normal>) = 10.05
2024-11-18 20:20:00,670 DEBUG:findfont: score(<Font 'HGMinchoB' (HGRMB.TTC) normal normal 400 normal>) = 10.05
2024-11-18 20:20:00,670 DEBUG:findfont: score(<Font 'Consolas' (consolai.ttf) italic normal 400 normal>) = 11.05
2024-11-18 20:20:00,671 DEBUG:findfont: score(<Font 'Microsoft YaHei' (msyh.ttc) normal normal 400 normal>) = 10.05
2024-11-18 20:20:00,671 DEBUG:findfont: score(<Font 'Leelawadee' (LEELAWDB.TTF) normal normal 700 normal>) = 10.335
2024-11-18 20:20:00,671 DEBUG:findfont: score(<Font 'Microsoft YaHei' (msyhbd.ttc) normal normal 700 normal>) = 10.335
2024-11-18 20:20:00,671 DEBUG:findfont: score(<Font 'Calibri' (calibrii.ttf) italic normal 400 normal>) = 11.05
2024-11-18 20:20:00,671 DEBUG:findfont: score(<Font 'Cambria' (cambriai.ttf) italic normal 400 normal>) = 11.05
2024-11-18 20:20:00,671 DEBUG:findfont: score(<Font 'MS Reference Specialty' (REFSPCL.TTF) normal normal 400 normal>) = 10.05
2024-11-18 20:20:00,671 DEBUG:findfont: score(<Font 'Myanmar Text' (mmrtext.ttf) normal normal 400 normal>) = 10.05
2024-11-18 20:20:00,671 DEBUG:findfont: score(<Font 'HGSoeiKakugothicUB' (HGRSGU.TTC) normal normal 400 normal>) = 10.05
2024-11-18 20:20:00,671 DEBUG:findfont: score(<Font 'Verdana' (verdanab.ttf) normal normal 700 normal>) = 3.9713636363636367
2024-11-18 20:20:00,671 DEBUG:findfont: score(<Font 'Times New Roman' (times.ttf) normal normal 400 normal>) = 10.05
2024-11-18 20:20:00,671 DEBUG:findfont: score(<Font 'Consolas' (consolaz.ttf) italic normal 700 normal>) = 11.335
2024-11-18 20:20:00,671 DEBUG:findfont: score(<Font 'Corbel' (corbeli.ttf) italic normal 400 normal>) = 11.05
2024-11-18 20:20:00,671 DEBUG:findfont: score(<Font 'Bookman Old Style' (BOOKOSB.TTF) normal normal 600 normal>) = 10.24
2024-11-18 20:20:00,671 DEBUG:findfont: score(<Font 'Constantia' (constani.ttf) italic normal 400 normal>) = 11.05
2024-11-18 20:20:00,671 DEBUG:findfont: score(<Font 'Comic Sans MS' (comicz.ttf) italic normal 700 normal>) = 11.335
2024-11-18 20:20:00,672 DEBUG:findfont: score(<Font 'Microsoft New Tai Lue' (ntailub.ttf) normal normal 700 normal>) = 10.335
2024-11-18 20:20:00,672 DEBUG:findfont: score(<Font 'Garamond' (GARAIT.TTF) italic normal 400 normal>) = 11.05
2024-11-18 20:20:00,672 DEBUG:findfont: score(<Font 'Dubai' (DUBAI-MEDIUM.TTF) normal normal 500 normal>) = 10.145
2024-11-18 20:20:00,672 DEBUG:findfont: score(<Font 'Arial' (ARIALNB.TTF) normal normal 700 condensed>) = 6.8986363636363635
2024-11-18 20:20:00,672 DEBUG:findfont: score(<Font 'Yu Gothic' (YuGothL.ttc) normal normal 300 normal>) = 10.145
2024-11-18 20:20:00,672 DEBUG:findfont: score(<Font 'Cambria' (cambriaz.ttf) italic normal 700 normal>) = 11.335
2024-11-18 20:20:00,672 DEBUG:findfont: score(<Font 'Segoe UI Symbol' (seguisym.ttf) normal normal 400 normal>) = 10.05
2024-11-18 20:20:00,672 DEBUG:findfont: score(<Font 'MT Extra' (MTEXTRA.TTF) normal normal 400 normal>) = 10.05
2024-11-18 20:20:00,672 DEBUG:findfont: score(<Font 'Leelawadee' (LEELAWAD.TTF) normal normal 400 normal>) = 10.05
2024-11-18 20:20:00,672 DEBUG:findfont: score(<Font 'Segoe Script' (segoescb.ttf) normal normal 700 normal>) = 10.335
2024-11-18 20:20:00,672 DEBUG:findfont: score(<Font 'Times New Roman' (timesbd.ttf) normal normal 700 normal>) = 10.335
2024-11-18 20:20:00,672 DEBUG:findfont: score(<Font 'Microsoft JhengHei' (msjhbd.ttc) normal normal 700 normal>) = 10.335
2024-11-18 20:20:00,672 DEBUG:findfont: score(<Font 'Nirmala UI' (NirmalaB.ttf) normal normal 700 normal>) = 10.335
2024-11-18 20:20:00,672 DEBUG:findfont: score(<Font 'Segoe UI' (seguisbi.ttf) italic normal 600 normal>) = 11.24
2024-11-18 20:20:00,672 DEBUG:findfont: score(<Font 'Calibri' (calibrib.ttf) normal normal 700 normal>) = 10.335
2024-11-18 20:20:00,673 DEBUG:findfont: score(<Font 'Cambria' (cambria.ttc) normal normal 400 normal>) = 10.05
2024-11-18 20:20:00,673 DEBUG:findfont: score(<Font 'MS Gothic' (msgothic.ttc) normal normal 400 normal>) = 10.05
2024-11-18 20:20:00,673 DEBUG:findfont: score(<Font 'Bahnschrift' (bahnschrift.ttf) normal normal 400 normal>) = 10.05
2024-11-18 20:20:00,673 DEBUG:findfont: score(<Font 'Franklin Gothic Medium' (framd.ttf) normal normal 400 normal>) = 10.05
2024-11-18 20:20:00,673 DEBUG:findfont: score(<Font 'Microsoft Uighur' (MSUIGHUR.TTF) normal normal 400 normal>) = 10.05
2024-11-18 20:20:00,673 DEBUG:findfont: score(<Font 'Monotype Corsiva' (MTCORSVA.TTF) normal normal 400 normal>) = 10.05
2024-11-18 20:20:00,673 DEBUG:findfont: score(<Font 'HGGothicM' (HGRGM.TTC) normal normal 400 normal>) = 10.05
2024-11-18 20:20:00,673 DEBUG:findfont: score(<Font 'Calibri' (calibril.ttf) normal normal 300 normal>) = 10.145
2024-11-18 20:20:00,673 DEBUG:findfont: score(<Font 'Segoe UI' (seguibl.ttf) normal normal 900 normal>) = 10.525
2024-11-18 20:20:00,673 DEBUG:findfont: score(<Font 'Book Antiqua' (ANTQUAB.TTF) normal normal 700 normal>) = 10.335
2024-11-18 20:20:00,673 DEBUG:findfont: score(<Font 'Segoe UI Historic' (seguihis.ttf) normal normal 400 normal>) = 10.05
2024-11-18 20:20:00,673 DEBUG:findfont: score(<Font 'Times New Roman' (timesi.ttf) italic normal 400 normal>) = 11.05
2024-11-18 20:20:00,673 DEBUG:findfont: score(<Font 'Ebrima' (ebrimabd.ttf) normal normal 700 normal>) = 10.335
2024-11-18 20:20:00,673 DEBUG:findfont: score(<Font 'Comic Sans MS' (comici.ttf) italic normal 400 normal>) = 11.05
2024-11-18 20:20:00,673 DEBUG:findfont: score(<Font 'Microsoft PhagsPa' (phagspa.ttf) normal normal 400 normal>) = 10.05
2024-11-18 20:20:00,673 DEBUG:findfont: score(<Font 'Gadugi' (gadugib.ttf) normal normal 700 normal>) = 10.335
2024-11-18 20:20:00,674 DEBUG:findfont: score(<Font 'OCRB' (OCRB.TTF) normal normal 400 normal>) = 10.05
2024-11-18 20:20:00,674 DEBUG:findfont: score(<Font 'Verdana' (verdana.ttf) normal normal 400 normal>) = 3.6863636363636365
2024-11-18 20:20:00,674 DEBUG:findfont: score(<Font 'Bookman Old Style' (BOOKOS.TTF) normal normal 300 normal>) = 10.145
2024-11-18 20:20:00,674 DEBUG:findfont: score(<Font 'Wingdings 3' (WINGDNG3.TTF) normal normal 400 normal>) = 10.05
2024-11-18 20:20:00,674 DEBUG:findfont: score(<Font 'Microsoft New Tai Lue' (ntailu.ttf) normal normal 400 normal>) = 10.05
2024-11-18 20:20:00,674 DEBUG:findfont: score(<Font 'Marlett' (marlett.ttf) normal normal 500 normal>) = 10.145
2024-11-18 20:20:00,674 DEBUG:findfont: score(<Font 'Candara' (Candaraz.ttf) italic normal 700 normal>) = 11.335
2024-11-18 20:20:00,674 DEBUG:findfont: score(<Font 'Courier New' (cour.ttf) normal normal 400 normal>) = 10.05
2024-11-18 20:20:00,674 DEBUG:findfont: score(<Font 'Trebuchet MS' (trebuc.ttf) normal normal 400 normal>) = 10.05
2024-11-18 20:20:00,674 DEBUG:findfont: score(<Font 'Segoe UI' (segoeui.ttf) normal normal 400 normal>) = 10.05
2024-11-18 20:20:00,674 DEBUG:findfont: score(<Font 'Corbel' (corbelli.ttf) italic normal 300 normal>) = 11.145
2024-11-18 20:20:00,674 DEBUG:findfont: score(<Font 'Candara' (Candara.ttf) normal normal 400 normal>) = 10.05
2024-11-18 20:20:00,674 DEBUG:findfont: score(<Font 'Constantia' (constanb.ttf) normal normal 700 normal>) = 10.335
2024-11-18 20:20:00,674 DEBUG:findfont: score(<Font 'Sylfaen' (sylfaen.ttf) normal normal 400 normal>) = 10.05
2024-11-18 20:20:00,674 DEBUG:findfont: score(<Font 'Yu Gothic' (YuGothM.ttc) normal normal 500 normal>) = 10.145
2024-11-18 20:20:00,675 DEBUG:findfont: score(<Font 'Ebrima' (ebrima.ttf) normal normal 400 normal>) = 10.05
2024-11-18 20:20:00,675 DEBUG:findfont: score(<Font 'Verdana' (verdanai.ttf) italic normal 400 normal>) = 4.6863636363636365
2024-11-18 20:20:00,675 DEBUG:findfont: score(<Font 'Segoe UI' (segoeuib.ttf) normal normal 700 normal>) = 10.335
2024-11-18 20:20:00,675 DEBUG:findfont: score(<Font 'Palatino Linotype' (palab.ttf) normal normal 700 normal>) = 10.335
2024-11-18 20:20:00,675 DEBUG:findfont: score(<Font 'Arial' (ariali.ttf) italic normal 400 normal>) = 7.413636363636363
2024-11-18 20:20:00,675 DEBUG:findfont: score(<Font 'Segoe UI Emoji' (seguiemj.ttf) normal normal 400 normal>) = 10.05
2024-11-18 20:20:00,675 DEBUG:findfont: score(<Font 'Javanese Text' (javatext.ttf) normal normal 400 normal>) = 10.05
2024-11-18 20:20:00,675 DEBUG:findfont: score(<Font 'Leelawadee UI' (LeelUIsl.ttf) normal normal 350 normal>) = 10.0975
2024-11-18 20:20:00,675 DEBUG:findfont: score(<Font 'Segoe Script' (segoesc.ttf) normal normal 400 normal>) = 10.05
2024-11-18 20:20:00,676 DEBUG:findfont: score(<Font 'Georgia' (georgiab.ttf) normal normal 700 normal>) = 10.335
2024-11-18 20:20:00,676 DEBUG:findfont: score(<Font 'Corbel' (corbel.ttf) normal normal 400 normal>) = 10.05
2024-11-18 20:20:00,676 DEBUG:findfont: score(<Font 'UD Digi Kyokasho N-B' (UDDigiKyokashoN-B.ttc) normal normal 700 normal>) = 10.335
2024-11-18 20:20:00,676 DEBUG:findfont: score(<Font 'Sitka Small' (SitkaB.ttc) normal normal 700 normal>) = 10.335
2024-11-18 20:20:00,676 DEBUG:findfont: score(<Font 'Segoe Print' (segoepr.ttf) normal normal 400 normal>) = 10.05
2024-11-18 20:20:00,676 DEBUG:findfont: score(<Font 'Symbol' (symbol.ttf) normal normal 400 normal>) = 10.05
2024-11-18 20:20:00,676 DEBUG:findfont: score(<Font 'Arial' (arialbd.ttf) normal normal 700 normal>) = 6.698636363636363
2024-11-18 20:20:00,676 DEBUG:findfont: score(<Font 'Webdings' (webdings.ttf) normal normal 400 normal>) = 10.05
2024-11-18 20:20:00,676 DEBUG:findfont: score(<Font 'Candara' (Candarab.ttf) normal normal 700 normal>) = 10.335
2024-11-18 20:20:00,676 DEBUG:findfont: score(<Font 'Microsoft Himalaya' (himalaya.ttf) normal normal 400 normal>) = 10.05
2024-11-18 20:20:00,676 DEBUG:findfont: score(<Font 'HGMaruGothicMPRO' (HGRSMP.TTF) normal normal 400 normal>) = 10.05
2024-11-18 20:20:00,676 DEBUG:findfont: score(<Font 'Segoe UI' (segoeuil.ttf) normal normal 300 normal>) = 10.145
2024-11-18 20:20:00,676 DEBUG:findfont: score(<Font 'Lucida Console' (lucon.ttf) normal normal 400 normal>) = 10.05
2024-11-18 20:20:00,676 DEBUG:findfont: score(<Font 'Courier New' (courbi.ttf) italic normal 700 normal>) = 11.335
2024-11-18 20:20:00,676 DEBUG:findfont: score(<Font 'HGSoeiKakupoptai' (HGRPP1.TTC) normal normal 400 normal>) = 10.05
2024-11-18 20:20:00,677 DEBUG:findfont: score(<Font 'Arial' (ARIALNBI.TTF) italic normal 700 condensed>) = 7.8986363636363635
2024-11-18 20:20:00,677 DEBUG:findfont: score(<Font 'Arial' (arialbi.ttf) italic normal 700 normal>) = 7.698636363636363
2024-11-18 20:20:00,677 DEBUG:findfont: score(<Font 'HGSoeiPresenceEB' (HGRPRE.TTC) normal normal 400 normal>) = 10.05
2024-11-18 20:20:00,677 DEBUG:findfont: score(<Font 'Century Gothic' (GOTHICB.TTF) normal normal 700 normal>) = 10.335
2024-11-18 20:20:00,677 DEBUG:findfont: score(<Font 'HoloLens MDL2 Assets' (holomdl2.ttf) normal normal 400 normal>) = 10.05
2024-11-18 20:20:00,677 DEBUG:findfont: score(<Font 'Impact' (impact.ttf) normal normal 400 normal>) = 10.05
2024-11-18 20:20:00,677 DEBUG:findfont: score(<Font 'Georgia' (georgia.ttf) normal normal 400 normal>) = 10.05
2024-11-18 20:20:00,677 DEBUG:findfont: score(<Font 'Leelawadee UI' (LeelawUI.ttf) normal normal 400 normal>) = 10.05
2024-11-18 20:20:00,677 DEBUG:findfont: score(<Font 'Dubai' (DUBAI-LIGHT.TTF) normal normal 300 normal>) = 10.145
2024-11-18 20:20:00,677 DEBUG:findfont: score(<Font 'MV Boli' (mvboli.ttf) normal normal 400 normal>) = 10.05
2024-11-18 20:20:00,677 DEBUG:findfont: score(<Font 'Courier New' (couri.ttf) italic normal 400 normal>) = 11.05
2024-11-18 20:20:00,677 DEBUG:findfont: score(<Font 'Calibri' (calibriz.ttf) italic normal 700 normal>) = 11.335
2024-11-18 20:20:00,677 DEBUG:findfont: score(<Font 'Comic Sans MS' (comic.ttf) normal normal 400 normal>) = 10.05
2024-11-18 20:20:00,677 DEBUG:findfont: score(<Font 'Book Antiqua' (ANTQUABI.TTF) italic normal 700 normal>) = 11.335
2024-11-18 20:20:00,677 DEBUG:findfont: score(<Font 'Georgia' (georgiai.ttf) italic normal 400 normal>) = 11.05
2024-11-18 20:20:00,678 DEBUG:findfont: score(<Font 'Tahoma' (tahoma.ttf) normal normal 400 normal>) = 10.05
2024-11-18 20:20:00,678 DEBUG:findfont: score(<Font 'Segoe UI' (seguisli.ttf) italic normal 350 normal>) = 11.0975
2024-11-18 20:20:00,678 DEBUG:findfont: score(<Font 'Trebuchet MS' (trebucbd.ttf) normal normal 700 normal>) = 10.335
2024-11-18 20:20:00,678 DEBUG:findfont: score(<Font 'Mongolian Baiti' (monbaiti.ttf) normal normal 400 normal>) = 10.05
2024-11-18 20:20:00,678 DEBUG:findfont: score(<Font 'Palatino Linotype' (palabi.ttf) italic normal 700 normal>) = 11.335
2024-11-18 20:20:00,678 DEBUG:findfont: score(<Font 'Palatino Linotype' (pala.ttf) normal normal 400 normal>) = 10.05
2024-11-18 20:20:00,678 DEBUG:findfont: score(<Font 'Yu Gothic' (YuGothB.ttc) normal normal 700 normal>) = 10.335
2024-11-18 20:20:00,678 DEBUG:findfont: score(<Font 'Trebuchet MS' (trebucit.ttf) italic normal 400 normal>) = 11.05
2024-11-18 20:20:00,678 DEBUG:findfont: score(<Font 'Arial' (ARIALN.TTF) normal normal 400 condensed>) = 6.613636363636363
2024-11-18 20:20:00,678 DEBUG:findfont: score(<Font 'Sitka Small' (SitkaZ.ttc) italic normal 700 normal>) = 11.335
2024-11-18 20:20:00,678 DEBUG:findfont: score(<Font 'Comic Sans MS' (comicbd.ttf) normal normal 700 normal>) = 10.335
2024-11-18 20:20:00,678 DEBUG:findfont: score(<Font 'HGGothicE' (HGRGE.TTC) normal normal 400 normal>) = 10.05
2024-11-18 20:20:00,678 DEBUG:findfont: score(<Font 'Franklin Gothic Medium' (framdit.ttf) italic normal 400 normal>) = 11.05
2024-11-18 20:20:00,678 DEBUG:findfont: score(<Font 'Microsoft Tai Le' (taileb.ttf) normal normal 700 normal>) = 10.335
2024-11-18 20:20:00,678 DEBUG:findfont: score(<Font 'HGMinchoE' (HGRME.TTC) normal normal 400 normal>) = 10.05
2024-11-18 20:20:00,679 DEBUG:findfont: score(<Font 'Gabriola' (Gabriola.ttf) normal normal 400 normal>) = 10.05
2024-11-18 20:20:00,679 DEBUG:findfont: score(<Font 'SimSun-ExtB' (simsunb.ttf) normal normal 400 normal>) = 10.05
2024-11-18 20:20:00,679 DEBUG:findfont: score(<Font 'Arial' (ARIALNI.TTF) italic normal 400 condensed>) = 7.613636363636363
2024-11-18 20:20:00,679 DEBUG:findfont: score(<Font 'Segoe Print' (segoeprb.ttf) normal normal 700 normal>) = 10.335
2024-11-18 20:20:00,679 DEBUG:findfont: score(<Font 'Courier New' (courbd.ttf) normal normal 700 normal>) = 10.335
2024-11-18 20:20:00,679 DEBUG:findfont: score(<Font 'Corbel' (corbelz.ttf) italic normal 700 normal>) = 11.335
2024-11-18 20:20:00,679 DEBUG:findfont: score(<Font 'Yu Gothic' (YuGothR.ttc) normal normal 400 normal>) = 10.05
2024-11-18 20:20:00,679 DEBUG:findfont: score(<Font 'Microsoft PhagsPa' (phagspab.ttf) normal normal 700 normal>) = 10.335
2024-11-18 20:20:00,679 DEBUG:findfont: score(<Font 'Wingdings 2' (WINGDNG2.TTF) normal normal 400 normal>) = 10.05
2024-11-18 20:20:00,679 DEBUG:findfont: score(<Font 'Microsoft Yi Baiti' (msyi.ttf) normal normal 400 normal>) = 10.05
2024-11-18 20:20:00,679 DEBUG:findfont: score(<Font 'Arial' (arial.ttf) normal normal 400 normal>) = 6.413636363636363
2024-11-18 20:20:00,679 DEBUG:findfont: score(<Font 'Consolas' (consola.ttf) normal normal 400 normal>) = 10.05
2024-11-18 20:20:00,679 DEBUG:findfont: score(<Font 'Candara' (Candarali.ttf) italic normal 400 normal>) = 11.05
2024-11-18 20:20:00,679 DEBUG:findfont: score(<Font 'UD Digi Kyokasho N-R' (UDDigiKyokashoN-R.ttc) normal normal 400 normal>) = 10.05
2024-11-18 20:20:00,679 DEBUG:findfont: score(<Font 'BIZ UDMincho' (BIZ-UDMinchoM.ttc) normal normal 500 normal>) = 10.145
2024-11-18 20:20:00,680 DEBUG:findfont: score(<Font 'Meiryo' (meiryo.ttc) normal normal 400 normal>) = 10.05
2024-11-18 20:20:00,680 DEBUG:findfont: score(<Font 'Nirmala UI' (NirmalaS.ttf) normal normal 350 normal>) = 10.0975
2024-11-18 20:20:00,680 DEBUG:findfont: score(<Font 'Segoe UI' (seguili.ttf) italic normal 300 normal>) = 11.145
2024-11-18 20:20:00,680 DEBUG:findfont: score(<Font 'Candara' (Candaral.ttf) normal normal 400 normal>) = 10.05
2024-11-18 20:20:00,680 DEBUG:findfont: score(<Font 'Lucida Sans Unicode' (l_10646.ttf) normal normal 400 normal>) = 10.05
2024-11-18 20:20:00,680 DEBUG:findfont: score(<Font 'Candara' (Candarai.ttf) italic normal 400 normal>) = 11.05
2024-11-18 20:20:00,680 DEBUG:findfont: score(<Font 'Microsoft Uighur' (MSUIGHUB.TTF) normal normal 700 normal>) = 10.335
2024-11-18 20:20:00,680 DEBUG:findfont: score(<Font 'Calibri' (calibrili.ttf) italic normal 300 normal>) = 11.145
2024-11-18 20:20:00,680 DEBUG:findfont: score(<Font 'Tahoma' (tahomabd.ttf) normal normal 700 normal>) = 10.335
2024-11-18 20:20:00,680 DEBUG:findfont: score(<Font 'Constantia' (constanz.ttf) italic normal 700 normal>) = 11.335
2024-11-18 20:20:00,680 DEBUG:findfont: score(<Font 'Segoe MDL2 Assets' (segmdl2.ttf) normal normal 400 normal>) = 10.05
2024-11-18 20:20:00,680 DEBUG:findfont: score(<Font 'Meiryo' (meiryob.ttc) normal normal 700 normal>) = 10.335
2024-11-18 20:20:00,680 DEBUG:findfont: score(<Font 'Dubai' (DUBAI-BOLD.TTF) normal normal 700 normal>) = 10.335
2024-11-18 20:20:00,680 DEBUG:findfont: score(<Font 'Cambria' (cambriab.ttf) normal normal 700 normal>) = 10.335
2024-11-18 20:20:00,680 DEBUG:findfont: score(<Font 'Century' (CENTURY.TTF) normal normal 400 normal>) = 10.05
2024-11-18 20:20:00,681 DEBUG:findfont: score(<Font 'Microsoft JhengHei' (msjh.ttc) normal normal 400 normal>) = 10.05
2024-11-18 20:20:00,681 DEBUG:findfont: score(<Font 'Leelawadee UI' (LeelaUIb.ttf) normal normal 700 normal>) = 10.335
2024-11-18 20:20:00,681 DEBUG:findfont: score(<Font 'Malgun Gothic' (malgun.ttf) normal normal 400 normal>) = 10.05
2024-11-18 20:20:00,681 DEBUG:findfont: score(<Font 'Book Antiqua' (BKANT.TTF) normal normal 400 normal>) = 10.05
2024-11-18 20:20:00,681 DEBUG:findfont: score(<Font 'BIZ UDGothic' (BIZ-UDGothicB.ttc) normal normal 700 normal>) = 10.335
2024-11-18 20:20:00,681 DEBUG:findfont: score(<Font 'Myanmar Text' (mmrtextb.ttf) normal normal 700 normal>) = 10.335
2024-11-18 20:20:00,681 DEBUG:findfont: score(<Font 'Segoe UI' (segoeuisl.ttf) normal normal 350 normal>) = 10.0975
2024-11-18 20:20:00,681 DEBUG:findfont: score(<Font 'HGSeikaishotaiPRO' (HGRSKP.TTF) normal normal 400 normal>) = 10.05
2024-11-18 20:20:00,681 DEBUG:findfont: score(<Font 'Segoe UI' (seguisb.ttf) normal normal 600 normal>) = 10.24
2024-11-18 20:20:00,681 DEBUG:findfont: score(<Font 'Trebuchet MS' (trebucbi.ttf) italic normal 700 normal>) = 11.335
2024-11-18 20:20:00,681 DEBUG:findfont: score(<Font 'Microsoft YaHei' (msyhl.ttc) normal normal 290 normal>) = 10.1545
2024-11-18 20:20:00,681 DEBUG:findfont: score(<Font 'Microsoft Tai Le' (taile.ttf) normal normal 400 normal>) = 10.05
2024-11-18 20:20:00,681 DEBUG:findfont: score(<Font 'SimSun' (simsun.ttc) normal normal 400 normal>) = 10.05
2024-11-18 20:20:00,681 DEBUG:findfont: score(<Font 'Sitka Small' (Sitka.ttc) normal normal 400 normal>) = 10.05
2024-11-18 20:20:00,682 DEBUG:findfont: score(<Font 'Nirmala UI' (Nirmala.ttf) normal normal 400 normal>) = 10.05
2024-11-18 20:20:00,682 DEBUG:findfont: score(<Font 'Garamond' (GARABD.TTF) normal normal 700 normal>) = 10.335
2024-11-18 20:20:00,682 DEBUG:findfont: score(<Font 'Corbel' (corbelb.ttf) normal normal 700 normal>) = 10.335
2024-11-18 20:20:00,682 DEBUG:findfont: score(<Font 'Ink Free' (Inkfree.ttf) normal normal 400 normal>) = 10.05
2024-11-18 20:20:00,682 DEBUG:findfont: score(<Font 'Microsoft Sans Serif' (micross.ttf) normal normal 400 normal>) = 10.05
2024-11-18 20:20:00,682 DEBUG:findfont: score(<Font 'Garamond' (GARA.TTF) normal normal 400 normal>) = 10.05
2024-11-18 20:20:00,682 DEBUG:findfont: score(<Font 'MS Outlook' (OUTLOOK.TTF) normal normal 400 normal>) = 10.05
2024-11-18 20:20:00,682 DEBUG:findfont: score(<Font 'MingLiU-ExtB' (mingliub.ttc) normal normal 400 normal>) = 10.05
2024-11-18 20:20:00,682 DEBUG:findfont: score(<Font 'Bookman Old Style' (BOOKOSI.TTF) italic normal 300 normal>) = 11.145
2024-11-18 20:20:00,682 DEBUG:findfont: score(<Font 'Malgun Gothic' (malgunbd.ttf) normal normal 700 normal>) = 10.335
2024-11-18 20:20:00,682 DEBUG:findfont: score(<Font 'Palatino Linotype' (palai.ttf) italic normal 400 normal>) = 11.05
2024-11-18 20:20:00,683 DEBUG:findfont: score(<Font 'Gadugi' (gadugi.ttf) normal normal 400 normal>) = 10.05
2024-11-18 20:20:00,683 DEBUG:findfont: score(<Font 'Book Antiqua' (ANTQUAI.TTF) italic normal 400 normal>) = 11.05
2024-11-18 20:20:00,683 DEBUG:findfont: score(<Font 'Century Gothic' (GOTHIC.TTF) normal normal 400 normal>) = 10.05
2024-11-18 20:20:00,683 DEBUG:findfont: score(<Font 'Calibri' (calibri.ttf) normal normal 400 normal>) = 10.05
2024-11-18 20:20:00,683 DEBUG:findfont: score(<Font 'Bookman Old Style' (BOOKOSBI.TTF) italic normal 600 normal>) = 11.24
2024-11-18 20:20:00,683 DEBUG:findfont: score(<Font 'Century Gothic' (GOTHICI.TTF) italic normal 400 normal>) = 11.05
2024-11-18 20:20:00,683 DEBUG:findfont: score(<Font 'MS Reference Sans Serif' (REFSAN.TTF) normal normal 400 normal>) = 10.05
2024-11-18 20:20:00,683 DEBUG:findfont: score(<Font 'Sitka Small' (SitkaI.ttc) italic normal 400 normal>) = 11.05
2024-11-18 20:20:00,683 DEBUG:findfont: score(<Font 'Segoe UI' (seguibli.ttf) italic normal 900 normal>) = 11.525
2024-11-18 20:20:00,683 DEBUG:findfont: score(<Font 'Consolas' (consolab.ttf) normal normal 700 normal>) = 10.335
2024-11-18 20:20:00,684 DEBUG:findfont: score(<Font 'Yu Mincho' (yuminl.ttf) normal normal 300 normal>) = 10.145
2024-11-18 20:20:00,684 DEBUG:findfont: score(<Font 'Bookshelf Symbol 7' (BSSYM7.TTF) normal normal 400 normal>) = 10.05
2024-11-18 20:20:00,684 DEBUG:findfont: score(<Font 'Times New Roman' (timesbi.ttf) italic normal 700 normal>) = 11.335
2024-11-18 20:20:00,684 DEBUG:findfont: score(<Font 'Microsoft JhengHei' (msjhl.ttc) normal normal 290 normal>) = 10.1545
2024-11-18 20:20:00,684 DEBUG:findfont: score(<Font 'HGKyokashotai' (HGRKK.TTC) normal normal 400 normal>) = 10.05
2024-11-18 20:20:00,684 DEBUG:findfont: score(<Font 'Verdana' (verdanaz.ttf) italic normal 700 normal>) = 4.971363636363637
2024-11-18 20:20:00,684 DEBUG:findfont: score(<Font 'Arial' (ariblk.ttf) normal normal 900 normal>) = 6.888636363636364
2024-11-18 20:20:00,684 DEBUG:findfont: score(<Font 'MS Mincho' (msmincho.ttc) normal normal 400 normal>) = 10.05
2024-11-18 20:20:00,684 DEBUG:findfont: score(<Font 'Corbel' (corbell.ttf) normal normal 300 normal>) = 10.145
2024-11-18 20:20:00,684 DEBUG:findfont: score(<Font 'Georgia' (georgiaz.ttf) italic normal 700 normal>) = 11.335
2024-11-18 20:20:00,684 DEBUG:findfont: score(<Font 'Segoe UI' (segoeuiz.ttf) italic normal 700 normal>) = 11.335
2024-11-18 20:20:00,685 DEBUG:findfont: score(<Font 'Malgun Gothic' (malgunsl.ttf) normal normal 300 normal>) = 10.145
2024-11-18 20:20:00,685 DEBUG:findfont: Matching sans\-serif:style=normal:variant=normal:weight=normal:stretch=normal:size=12.0 to DejaVu Sans ('C:\\Users\\taiko\\anaconda3\\envs\\detectron2_env\\lib\\site-packages\\matplotlib\\mpl-data\\fonts\\ttf\\DejaVuSans.ttf') with score of 0.050000.
2024-11-18 20:20:04,308 INFO:Query Camera Positions: [[-2.64180621  2.42684185 -1.37847796]
 [-1.50548495  3.68812862  1.35101362]
 [ 1.16284879  2.1268851   3.54914576]]
2024-11-18 20:20:04,309 INFO:Train Camera Positions: [[-2.99963953 -0.22815258 -2.15282554]
 [-3.65616856 -0.1161693  -0.37704325]
 [-3.08455612  0.07918665  2.00199284]]
2024-11-18 20:20:06,523 INFO:Filtering outliers with threshold: 1e-05
2024-11-18 20:20:06,661 INFO:Filtering outliers with threshold: 1e-05
2024-11-18 20:20:06,927 INFO:Query Object Volume: 0.0027031099842395345
2024-11-18 20:20:06,927 INFO:Train Object Volume: 0.002605617706198777
2024-11-18 20:20:06,944 INFO:Query Object Volume Down: 0.0025837165769498783
2024-11-18 20:20:06,945 INFO:Train Object Volume Down: 0.0024805612095444253
2024-11-18 20:20:06,949 INFO:Estimated Pretreetment Rotation Matrix: [[ 0.31312871 -0.88763639 -0.33771593]
 [ 0.76205679  0.44704698 -0.46842122]
 [ 0.56676261 -0.11068259  0.81641258]]
2024-11-18 20:20:06,950 INFO:Estimated Pretreetment Translation Matrix: [-1.19666064 -0.03637423 -0.23491195]
2024-11-18 20:20:06,950 INFO:Estimated Pretreetment Scale: 0.6515502279165992
2024-11-18 20:20:17,859 INFO:Estimating Affine Matrix with CPD...
2024-11-18 20:20:30,402 INFO:Estimated B: [[ 8.96422558e-01 -3.49188635e-02  2.76952506e-01]
 [ 6.70763414e-02  1.02316083e+00 -6.55684995e-02]
 [-2.35715895e-01  1.56609976e-04  9.19324095e-01]]
2024-11-18 20:20:30,403 INFO:Estimated t: [ 0.00138526  0.01913572 -0.00718429]
2024-11-18 20:20:35,209 INFO:Transformed Query Object Volume: 0.0023553407055171673
2024-11-18 20:20:35,210 INFO:Train Object Volume: 0.002480561209544425
2024-11-18 20:20:42,324 INFO:Processed all images in Input
2024-11-18 20:20:43,727 INFO:Model merged is written.
2024-11-18 20:20:43,727 INFO:Model Merged: merged
2024-11-18 20:20:43,728 INFO:Model Merged
2024-11-18 20:20:43,824 DEBUG:Starting new HTTPS connection (1): hooks.slack.com:443
2024-11-18 20:20:44,519 DEBUG:https://hooks.slack.com:443 "POST /services/T07E6GGAV42/B07EVB20A7J/MbGu1qjLUbGBcXK3spDTzmiF HTTP/1.1" 200 6
