2024-10-14 18:57:44,467 INFO:Model BOX-A is read.
2024-10-14 18:57:47,162 INFO:Model BOX-C is read.
2024-10-14 18:57:47,432 INFO:Estimated Affine Matrix: [[ 0.0578856  -0.3109354   0.49887512]
 [ 0.12643133 -0.46260432  0.38962434]
 [-0.01422813 -0.29569604  0.26972511]
 [-0.089866   -0.43957602  0.11941152]
 [-0.1895585  -0.42781377  0.21521748]
 [ 0.04668511 -0.49783436  0.27101719]
 [-0.22746263 -0.34207045  0.16233591]
 [-0.10081876 -0.25914614  0.0678723 ]
 [-0.08539949 -0.08880739  0.30371373]
 [ 0.09074728 -0.37294508  0.09044034]
 [ 0.08042218 -0.08149645  0.16203854]
 [-0.20554314 -0.40650482  0.3154203 ]
 [-0.21098934 -0.26284938  0.39228897]
 [-0.23746501 -0.26903537  0.23748364]
 [-0.13295467 -0.38053052  0.48781453]
 [-0.08855586 -0.45502028  0.36405482]
 [-0.03966241 -0.49985246  0.19327499]
 [ 0.0808247  -0.11775134  0.48321997]
 [-0.22481954 -0.36926955  0.39097556]
 [ 0.20877233 -0.2883012   0.16822283]
 [ 0.21203492 -0.37937066  0.25956702]
 [-0.01639298 -1.55240312  0.33335326]
 [-0.01780593 -0.39722214  0.4642645 ]
 [ 0.05993254 -0.10151495  0.31778187]
 [-0.15334382 -0.33616535  0.0782147 ]
 [-0.26112666 -0.28685568  0.33624548]
 [-0.13722312 -0.1850789   0.10422972]
 [-0.15317365 -0.40829148  0.450289  ]
 [ 0.03311658 -0.11395799  0.18377049]
 [ 0.03280846 -0.26561106  0.05451247]
 [-0.06988429 -0.10658172  0.17396226]
 [ 0.14564765 -0.18912465  0.40316223]
 [ 0.12985137 -0.44333745  0.18406947]
 [ 0.14629791 -0.42296585  0.38253779]
 [-0.16294045 -0.29423902  0.47725069]
 [-0.03092821 -0.34953671  0.05032979]
 [ 0.0040665  -0.14480479  0.11593877]
 [ 0.09303597 -0.49741657  0.34373461]
 [ 0.13398661 -0.14876947  0.22462612]
 [ 0.00585664 -0.41028886  0.13393962]
 [-0.00920313 -0.21856423  0.48296505]
 [ 0.17357282 -0.31118264  0.44038804]
 [ 0.19634074 -0.22459734  0.28032469]
 [-0.14703365 -0.18380209  0.46358883]
 [-0.11376415 -0.48245543  0.24715217]
 [-0.00635335 -0.40108059  0.0841664 ]
 [-0.04823479 -0.12784486  0.39326739]
 [ 0.0963253  -0.17735597  0.12336478]
 [ 0.22557859 -0.31048016  0.32658139]
 [-0.19636474 -0.1862621   0.18648367]
 [-0.11269259 -0.26181805  0.4780124 ]
 [-0.15130444 -0.12604407  0.25213973]
 [ 0.06317413 -0.42935814  0.51783064]
 [-0.1653233  -0.1842031   0.35182316]
 [-0.11243937 -0.24979835  0.50838435]
 [-0.02881831 -0.07119939  0.2616359 ]
 [ 0.18584489 -0.22115411  0.49180293]
 [ 0.13776882 -0.7311663   0.28733309]
 [ 0.00553799 -0.07762156  0.44854516]
 [ 0.12778673 -0.16255139  0.44999688]
 [ 0.18854825 -0.28101048  0.07066788]
 [ 0.10491867 -0.26214312 -0.03494666]]
2024-10-14 18:57:47,905 DEBUG:findfont: Matching sans\-serif:style=normal:variant=normal:weight=normal:stretch=normal:size=10.0.
2024-10-14 18:57:47,906 DEBUG:findfont: score(<Font 'cmex10' (cmex10.ttf) normal normal 400 normal>) = 10.05
2024-10-14 18:57:47,906 DEBUG:findfont: score(<Font 'STIXSizeFourSym' (STIXSizFourSymBol.ttf) normal normal 700 normal>) = 10.335
2024-10-14 18:57:47,906 DEBUG:findfont: score(<Font 'DejaVu Serif' (DejaVuSerif-Bold.ttf) normal normal 700 normal>) = 10.335
2024-10-14 18:57:47,906 DEBUG:findfont: score(<Font 'STIXSizeThreeSym' (STIXSizThreeSymReg.ttf) normal normal 400 normal>) = 10.05
2024-10-14 18:57:47,906 DEBUG:findfont: score(<Font 'STIXSizeOneSym' (STIXSizOneSymBol.ttf) normal normal 700 normal>) = 10.335
2024-10-14 18:57:47,907 DEBUG:findfont: score(<Font 'STIXSizeFiveSym' (STIXSizFiveSymReg.ttf) normal normal 400 normal>) = 10.05
2024-10-14 18:57:47,907 DEBUG:findfont: score(<Font 'STIXNonUnicode' (STIXNonUni.ttf) normal normal 400 normal>) = 10.05
2024-10-14 18:57:47,907 DEBUG:findfont: score(<Font 'STIXNonUnicode' (STIXNonUniBolIta.ttf) italic normal 700 normal>) = 11.335
2024-10-14 18:57:47,907 DEBUG:findfont: score(<Font 'DejaVu Serif' (DejaVuSerif-BoldItalic.ttf) italic normal 700 normal>) = 11.335
2024-10-14 18:57:47,907 DEBUG:findfont: score(<Font 'STIXGeneral' (STIXGeneralBol.ttf) normal normal 700 normal>) = 10.335
2024-10-14 18:57:47,907 DEBUG:findfont: score(<Font 'cmsy10' (cmsy10.ttf) normal normal 400 normal>) = 10.05
2024-10-14 18:57:47,908 DEBUG:findfont: score(<Font 'cmb10' (cmb10.ttf) normal normal 400 normal>) = 10.05
2024-10-14 18:57:47,908 DEBUG:findfont: score(<Font 'STIXSizeTwoSym' (STIXSizTwoSymBol.ttf) normal normal 700 normal>) = 10.335
2024-10-14 18:57:47,908 DEBUG:findfont: score(<Font 'STIXSizeTwoSym' (STIXSizTwoSymReg.ttf) normal normal 400 normal>) = 10.05
2024-10-14 18:57:47,908 DEBUG:findfont: score(<Font 'DejaVu Sans Mono' (DejaVuSansMono.ttf) normal normal 400 normal>) = 10.05
2024-10-14 18:57:47,908 DEBUG:findfont: score(<Font 'DejaVu Sans' (DejaVuSans-BoldOblique.ttf) oblique normal 700 normal>) = 1.335
2024-10-14 18:57:47,908 DEBUG:findfont: score(<Font 'DejaVu Serif' (DejaVuSerif.ttf) normal normal 400 normal>) = 10.05
2024-10-14 18:57:47,908 DEBUG:findfont: score(<Font 'STIXGeneral' (STIXGeneralItalic.ttf) italic normal 400 normal>) = 11.05
2024-10-14 18:57:47,908 DEBUG:findfont: score(<Font 'STIXSizeFourSym' (STIXSizFourSymReg.ttf) normal normal 400 normal>) = 10.05
2024-10-14 18:57:47,908 DEBUG:findfont: score(<Font 'DejaVu Sans' (DejaVuSans-Oblique.ttf) oblique normal 400 normal>) = 1.05
2024-10-14 18:57:47,908 DEBUG:findfont: score(<Font 'STIXSizeThreeSym' (STIXSizThreeSymBol.ttf) normal normal 700 normal>) = 10.335
2024-10-14 18:57:47,908 DEBUG:findfont: score(<Font 'cmmi10' (cmmi10.ttf) normal normal 400 normal>) = 10.05
2024-10-14 18:57:47,908 DEBUG:findfont: score(<Font 'DejaVu Serif' (DejaVuSerif-Italic.ttf) italic normal 400 normal>) = 11.05
2024-10-14 18:57:47,909 DEBUG:findfont: score(<Font 'cmr10' (cmr10.ttf) normal normal 400 normal>) = 10.05
2024-10-14 18:57:47,909 DEBUG:findfont: score(<Font 'cmss10' (cmss10.ttf) normal normal 400 normal>) = 10.05
2024-10-14 18:57:47,909 DEBUG:findfont: score(<Font 'DejaVu Sans Display' (DejaVuSansDisplay.ttf) normal normal 400 normal>) = 10.05
2024-10-14 18:57:47,909 DEBUG:findfont: score(<Font 'STIXGeneral' (STIXGeneral.ttf) normal normal 400 normal>) = 10.05
2024-10-14 18:57:47,909 DEBUG:findfont: score(<Font 'STIXGeneral' (STIXGeneralBolIta.ttf) italic normal 700 normal>) = 11.335
2024-10-14 18:57:47,909 DEBUG:findfont: score(<Font 'DejaVu Serif Display' (DejaVuSerifDisplay.ttf) normal normal 400 normal>) = 10.05
2024-10-14 18:57:47,909 DEBUG:findfont: score(<Font 'DejaVu Sans Mono' (DejaVuSansMono-Oblique.ttf) oblique normal 400 normal>) = 11.05
2024-10-14 18:57:47,909 DEBUG:findfont: score(<Font 'DejaVu Sans' (DejaVuSans.ttf) normal normal 400 normal>) = 0.05
2024-10-14 18:57:47,909 DEBUG:findfont: score(<Font 'STIXNonUnicode' (STIXNonUniIta.ttf) italic normal 400 normal>) = 11.05
2024-10-14 18:57:47,909 DEBUG:findfont: score(<Font 'STIXSizeOneSym' (STIXSizOneSymReg.ttf) normal normal 400 normal>) = 10.05
2024-10-14 18:57:47,909 DEBUG:findfont: score(<Font 'cmtt10' (cmtt10.ttf) normal normal 400 normal>) = 10.05
2024-10-14 18:57:47,910 DEBUG:findfont: score(<Font 'DejaVu Sans Mono' (DejaVuSansMono-BoldOblique.ttf) oblique normal 700 normal>) = 11.335
2024-10-14 18:57:47,910 DEBUG:findfont: score(<Font 'STIXNonUnicode' (STIXNonUniBol.ttf) normal normal 700 normal>) = 10.335
2024-10-14 18:57:47,910 DEBUG:findfont: score(<Font 'DejaVu Sans' (DejaVuSans-Bold.ttf) normal normal 700 normal>) = 0.33499999999999996
2024-10-14 18:57:47,910 DEBUG:findfont: score(<Font 'DejaVu Sans Mono' (DejaVuSansMono-Bold.ttf) normal normal 700 normal>) = 10.335
2024-10-14 18:57:47,910 DEBUG:findfont: score(<Font 'Segoe UI' (segoeuii.ttf) italic normal 400 normal>) = 11.05
2024-10-14 18:57:47,910 DEBUG:findfont: score(<Font 'Yu Mincho' (yumindb.ttf) normal normal 600 normal>) = 10.24
2024-10-14 18:57:47,910 DEBUG:findfont: score(<Font 'Wingdings' (wingding.ttf) normal normal 400 normal>) = 10.05
2024-10-14 18:57:47,910 DEBUG:findfont: score(<Font 'HGGyoshotai' (HGRGY.TTC) normal normal 400 normal>) = 10.05
2024-10-14 18:57:47,910 DEBUG:findfont: score(<Font 'Century Gothic' (GOTHICBI.TTF) italic normal 700 normal>) = 11.335
2024-10-14 18:57:47,910 DEBUG:findfont: score(<Font 'BIZ UDGothic' (BIZ-UDGothicR.ttc) normal normal 400 normal>) = 10.05
2024-10-14 18:57:47,910 DEBUG:findfont: score(<Font 'Constantia' (constan.ttf) normal normal 400 normal>) = 10.05
2024-10-14 18:57:47,910 DEBUG:findfont: score(<Font 'Yu Mincho' (yumin.ttf) normal normal 400 normal>) = 10.05
2024-10-14 18:57:47,910 DEBUG:findfont: score(<Font 'Dubai' (DUBAI-REGULAR.TTF) normal normal 400 normal>) = 10.05
2024-10-14 18:57:47,910 DEBUG:findfont: score(<Font 'HGMinchoB' (HGRMB.TTC) normal normal 400 normal>) = 10.05
2024-10-14 18:57:47,911 DEBUG:findfont: score(<Font 'Consolas' (consolai.ttf) italic normal 400 normal>) = 11.05
2024-10-14 18:57:47,911 DEBUG:findfont: score(<Font 'Microsoft YaHei' (msyh.ttc) normal normal 400 normal>) = 10.05
2024-10-14 18:57:47,911 DEBUG:findfont: score(<Font 'Leelawadee' (LEELAWDB.TTF) normal normal 700 normal>) = 10.335
2024-10-14 18:57:47,911 DEBUG:findfont: score(<Font 'Microsoft YaHei' (msyhbd.ttc) normal normal 700 normal>) = 10.335
2024-10-14 18:57:47,911 DEBUG:findfont: score(<Font 'Calibri' (calibrii.ttf) italic normal 400 normal>) = 11.05
2024-10-14 18:57:47,911 DEBUG:findfont: score(<Font 'Cambria' (cambriai.ttf) italic normal 400 normal>) = 11.05
2024-10-14 18:57:47,911 DEBUG:findfont: score(<Font 'MS Reference Specialty' (REFSPCL.TTF) normal normal 400 normal>) = 10.05
2024-10-14 18:57:47,911 DEBUG:findfont: score(<Font 'Myanmar Text' (mmrtext.ttf) normal normal 400 normal>) = 10.05
2024-10-14 18:57:47,911 DEBUG:findfont: score(<Font 'HGSoeiKakugothicUB' (HGRSGU.TTC) normal normal 400 normal>) = 10.05
2024-10-14 18:57:47,911 DEBUG:findfont: score(<Font 'Verdana' (verdanab.ttf) normal normal 700 normal>) = 3.9713636363636367
2024-10-14 18:57:47,911 DEBUG:findfont: score(<Font 'Times New Roman' (times.ttf) normal normal 400 normal>) = 10.05
2024-10-14 18:57:47,911 DEBUG:findfont: score(<Font 'Consolas' (consolaz.ttf) italic normal 700 normal>) = 11.335
2024-10-14 18:57:47,911 DEBUG:findfont: score(<Font 'Corbel' (corbeli.ttf) italic normal 400 normal>) = 11.05
2024-10-14 18:57:47,911 DEBUG:findfont: score(<Font 'Bookman Old Style' (BOOKOSB.TTF) normal normal 600 normal>) = 10.24
2024-10-14 18:57:47,912 DEBUG:findfont: score(<Font 'Constantia' (constani.ttf) italic normal 400 normal>) = 11.05
2024-10-14 18:57:47,912 DEBUG:findfont: score(<Font 'Comic Sans MS' (comicz.ttf) italic normal 700 normal>) = 11.335
2024-10-14 18:57:47,912 DEBUG:findfont: score(<Font 'Microsoft New Tai Lue' (ntailub.ttf) normal normal 700 normal>) = 10.335
2024-10-14 18:57:47,912 DEBUG:findfont: score(<Font 'Garamond' (GARAIT.TTF) italic normal 400 normal>) = 11.05
2024-10-14 18:57:47,912 DEBUG:findfont: score(<Font 'Dubai' (DUBAI-MEDIUM.TTF) normal normal 500 normal>) = 10.145
2024-10-14 18:57:47,912 DEBUG:findfont: score(<Font 'Arial' (ARIALNB.TTF) normal normal 700 condensed>) = 6.8986363636363635
2024-10-14 18:57:47,912 DEBUG:findfont: score(<Font 'Yu Gothic' (YuGothL.ttc) normal normal 300 normal>) = 10.145
2024-10-14 18:57:47,912 DEBUG:findfont: score(<Font 'Cambria' (cambriaz.ttf) italic normal 700 normal>) = 11.335
2024-10-14 18:57:47,912 DEBUG:findfont: score(<Font 'Segoe UI Symbol' (seguisym.ttf) normal normal 400 normal>) = 10.05
2024-10-14 18:57:47,912 DEBUG:findfont: score(<Font 'MT Extra' (MTEXTRA.TTF) normal normal 400 normal>) = 10.05
2024-10-14 18:57:47,912 DEBUG:findfont: score(<Font 'Leelawadee' (LEELAWAD.TTF) normal normal 400 normal>) = 10.05
2024-10-14 18:57:47,912 DEBUG:findfont: score(<Font 'Segoe Script' (segoescb.ttf) normal normal 700 normal>) = 10.335
2024-10-14 18:57:47,912 DEBUG:findfont: score(<Font 'Times New Roman' (timesbd.ttf) normal normal 700 normal>) = 10.335
2024-10-14 18:57:47,912 DEBUG:findfont: score(<Font 'Microsoft JhengHei' (msjhbd.ttc) normal normal 700 normal>) = 10.335
2024-10-14 18:57:47,913 DEBUG:findfont: score(<Font 'Nirmala UI' (NirmalaB.ttf) normal normal 700 normal>) = 10.335
2024-10-14 18:57:47,913 DEBUG:findfont: score(<Font 'Segoe UI' (seguisbi.ttf) italic normal 600 normal>) = 11.24
2024-10-14 18:57:47,913 DEBUG:findfont: score(<Font 'Calibri' (calibrib.ttf) normal normal 700 normal>) = 10.335
2024-10-14 18:57:47,913 DEBUG:findfont: score(<Font 'Cambria' (cambria.ttc) normal normal 400 normal>) = 10.05
2024-10-14 18:57:47,913 DEBUG:findfont: score(<Font 'MS Gothic' (msgothic.ttc) normal normal 400 normal>) = 10.05
2024-10-14 18:57:47,913 DEBUG:findfont: score(<Font 'Bahnschrift' (bahnschrift.ttf) normal normal 400 normal>) = 10.05
2024-10-14 18:57:47,913 DEBUG:findfont: score(<Font 'Franklin Gothic Medium' (framd.ttf) normal normal 400 normal>) = 10.05
2024-10-14 18:57:47,913 DEBUG:findfont: score(<Font 'Microsoft Uighur' (MSUIGHUR.TTF) normal normal 400 normal>) = 10.05
2024-10-14 18:57:47,913 DEBUG:findfont: score(<Font 'Monotype Corsiva' (MTCORSVA.TTF) normal normal 400 normal>) = 10.05
2024-10-14 18:57:47,913 DEBUG:findfont: score(<Font 'HGGothicM' (HGRGM.TTC) normal normal 400 normal>) = 10.05
2024-10-14 18:57:47,913 DEBUG:findfont: score(<Font 'Calibri' (calibril.ttf) normal normal 300 normal>) = 10.145
2024-10-14 18:57:47,913 DEBUG:findfont: score(<Font 'Segoe UI' (seguibl.ttf) normal normal 900 normal>) = 10.525
2024-10-14 18:57:47,913 DEBUG:findfont: score(<Font 'Book Antiqua' (ANTQUAB.TTF) normal normal 700 normal>) = 10.335
2024-10-14 18:57:47,913 DEBUG:findfont: score(<Font 'Segoe UI Historic' (seguihis.ttf) normal normal 400 normal>) = 10.05
2024-10-14 18:57:47,914 DEBUG:findfont: score(<Font 'Times New Roman' (timesi.ttf) italic normal 400 normal>) = 11.05
2024-10-14 18:57:47,914 DEBUG:findfont: score(<Font 'Ebrima' (ebrimabd.ttf) normal normal 700 normal>) = 10.335
2024-10-14 18:57:47,914 DEBUG:findfont: score(<Font 'Comic Sans MS' (comici.ttf) italic normal 400 normal>) = 11.05
2024-10-14 18:57:47,914 DEBUG:findfont: score(<Font 'Microsoft PhagsPa' (phagspa.ttf) normal normal 400 normal>) = 10.05
2024-10-14 18:57:47,914 DEBUG:findfont: score(<Font 'Gadugi' (gadugib.ttf) normal normal 700 normal>) = 10.335
2024-10-14 18:57:47,914 DEBUG:findfont: score(<Font 'OCRB' (OCRB.TTF) normal normal 400 normal>) = 10.05
2024-10-14 18:57:47,914 DEBUG:findfont: score(<Font 'Verdana' (verdana.ttf) normal normal 400 normal>) = 3.6863636363636365
2024-10-14 18:57:47,914 DEBUG:findfont: score(<Font 'Bookman Old Style' (BOOKOS.TTF) normal normal 300 normal>) = 10.145
2024-10-14 18:57:47,914 DEBUG:findfont: score(<Font 'Wingdings 3' (WINGDNG3.TTF) normal normal 400 normal>) = 10.05
2024-10-14 18:57:47,914 DEBUG:findfont: score(<Font 'Microsoft New Tai Lue' (ntailu.ttf) normal normal 400 normal>) = 10.05
2024-10-14 18:57:47,914 DEBUG:findfont: score(<Font 'Marlett' (marlett.ttf) normal normal 500 normal>) = 10.145
2024-10-14 18:57:47,914 DEBUG:findfont: score(<Font 'Candara' (Candaraz.ttf) italic normal 700 normal>) = 11.335
2024-10-14 18:57:47,914 DEBUG:findfont: score(<Font 'Courier New' (cour.ttf) normal normal 400 normal>) = 10.05
2024-10-14 18:57:47,914 DEBUG:findfont: score(<Font 'Trebuchet MS' (trebuc.ttf) normal normal 400 normal>) = 10.05
2024-10-14 18:57:47,915 DEBUG:findfont: score(<Font 'Segoe UI' (segoeui.ttf) normal normal 400 normal>) = 10.05
2024-10-14 18:57:47,915 DEBUG:findfont: score(<Font 'Corbel' (corbelli.ttf) italic normal 300 normal>) = 11.145
2024-10-14 18:57:47,915 DEBUG:findfont: score(<Font 'Candara' (Candara.ttf) normal normal 400 normal>) = 10.05
2024-10-14 18:57:47,915 DEBUG:findfont: score(<Font 'Constantia' (constanb.ttf) normal normal 700 normal>) = 10.335
2024-10-14 18:57:47,915 DEBUG:findfont: score(<Font 'Sylfaen' (sylfaen.ttf) normal normal 400 normal>) = 10.05
2024-10-14 18:57:47,915 DEBUG:findfont: score(<Font 'Yu Gothic' (YuGothM.ttc) normal normal 500 normal>) = 10.145
2024-10-14 18:57:47,915 DEBUG:findfont: score(<Font 'Ebrima' (ebrima.ttf) normal normal 400 normal>) = 10.05
2024-10-14 18:57:47,915 DEBUG:findfont: score(<Font 'Verdana' (verdanai.ttf) italic normal 400 normal>) = 4.6863636363636365
2024-10-14 18:57:47,915 DEBUG:findfont: score(<Font 'Segoe UI' (segoeuib.ttf) normal normal 700 normal>) = 10.335
2024-10-14 18:57:47,915 DEBUG:findfont: score(<Font 'Palatino Linotype' (palab.ttf) normal normal 700 normal>) = 10.335
2024-10-14 18:57:47,915 DEBUG:findfont: score(<Font 'Arial' (ariali.ttf) italic normal 400 normal>) = 7.413636363636363
2024-10-14 18:57:47,915 DEBUG:findfont: score(<Font 'Segoe UI Emoji' (seguiemj.ttf) normal normal 400 normal>) = 10.05
2024-10-14 18:57:47,915 DEBUG:findfont: score(<Font 'Javanese Text' (javatext.ttf) normal normal 400 normal>) = 10.05
2024-10-14 18:57:47,916 DEBUG:findfont: score(<Font 'Leelawadee UI' (LeelUIsl.ttf) normal normal 350 normal>) = 10.0975
2024-10-14 18:57:47,916 DEBUG:findfont: score(<Font 'Segoe Script' (segoesc.ttf) normal normal 400 normal>) = 10.05
2024-10-14 18:57:47,916 DEBUG:findfont: score(<Font 'Georgia' (georgiab.ttf) normal normal 700 normal>) = 10.335
2024-10-14 18:57:47,916 DEBUG:findfont: score(<Font 'Corbel' (corbel.ttf) normal normal 400 normal>) = 10.05
2024-10-14 18:57:47,916 DEBUG:findfont: score(<Font 'UD Digi Kyokasho N-B' (UDDigiKyokashoN-B.ttc) normal normal 700 normal>) = 10.335
2024-10-14 18:57:47,916 DEBUG:findfont: score(<Font 'Sitka Small' (SitkaB.ttc) normal normal 700 normal>) = 10.335
2024-10-14 18:57:47,916 DEBUG:findfont: score(<Font 'Segoe Print' (segoepr.ttf) normal normal 400 normal>) = 10.05
2024-10-14 18:57:47,916 DEBUG:findfont: score(<Font 'Symbol' (symbol.ttf) normal normal 400 normal>) = 10.05
2024-10-14 18:57:47,916 DEBUG:findfont: score(<Font 'Arial' (arialbd.ttf) normal normal 700 normal>) = 6.698636363636363
2024-10-14 18:57:47,916 DEBUG:findfont: score(<Font 'Webdings' (webdings.ttf) normal normal 400 normal>) = 10.05
2024-10-14 18:57:47,916 DEBUG:findfont: score(<Font 'Candara' (Candarab.ttf) normal normal 700 normal>) = 10.335
2024-10-14 18:57:47,916 DEBUG:findfont: score(<Font 'Microsoft Himalaya' (himalaya.ttf) normal normal 400 normal>) = 10.05
2024-10-14 18:57:47,916 DEBUG:findfont: score(<Font 'HGMaruGothicMPRO' (HGRSMP.TTF) normal normal 400 normal>) = 10.05
2024-10-14 18:57:47,916 DEBUG:findfont: score(<Font 'Segoe UI' (segoeuil.ttf) normal normal 300 normal>) = 10.145
2024-10-14 18:57:47,917 DEBUG:findfont: score(<Font 'Lucida Console' (lucon.ttf) normal normal 400 normal>) = 10.05
2024-10-14 18:57:47,917 DEBUG:findfont: score(<Font 'Courier New' (courbi.ttf) italic normal 700 normal>) = 11.335
2024-10-14 18:57:47,917 DEBUG:findfont: score(<Font 'HGSoeiKakupoptai' (HGRPP1.TTC) normal normal 400 normal>) = 10.05
2024-10-14 18:57:47,917 DEBUG:findfont: score(<Font 'Arial' (ARIALNBI.TTF) italic normal 700 condensed>) = 7.8986363636363635
2024-10-14 18:57:47,917 DEBUG:findfont: score(<Font 'Arial' (arialbi.ttf) italic normal 700 normal>) = 7.698636363636363
2024-10-14 18:57:47,917 DEBUG:findfont: score(<Font 'HGSoeiPresenceEB' (HGRPRE.TTC) normal normal 400 normal>) = 10.05
2024-10-14 18:57:47,917 DEBUG:findfont: score(<Font 'Century Gothic' (GOTHICB.TTF) normal normal 700 normal>) = 10.335
2024-10-14 18:57:47,917 DEBUG:findfont: score(<Font 'HoloLens MDL2 Assets' (holomdl2.ttf) normal normal 400 normal>) = 10.05
2024-10-14 18:57:47,917 DEBUG:findfont: score(<Font 'Impact' (impact.ttf) normal normal 400 normal>) = 10.05
2024-10-14 18:57:47,917 DEBUG:findfont: score(<Font 'Georgia' (georgia.ttf) normal normal 400 normal>) = 10.05
2024-10-14 18:57:47,917 DEBUG:findfont: score(<Font 'Leelawadee UI' (LeelawUI.ttf) normal normal 400 normal>) = 10.05
2024-10-14 18:57:47,917 DEBUG:findfont: score(<Font 'Dubai' (DUBAI-LIGHT.TTF) normal normal 300 normal>) = 10.145
2024-10-14 18:57:47,917 DEBUG:findfont: score(<Font 'MV Boli' (mvboli.ttf) normal normal 400 normal>) = 10.05
2024-10-14 18:57:47,918 DEBUG:findfont: score(<Font 'Courier New' (couri.ttf) italic normal 400 normal>) = 11.05
2024-10-14 18:57:47,918 DEBUG:findfont: score(<Font 'Calibri' (calibriz.ttf) italic normal 700 normal>) = 11.335
2024-10-14 18:57:47,918 DEBUG:findfont: score(<Font 'Comic Sans MS' (comic.ttf) normal normal 400 normal>) = 10.05
2024-10-14 18:57:47,918 DEBUG:findfont: score(<Font 'Book Antiqua' (ANTQUABI.TTF) italic normal 700 normal>) = 11.335
2024-10-14 18:57:47,918 DEBUG:findfont: score(<Font 'Georgia' (georgiai.ttf) italic normal 400 normal>) = 11.05
2024-10-14 18:57:47,918 DEBUG:findfont: score(<Font 'Tahoma' (tahoma.ttf) normal normal 400 normal>) = 10.05
2024-10-14 18:57:47,918 DEBUG:findfont: score(<Font 'Segoe UI' (seguisli.ttf) italic normal 350 normal>) = 11.0975
2024-10-14 18:57:47,918 DEBUG:findfont: score(<Font 'Trebuchet MS' (trebucbd.ttf) normal normal 700 normal>) = 10.335
2024-10-14 18:57:47,918 DEBUG:findfont: score(<Font 'Mongolian Baiti' (monbaiti.ttf) normal normal 400 normal>) = 10.05
2024-10-14 18:57:47,918 DEBUG:findfont: score(<Font 'Palatino Linotype' (palabi.ttf) italic normal 700 normal>) = 11.335
2024-10-14 18:57:47,918 DEBUG:findfont: score(<Font 'Palatino Linotype' (pala.ttf) normal normal 400 normal>) = 10.05
2024-10-14 18:57:47,918 DEBUG:findfont: score(<Font 'Yu Gothic' (YuGothB.ttc) normal normal 700 normal>) = 10.335
2024-10-14 18:57:47,918 DEBUG:findfont: score(<Font 'Trebuchet MS' (trebucit.ttf) italic normal 400 normal>) = 11.05
2024-10-14 18:57:47,918 DEBUG:findfont: score(<Font 'Arial' (ARIALN.TTF) normal normal 400 condensed>) = 6.613636363636363
2024-10-14 18:57:47,919 DEBUG:findfont: score(<Font 'Sitka Small' (SitkaZ.ttc) italic normal 700 normal>) = 11.335
2024-10-14 18:57:47,919 DEBUG:findfont: score(<Font 'Comic Sans MS' (comicbd.ttf) normal normal 700 normal>) = 10.335
2024-10-14 18:57:47,919 DEBUG:findfont: score(<Font 'HGGothicE' (HGRGE.TTC) normal normal 400 normal>) = 10.05
2024-10-14 18:57:47,919 DEBUG:findfont: score(<Font 'Franklin Gothic Medium' (framdit.ttf) italic normal 400 normal>) = 11.05
2024-10-14 18:57:47,919 DEBUG:findfont: score(<Font 'Microsoft Tai Le' (taileb.ttf) normal normal 700 normal>) = 10.335
2024-10-14 18:57:47,919 DEBUG:findfont: score(<Font 'HGMinchoE' (HGRME.TTC) normal normal 400 normal>) = 10.05
2024-10-14 18:57:47,919 DEBUG:findfont: score(<Font 'Gabriola' (Gabriola.ttf) normal normal 400 normal>) = 10.05
2024-10-14 18:57:47,919 DEBUG:findfont: score(<Font 'SimSun-ExtB' (simsunb.ttf) normal normal 400 normal>) = 10.05
2024-10-14 18:57:47,919 DEBUG:findfont: score(<Font 'Arial' (ARIALNI.TTF) italic normal 400 condensed>) = 7.613636363636363
2024-10-14 18:57:47,919 DEBUG:findfont: score(<Font 'Segoe Print' (segoeprb.ttf) normal normal 700 normal>) = 10.335
2024-10-14 18:57:47,919 DEBUG:findfont: score(<Font 'Courier New' (courbd.ttf) normal normal 700 normal>) = 10.335
2024-10-14 18:57:47,919 DEBUG:findfont: score(<Font 'Corbel' (corbelz.ttf) italic normal 700 normal>) = 11.335
2024-10-14 18:57:47,919 DEBUG:findfont: score(<Font 'Yu Gothic' (YuGothR.ttc) normal normal 400 normal>) = 10.05
2024-10-14 18:57:47,919 DEBUG:findfont: score(<Font 'Microsoft PhagsPa' (phagspab.ttf) normal normal 700 normal>) = 10.335
2024-10-14 18:57:47,920 DEBUG:findfont: score(<Font 'Wingdings 2' (WINGDNG2.TTF) normal normal 400 normal>) = 10.05
2024-10-14 18:57:47,920 DEBUG:findfont: score(<Font 'Microsoft Yi Baiti' (msyi.ttf) normal normal 400 normal>) = 10.05
2024-10-14 18:57:47,920 DEBUG:findfont: score(<Font 'Arial' (arial.ttf) normal normal 400 normal>) = 6.413636363636363
2024-10-14 18:57:47,920 DEBUG:findfont: score(<Font 'Consolas' (consola.ttf) normal normal 400 normal>) = 10.05
2024-10-14 18:57:47,920 DEBUG:findfont: score(<Font 'Candara' (Candarali.ttf) italic normal 400 normal>) = 11.05
2024-10-14 18:57:47,920 DEBUG:findfont: score(<Font 'UD Digi Kyokasho N-R' (UDDigiKyokashoN-R.ttc) normal normal 400 normal>) = 10.05
2024-10-14 18:57:47,920 DEBUG:findfont: score(<Font 'BIZ UDMincho' (BIZ-UDMinchoM.ttc) normal normal 500 normal>) = 10.145
2024-10-14 18:57:47,920 DEBUG:findfont: score(<Font 'Meiryo' (meiryo.ttc) normal normal 400 normal>) = 10.05
2024-10-14 18:57:47,920 DEBUG:findfont: score(<Font 'Nirmala UI' (NirmalaS.ttf) normal normal 350 normal>) = 10.0975
2024-10-14 18:57:47,920 DEBUG:findfont: score(<Font 'Segoe UI' (seguili.ttf) italic normal 300 normal>) = 11.145
2024-10-14 18:57:47,920 DEBUG:findfont: score(<Font 'Candara' (Candaral.ttf) normal normal 400 normal>) = 10.05
2024-10-14 18:57:47,920 DEBUG:findfont: score(<Font 'Lucida Sans Unicode' (l_10646.ttf) normal normal 400 normal>) = 10.05
2024-10-14 18:57:47,921 DEBUG:findfont: score(<Font 'Candara' (Candarai.ttf) italic normal 400 normal>) = 11.05
2024-10-14 18:57:47,921 DEBUG:findfont: score(<Font 'Microsoft Uighur' (MSUIGHUB.TTF) normal normal 700 normal>) = 10.335
2024-10-14 18:57:47,921 DEBUG:findfont: score(<Font 'Calibri' (calibrili.ttf) italic normal 300 normal>) = 11.145
2024-10-14 18:57:47,921 DEBUG:findfont: score(<Font 'Tahoma' (tahomabd.ttf) normal normal 700 normal>) = 10.335
2024-10-14 18:57:47,921 DEBUG:findfont: score(<Font 'Constantia' (constanz.ttf) italic normal 700 normal>) = 11.335
2024-10-14 18:57:47,921 DEBUG:findfont: score(<Font 'Segoe MDL2 Assets' (segmdl2.ttf) normal normal 400 normal>) = 10.05
2024-10-14 18:57:47,922 DEBUG:findfont: score(<Font 'Meiryo' (meiryob.ttc) normal normal 700 normal>) = 10.335
2024-10-14 18:57:47,922 DEBUG:findfont: score(<Font 'Dubai' (DUBAI-BOLD.TTF) normal normal 700 normal>) = 10.335
2024-10-14 18:57:47,922 DEBUG:findfont: score(<Font 'Cambria' (cambriab.ttf) normal normal 700 normal>) = 10.335
2024-10-14 18:57:47,922 DEBUG:findfont: score(<Font 'Century' (CENTURY.TTF) normal normal 400 normal>) = 10.05
2024-10-14 18:57:47,922 DEBUG:findfont: score(<Font 'Microsoft JhengHei' (msjh.ttc) normal normal 400 normal>) = 10.05
2024-10-14 18:57:47,922 DEBUG:findfont: score(<Font 'Leelawadee UI' (LeelaUIb.ttf) normal normal 700 normal>) = 10.335
2024-10-14 18:57:47,923 DEBUG:findfont: score(<Font 'Malgun Gothic' (malgun.ttf) normal normal 400 normal>) = 10.05
2024-10-14 18:57:47,923 DEBUG:findfont: score(<Font 'Book Antiqua' (BKANT.TTF) normal normal 400 normal>) = 10.05
2024-10-14 18:57:47,923 DEBUG:findfont: score(<Font 'BIZ UDGothic' (BIZ-UDGothicB.ttc) normal normal 700 normal>) = 10.335
2024-10-14 18:57:47,923 DEBUG:findfont: score(<Font 'Myanmar Text' (mmrtextb.ttf) normal normal 700 normal>) = 10.335
2024-10-14 18:57:47,923 DEBUG:findfont: score(<Font 'Segoe UI' (segoeuisl.ttf) normal normal 350 normal>) = 10.0975
2024-10-14 18:57:47,923 DEBUG:findfont: score(<Font 'HGSeikaishotaiPRO' (HGRSKP.TTF) normal normal 400 normal>) = 10.05
2024-10-14 18:57:47,924 DEBUG:findfont: score(<Font 'Segoe UI' (seguisb.ttf) normal normal 600 normal>) = 10.24
2024-10-14 18:57:47,924 DEBUG:findfont: score(<Font 'Trebuchet MS' (trebucbi.ttf) italic normal 700 normal>) = 11.335
2024-10-14 18:57:47,924 DEBUG:findfont: score(<Font 'Microsoft YaHei' (msyhl.ttc) normal normal 290 normal>) = 10.1545
2024-10-14 18:57:47,924 DEBUG:findfont: score(<Font 'Microsoft Tai Le' (taile.ttf) normal normal 400 normal>) = 10.05
2024-10-14 18:57:47,924 DEBUG:findfont: score(<Font 'SimSun' (simsun.ttc) normal normal 400 normal>) = 10.05
2024-10-14 18:57:47,924 DEBUG:findfont: score(<Font 'Sitka Small' (Sitka.ttc) normal normal 400 normal>) = 10.05
2024-10-14 18:57:47,925 DEBUG:findfont: score(<Font 'Nirmala UI' (Nirmala.ttf) normal normal 400 normal>) = 10.05
2024-10-14 18:57:47,925 DEBUG:findfont: score(<Font 'Garamond' (GARABD.TTF) normal normal 700 normal>) = 10.335
2024-10-14 18:57:47,925 DEBUG:findfont: score(<Font 'Corbel' (corbelb.ttf) normal normal 700 normal>) = 10.335
2024-10-14 18:57:47,925 DEBUG:findfont: score(<Font 'Ink Free' (Inkfree.ttf) normal normal 400 normal>) = 10.05
2024-10-14 18:57:47,925 DEBUG:findfont: score(<Font 'Microsoft Sans Serif' (micross.ttf) normal normal 400 normal>) = 10.05
2024-10-14 18:57:47,925 DEBUG:findfont: score(<Font 'Garamond' (GARA.TTF) normal normal 400 normal>) = 10.05
2024-10-14 18:57:47,925 DEBUG:findfont: score(<Font 'MS Outlook' (OUTLOOK.TTF) normal normal 400 normal>) = 10.05
2024-10-14 18:57:47,925 DEBUG:findfont: score(<Font 'MingLiU-ExtB' (mingliub.ttc) normal normal 400 normal>) = 10.05
2024-10-14 18:57:47,926 DEBUG:findfont: score(<Font 'Bookman Old Style' (BOOKOSI.TTF) italic normal 300 normal>) = 11.145
2024-10-14 18:57:47,926 DEBUG:findfont: score(<Font 'Malgun Gothic' (malgunbd.ttf) normal normal 700 normal>) = 10.335
2024-10-14 18:57:47,926 DEBUG:findfont: score(<Font 'Palatino Linotype' (palai.ttf) italic normal 400 normal>) = 11.05
2024-10-14 18:57:47,926 DEBUG:findfont: score(<Font 'Gadugi' (gadugi.ttf) normal normal 400 normal>) = 10.05
2024-10-14 18:57:47,926 DEBUG:findfont: score(<Font 'Book Antiqua' (ANTQUAI.TTF) italic normal 400 normal>) = 11.05
2024-10-14 18:57:47,926 DEBUG:findfont: score(<Font 'Century Gothic' (GOTHIC.TTF) normal normal 400 normal>) = 10.05
2024-10-14 18:57:47,926 DEBUG:findfont: score(<Font 'Calibri' (calibri.ttf) normal normal 400 normal>) = 10.05
2024-10-14 18:57:47,926 DEBUG:findfont: score(<Font 'Bookman Old Style' (BOOKOSBI.TTF) italic normal 600 normal>) = 11.24
2024-10-14 18:57:47,927 DEBUG:findfont: score(<Font 'Century Gothic' (GOTHICI.TTF) italic normal 400 normal>) = 11.05
2024-10-14 18:57:47,927 DEBUG:findfont: score(<Font 'MS Reference Sans Serif' (REFSAN.TTF) normal normal 400 normal>) = 10.05
2024-10-14 18:57:47,927 DEBUG:findfont: score(<Font 'Sitka Small' (SitkaI.ttc) italic normal 400 normal>) = 11.05
2024-10-14 18:57:47,927 DEBUG:findfont: score(<Font 'Segoe UI' (seguibli.ttf) italic normal 900 normal>) = 11.525
2024-10-14 18:57:47,927 DEBUG:findfont: score(<Font 'Consolas' (consolab.ttf) normal normal 700 normal>) = 10.335
2024-10-14 18:57:47,927 DEBUG:findfont: score(<Font 'Yu Mincho' (yuminl.ttf) normal normal 300 normal>) = 10.145
2024-10-14 18:57:47,927 DEBUG:findfont: score(<Font 'Bookshelf Symbol 7' (BSSYM7.TTF) normal normal 400 normal>) = 10.05
2024-10-14 18:57:47,927 DEBUG:findfont: score(<Font 'Times New Roman' (timesbi.ttf) italic normal 700 normal>) = 11.335
2024-10-14 18:57:47,928 DEBUG:findfont: score(<Font 'Microsoft JhengHei' (msjhl.ttc) normal normal 290 normal>) = 10.1545
2024-10-14 18:57:47,928 DEBUG:findfont: score(<Font 'HGKyokashotai' (HGRKK.TTC) normal normal 400 normal>) = 10.05
2024-10-14 18:57:47,928 DEBUG:findfont: score(<Font 'Verdana' (verdanaz.ttf) italic normal 700 normal>) = 4.971363636363637
2024-10-14 18:57:47,928 DEBUG:findfont: score(<Font 'Arial' (ariblk.ttf) normal normal 900 normal>) = 6.888636363636364
2024-10-14 18:57:47,928 DEBUG:findfont: score(<Font 'MS Mincho' (msmincho.ttc) normal normal 400 normal>) = 10.05
2024-10-14 18:57:47,928 DEBUG:findfont: score(<Font 'Corbel' (corbell.ttf) normal normal 300 normal>) = 10.145
2024-10-14 18:57:47,928 DEBUG:findfont: score(<Font 'Georgia' (georgiaz.ttf) italic normal 700 normal>) = 11.335
2024-10-14 18:57:47,928 DEBUG:findfont: score(<Font 'Segoe UI' (segoeuiz.ttf) italic normal 700 normal>) = 11.335
2024-10-14 18:57:47,928 DEBUG:findfont: score(<Font 'Malgun Gothic' (malgunsl.ttf) normal normal 300 normal>) = 10.145
2024-10-14 18:57:47,929 DEBUG:findfont: Matching sans\-serif:style=normal:variant=normal:weight=normal:stretch=normal:size=10.0 to DejaVu Sans ('C:\\Users\\taiko\\anaconda3\\envs\\detectron2_env\\lib\\site-packages\\matplotlib\\mpl-data\\fonts\\ttf\\DejaVuSans.ttf') with score of 0.050000.
2024-10-14 18:57:54,563 DEBUG:Starting new HTTPS connection (1): hooks.slack.com:443
2024-10-14 18:57:55,213 DEBUG:https://hooks.slack.com:443 "POST /services/T07E6GGAV42/B07EVB20A7J/MbGu1qjLUbGBcXK3spDTzmiF HTTP/1.1" 200 6
