2024-11-25 14:12:47,931 INFO:Model BOX-A is read.
2024-11-25 14:12:48,218 INFO:Model pole-18-8-24 is read.
2024-11-25 14:12:48,774 INFO:Filtering outliers with threshold: 1e-05
2024-11-25 14:12:48,881 INFO:Filtering outliers with threshold: 1e-05
2024-11-25 14:12:49,155 INFO:Query Object Volume: 0.002681213046519368
2024-11-25 14:12:49,155 INFO:Train Object Volume: 0.002599223004727042
2024-11-25 14:12:49,171 INFO:Query Object Volume Down: 0.002567093466150822
2024-11-25 14:12:49,171 INFO:Train Object Volume Down: 0.0024730296100630308
2024-11-25 14:12:49,175 INFO:Estimated Pretreetment Rotation Matrix: [[ 0.31305695 -0.88772762 -0.33754263]
 [ 0.76210577  0.44689141 -0.46848997]
 [ 0.56673639 -0.11057915  0.8164448 ]]
2024-11-25 14:12:49,177 INFO:Estimated Pretreetment Translation Matrix: [-1.19742968 -0.03577367 -0.23521949]
2024-11-25 14:12:49,177 INFO:Estimated Pretreetment Scale: 0.6513600120294354
2024-11-25 14:12:49,984 INFO:Estimating Affine Matrix with CPD...
2024-11-25 14:13:01,499 INFO:Estimated R: [[ 0.95506866 -0.05348338  0.2915191 ]
 [ 0.05266671  0.99855531  0.01065384]
 [-0.29166775  0.0051782   0.95650568]]
2024-11-25 14:13:01,499 INFO:Estimated t: [ 0.00091605  0.0176174  -0.00515859]
2024-11-25 14:13:01,500 INFO:Estimated s: 0.967728703057655
2024-11-25 14:13:01,500 INFO:Estimated B: [[ 0.92424735 -0.05175741  0.2821114 ]
 [ 0.05096708  0.96633064  0.01031002]
 [-0.28225525  0.0050111   0.925638  ]]
2024-11-25 14:13:01,501 INFO:Estimated t: [ 0.00091605  0.0176174  -0.00515859]
2024-11-25 14:13:01,884 INFO:Transformed Query Object Volume: 0.0023264972787124623
2024-11-25 14:13:01,885 INFO:Train Object Volume: 0.002473029610063031
2024-11-25 14:13:02,602 INFO:Processed all images in Input
2024-11-25 14:13:02,973 INFO:Model merged is written.
2024-11-25 14:13:02,974 INFO:Model Merged: merged
2024-11-25 14:13:02,974 INFO:Model Merged
2024-11-25 14:13:03,056 DEBUG:Starting new HTTPS connection (1): hooks.slack.com:443
2024-11-25 14:13:03,740 DEBUG:https://hooks.slack.com:443 "POST /services/T07E6GGAV42/B07EVB20A7J/MbGu1qjLUbGBcXK3spDTzmiF HTTP/1.1" 200 6
