2024-11-05 09:32:58,111 INFO:Model BOX-A is read.
2024-11-05 09:32:58,536 INFO:Model pole-18-8-24 is read.
2024-11-05 09:32:58,920 DEBUG:findfont: Matching sans\-serif:style=normal:variant=normal:weight=normal:stretch=normal:size=10.0.
2024-11-05 09:32:58,920 DEBUG:findfont: score(<Font 'cmex10' (cmex10.ttf) normal normal 400 normal>) = 10.05
2024-11-05 09:32:58,921 DEBUG:findfont: score(<Font 'STIXSizeFourSym' (STIXSizFourSymBol.ttf) normal normal 700 normal>) = 10.335
2024-11-05 09:32:58,921 DEBUG:findfont: score(<Font 'DejaVu Serif' (DejaVuSerif-Bold.ttf) normal normal 700 normal>) = 10.335
2024-11-05 09:32:58,921 DEBUG:findfont: score(<Font 'STIXSizeThreeSym' (STIXSizThreeSymReg.ttf) normal normal 400 normal>) = 10.05
2024-11-05 09:32:58,922 DEBUG:findfont: score(<Font 'STIXSizeOneSym' (STIXSizOneSymBol.ttf) normal normal 700 normal>) = 10.335
2024-11-05 09:32:58,922 DEBUG:findfont: score(<Font 'STIXSizeFiveSym' (STIXSizFiveSymReg.ttf) normal normal 400 normal>) = 10.05
2024-11-05 09:32:58,922 DEBUG:findfont: score(<Font 'STIXNonUnicode' (STIXNonUni.ttf) normal normal 400 normal>) = 10.05
2024-11-05 09:32:58,922 DEBUG:findfont: score(<Font 'STIXNonUnicode' (STIXNonUniBolIta.ttf) italic normal 700 normal>) = 11.335
2024-11-05 09:32:58,922 DEBUG:findfont: score(<Font 'DejaVu Serif' (DejaVuSerif-BoldItalic.ttf) italic normal 700 normal>) = 11.335
2024-11-05 09:32:58,922 DEBUG:findfont: score(<Font 'STIXGeneral' (STIXGeneralBol.ttf) normal normal 700 normal>) = 10.335
2024-11-05 09:32:58,922 DEBUG:findfont: score(<Font 'cmsy10' (cmsy10.ttf) normal normal 400 normal>) = 10.05
2024-11-05 09:32:58,922 DEBUG:findfont: score(<Font 'cmb10' (cmb10.ttf) normal normal 400 normal>) = 10.05
2024-11-05 09:32:58,922 DEBUG:findfont: score(<Font 'STIXSizeTwoSym' (STIXSizTwoSymBol.ttf) normal normal 700 normal>) = 10.335
2024-11-05 09:32:58,922 DEBUG:findfont: score(<Font 'STIXSizeTwoSym' (STIXSizTwoSymReg.ttf) normal normal 400 normal>) = 10.05
2024-11-05 09:32:58,922 DEBUG:findfont: score(<Font 'DejaVu Sans Mono' (DejaVuSansMono.ttf) normal normal 400 normal>) = 10.05
2024-11-05 09:32:58,922 DEBUG:findfont: score(<Font 'DejaVu Sans' (DejaVuSans-BoldOblique.ttf) oblique normal 700 normal>) = 1.335
2024-11-05 09:32:58,923 DEBUG:findfont: score(<Font 'DejaVu Serif' (DejaVuSerif.ttf) normal normal 400 normal>) = 10.05
2024-11-05 09:32:58,923 DEBUG:findfont: score(<Font 'STIXGeneral' (STIXGeneralItalic.ttf) italic normal 400 normal>) = 11.05
2024-11-05 09:32:58,923 DEBUG:findfont: score(<Font 'STIXSizeFourSym' (STIXSizFourSymReg.ttf) normal normal 400 normal>) = 10.05
2024-11-05 09:32:58,923 DEBUG:findfont: score(<Font 'DejaVu Sans' (DejaVuSans-Oblique.ttf) oblique normal 400 normal>) = 1.05
2024-11-05 09:32:58,923 DEBUG:findfont: score(<Font 'STIXSizeThreeSym' (STIXSizThreeSymBol.ttf) normal normal 700 normal>) = 10.335
2024-11-05 09:32:58,923 DEBUG:findfont: score(<Font 'cmmi10' (cmmi10.ttf) normal normal 400 normal>) = 10.05
2024-11-05 09:32:58,923 DEBUG:findfont: score(<Font 'DejaVu Serif' (DejaVuSerif-Italic.ttf) italic normal 400 normal>) = 11.05
2024-11-05 09:32:58,923 DEBUG:findfont: score(<Font 'cmr10' (cmr10.ttf) normal normal 400 normal>) = 10.05
2024-11-05 09:32:58,923 DEBUG:findfont: score(<Font 'cmss10' (cmss10.ttf) normal normal 400 normal>) = 10.05
2024-11-05 09:32:58,923 DEBUG:findfont: score(<Font 'DejaVu Sans Display' (DejaVuSansDisplay.ttf) normal normal 400 normal>) = 10.05
2024-11-05 09:32:58,923 DEBUG:findfont: score(<Font 'STIXGeneral' (STIXGeneral.ttf) normal normal 400 normal>) = 10.05
2024-11-05 09:32:58,923 DEBUG:findfont: score(<Font 'STIXGeneral' (STIXGeneralBolIta.ttf) italic normal 700 normal>) = 11.335
2024-11-05 09:32:58,923 DEBUG:findfont: score(<Font 'DejaVu Serif Display' (DejaVuSerifDisplay.ttf) normal normal 400 normal>) = 10.05
2024-11-05 09:32:58,923 DEBUG:findfont: score(<Font 'DejaVu Sans Mono' (DejaVuSansMono-Oblique.ttf) oblique normal 400 normal>) = 11.05
2024-11-05 09:32:58,923 DEBUG:findfont: score(<Font 'DejaVu Sans' (DejaVuSans.ttf) normal normal 400 normal>) = 0.05
2024-11-05 09:32:58,924 DEBUG:findfont: score(<Font 'STIXNonUnicode' (STIXNonUniIta.ttf) italic normal 400 normal>) = 11.05
2024-11-05 09:32:58,924 DEBUG:findfont: score(<Font 'STIXSizeOneSym' (STIXSizOneSymReg.ttf) normal normal 400 normal>) = 10.05
2024-11-05 09:32:58,924 DEBUG:findfont: score(<Font 'cmtt10' (cmtt10.ttf) normal normal 400 normal>) = 10.05
2024-11-05 09:32:58,924 DEBUG:findfont: score(<Font 'DejaVu Sans Mono' (DejaVuSansMono-BoldOblique.ttf) oblique normal 700 normal>) = 11.335
2024-11-05 09:32:58,924 DEBUG:findfont: score(<Font 'STIXNonUnicode' (STIXNonUniBol.ttf) normal normal 700 normal>) = 10.335
2024-11-05 09:32:58,924 DEBUG:findfont: score(<Font 'DejaVu Sans' (DejaVuSans-Bold.ttf) normal normal 700 normal>) = 0.33499999999999996
2024-11-05 09:32:58,924 DEBUG:findfont: score(<Font 'DejaVu Sans Mono' (DejaVuSansMono-Bold.ttf) normal normal 700 normal>) = 10.335
2024-11-05 09:32:58,924 DEBUG:findfont: score(<Font 'Segoe UI' (segoeuii.ttf) italic normal 400 normal>) = 11.05
2024-11-05 09:32:58,924 DEBUG:findfont: score(<Font 'Yu Mincho' (yumindb.ttf) normal normal 600 normal>) = 10.24
2024-11-05 09:32:58,924 DEBUG:findfont: score(<Font 'Wingdings' (wingding.ttf) normal normal 400 normal>) = 10.05
2024-11-05 09:32:58,924 DEBUG:findfont: score(<Font 'HGGyoshotai' (HGRGY.TTC) normal normal 400 normal>) = 10.05
2024-11-05 09:32:58,924 DEBUG:findfont: score(<Font 'Century Gothic' (GOTHICBI.TTF) italic normal 700 normal>) = 11.335
2024-11-05 09:32:58,924 DEBUG:findfont: score(<Font 'BIZ UDGothic' (BIZ-UDGothicR.ttc) normal normal 400 normal>) = 10.05
2024-11-05 09:32:58,924 DEBUG:findfont: score(<Font 'Constantia' (constan.ttf) normal normal 400 normal>) = 10.05
2024-11-05 09:32:58,924 DEBUG:findfont: score(<Font 'Yu Mincho' (yumin.ttf) normal normal 400 normal>) = 10.05
2024-11-05 09:32:58,925 DEBUG:findfont: score(<Font 'Dubai' (DUBAI-REGULAR.TTF) normal normal 400 normal>) = 10.05
2024-11-05 09:32:58,925 DEBUG:findfont: score(<Font 'HGMinchoB' (HGRMB.TTC) normal normal 400 normal>) = 10.05
2024-11-05 09:32:58,925 DEBUG:findfont: score(<Font 'Consolas' (consolai.ttf) italic normal 400 normal>) = 11.05
2024-11-05 09:32:58,925 DEBUG:findfont: score(<Font 'Microsoft YaHei' (msyh.ttc) normal normal 400 normal>) = 10.05
2024-11-05 09:32:58,925 DEBUG:findfont: score(<Font 'Leelawadee' (LEELAWDB.TTF) normal normal 700 normal>) = 10.335
2024-11-05 09:32:58,925 DEBUG:findfont: score(<Font 'Microsoft YaHei' (msyhbd.ttc) normal normal 700 normal>) = 10.335
2024-11-05 09:32:58,925 DEBUG:findfont: score(<Font 'Calibri' (calibrii.ttf) italic normal 400 normal>) = 11.05
2024-11-05 09:32:58,925 DEBUG:findfont: score(<Font 'Cambria' (cambriai.ttf) italic normal 400 normal>) = 11.05
2024-11-05 09:32:58,925 DEBUG:findfont: score(<Font 'MS Reference Specialty' (REFSPCL.TTF) normal normal 400 normal>) = 10.05
2024-11-05 09:32:58,925 DEBUG:findfont: score(<Font 'Myanmar Text' (mmrtext.ttf) normal normal 400 normal>) = 10.05
2024-11-05 09:32:58,925 DEBUG:findfont: score(<Font 'HGSoeiKakugothicUB' (HGRSGU.TTC) normal normal 400 normal>) = 10.05
2024-11-05 09:32:58,925 DEBUG:findfont: score(<Font 'Verdana' (verdanab.ttf) normal normal 700 normal>) = 3.9713636363636367
2024-11-05 09:32:58,925 DEBUG:findfont: score(<Font 'Times New Roman' (times.ttf) normal normal 400 normal>) = 10.05
2024-11-05 09:32:58,925 DEBUG:findfont: score(<Font 'Consolas' (consolaz.ttf) italic normal 700 normal>) = 11.335
2024-11-05 09:32:58,925 DEBUG:findfont: score(<Font 'Corbel' (corbeli.ttf) italic normal 400 normal>) = 11.05
2024-11-05 09:32:58,926 DEBUG:findfont: score(<Font 'Bookman Old Style' (BOOKOSB.TTF) normal normal 600 normal>) = 10.24
2024-11-05 09:32:58,926 DEBUG:findfont: score(<Font 'Constantia' (constani.ttf) italic normal 400 normal>) = 11.05
2024-11-05 09:32:58,926 DEBUG:findfont: score(<Font 'Comic Sans MS' (comicz.ttf) italic normal 700 normal>) = 11.335
2024-11-05 09:32:58,926 DEBUG:findfont: score(<Font 'Microsoft New Tai Lue' (ntailub.ttf) normal normal 700 normal>) = 10.335
2024-11-05 09:32:58,926 DEBUG:findfont: score(<Font 'Garamond' (GARAIT.TTF) italic normal 400 normal>) = 11.05
2024-11-05 09:32:58,926 DEBUG:findfont: score(<Font 'Dubai' (DUBAI-MEDIUM.TTF) normal normal 500 normal>) = 10.145
2024-11-05 09:32:58,926 DEBUG:findfont: score(<Font 'Arial' (ARIALNB.TTF) normal normal 700 condensed>) = 6.8986363636363635
2024-11-05 09:32:58,926 DEBUG:findfont: score(<Font 'Yu Gothic' (YuGothL.ttc) normal normal 300 normal>) = 10.145
2024-11-05 09:32:58,926 DEBUG:findfont: score(<Font 'Cambria' (cambriaz.ttf) italic normal 700 normal>) = 11.335
2024-11-05 09:32:58,926 DEBUG:findfont: score(<Font 'Segoe UI Symbol' (seguisym.ttf) normal normal 400 normal>) = 10.05
2024-11-05 09:32:58,926 DEBUG:findfont: score(<Font 'MT Extra' (MTEXTRA.TTF) normal normal 400 normal>) = 10.05
2024-11-05 09:32:58,926 DEBUG:findfont: score(<Font 'Leelawadee' (LEELAWAD.TTF) normal normal 400 normal>) = 10.05
2024-11-05 09:32:58,926 DEBUG:findfont: score(<Font 'Segoe Script' (segoescb.ttf) normal normal 700 normal>) = 10.335
2024-11-05 09:32:58,926 DEBUG:findfont: score(<Font 'Times New Roman' (timesbd.ttf) normal normal 700 normal>) = 10.335
2024-11-05 09:32:58,926 DEBUG:findfont: score(<Font 'Microsoft JhengHei' (msjhbd.ttc) normal normal 700 normal>) = 10.335
2024-11-05 09:32:58,927 DEBUG:findfont: score(<Font 'Nirmala UI' (NirmalaB.ttf) normal normal 700 normal>) = 10.335
2024-11-05 09:32:58,927 DEBUG:findfont: score(<Font 'Segoe UI' (seguisbi.ttf) italic normal 600 normal>) = 11.24
2024-11-05 09:32:58,927 DEBUG:findfont: score(<Font 'Calibri' (calibrib.ttf) normal normal 700 normal>) = 10.335
2024-11-05 09:32:58,927 DEBUG:findfont: score(<Font 'Cambria' (cambria.ttc) normal normal 400 normal>) = 10.05
2024-11-05 09:32:58,927 DEBUG:findfont: score(<Font 'MS Gothic' (msgothic.ttc) normal normal 400 normal>) = 10.05
2024-11-05 09:32:58,927 DEBUG:findfont: score(<Font 'Bahnschrift' (bahnschrift.ttf) normal normal 400 normal>) = 10.05
2024-11-05 09:32:58,927 DEBUG:findfont: score(<Font 'Franklin Gothic Medium' (framd.ttf) normal normal 400 normal>) = 10.05
2024-11-05 09:32:58,927 DEBUG:findfont: score(<Font 'Microsoft Uighur' (MSUIGHUR.TTF) normal normal 400 normal>) = 10.05
2024-11-05 09:32:58,927 DEBUG:findfont: score(<Font 'Monotype Corsiva' (MTCORSVA.TTF) normal normal 400 normal>) = 10.05
2024-11-05 09:32:58,927 DEBUG:findfont: score(<Font 'HGGothicM' (HGRGM.TTC) normal normal 400 normal>) = 10.05
2024-11-05 09:32:58,927 DEBUG:findfont: score(<Font 'Calibri' (calibril.ttf) normal normal 300 normal>) = 10.145
2024-11-05 09:32:58,927 DEBUG:findfont: score(<Font 'Segoe UI' (seguibl.ttf) normal normal 900 normal>) = 10.525
2024-11-05 09:32:58,927 DEBUG:findfont: score(<Font 'Book Antiqua' (ANTQUAB.TTF) normal normal 700 normal>) = 10.335
2024-11-05 09:32:58,927 DEBUG:findfont: score(<Font 'Segoe UI Historic' (seguihis.ttf) normal normal 400 normal>) = 10.05
2024-11-05 09:32:58,927 DEBUG:findfont: score(<Font 'Times New Roman' (timesi.ttf) italic normal 400 normal>) = 11.05
2024-11-05 09:32:58,927 DEBUG:findfont: score(<Font 'Ebrima' (ebrimabd.ttf) normal normal 700 normal>) = 10.335
2024-11-05 09:32:58,928 DEBUG:findfont: score(<Font 'Comic Sans MS' (comici.ttf) italic normal 400 normal>) = 11.05
2024-11-05 09:32:58,928 DEBUG:findfont: score(<Font 'Microsoft PhagsPa' (phagspa.ttf) normal normal 400 normal>) = 10.05
2024-11-05 09:32:58,928 DEBUG:findfont: score(<Font 'Gadugi' (gadugib.ttf) normal normal 700 normal>) = 10.335
2024-11-05 09:32:58,928 DEBUG:findfont: score(<Font 'OCRB' (OCRB.TTF) normal normal 400 normal>) = 10.05
2024-11-05 09:32:58,928 DEBUG:findfont: score(<Font 'Verdana' (verdana.ttf) normal normal 400 normal>) = 3.6863636363636365
2024-11-05 09:32:58,928 DEBUG:findfont: score(<Font 'Bookman Old Style' (BOOKOS.TTF) normal normal 300 normal>) = 10.145
2024-11-05 09:32:58,928 DEBUG:findfont: score(<Font 'Wingdings 3' (WINGDNG3.TTF) normal normal 400 normal>) = 10.05
2024-11-05 09:32:58,928 DEBUG:findfont: score(<Font 'Microsoft New Tai Lue' (ntailu.ttf) normal normal 400 normal>) = 10.05
2024-11-05 09:32:58,928 DEBUG:findfont: score(<Font 'Marlett' (marlett.ttf) normal normal 500 normal>) = 10.145
2024-11-05 09:32:58,928 DEBUG:findfont: score(<Font 'Candara' (Candaraz.ttf) italic normal 700 normal>) = 11.335
2024-11-05 09:32:58,928 DEBUG:findfont: score(<Font 'Courier New' (cour.ttf) normal normal 400 normal>) = 10.05
2024-11-05 09:32:58,928 DEBUG:findfont: score(<Font 'Trebuchet MS' (trebuc.ttf) normal normal 400 normal>) = 10.05
2024-11-05 09:32:58,928 DEBUG:findfont: score(<Font 'Segoe UI' (segoeui.ttf) normal normal 400 normal>) = 10.05
2024-11-05 09:32:58,928 DEBUG:findfont: score(<Font 'Corbel' (corbelli.ttf) italic normal 300 normal>) = 11.145
2024-11-05 09:32:58,928 DEBUG:findfont: score(<Font 'Candara' (Candara.ttf) normal normal 400 normal>) = 10.05
2024-11-05 09:32:58,929 DEBUG:findfont: score(<Font 'Constantia' (constanb.ttf) normal normal 700 normal>) = 10.335
2024-11-05 09:32:58,929 DEBUG:findfont: score(<Font 'Sylfaen' (sylfaen.ttf) normal normal 400 normal>) = 10.05
2024-11-05 09:32:58,929 DEBUG:findfont: score(<Font 'Yu Gothic' (YuGothM.ttc) normal normal 500 normal>) = 10.145
2024-11-05 09:32:58,929 DEBUG:findfont: score(<Font 'Ebrima' (ebrima.ttf) normal normal 400 normal>) = 10.05
2024-11-05 09:32:58,929 DEBUG:findfont: score(<Font 'Verdana' (verdanai.ttf) italic normal 400 normal>) = 4.6863636363636365
2024-11-05 09:32:58,929 DEBUG:findfont: score(<Font 'Segoe UI' (segoeuib.ttf) normal normal 700 normal>) = 10.335
2024-11-05 09:32:58,929 DEBUG:findfont: score(<Font 'Palatino Linotype' (palab.ttf) normal normal 700 normal>) = 10.335
2024-11-05 09:32:58,929 DEBUG:findfont: score(<Font 'Arial' (ariali.ttf) italic normal 400 normal>) = 7.413636363636363
2024-11-05 09:32:58,929 DEBUG:findfont: score(<Font 'Segoe UI Emoji' (seguiemj.ttf) normal normal 400 normal>) = 10.05
2024-11-05 09:32:58,929 DEBUG:findfont: score(<Font 'Javanese Text' (javatext.ttf) normal normal 400 normal>) = 10.05
2024-11-05 09:32:58,929 DEBUG:findfont: score(<Font 'Leelawadee UI' (LeelUIsl.ttf) normal normal 350 normal>) = 10.0975
2024-11-05 09:32:58,929 DEBUG:findfont: score(<Font 'Segoe Script' (segoesc.ttf) normal normal 400 normal>) = 10.05
2024-11-05 09:32:58,929 DEBUG:findfont: score(<Font 'Georgia' (georgiab.ttf) normal normal 700 normal>) = 10.335
2024-11-05 09:32:58,929 DEBUG:findfont: score(<Font 'Corbel' (corbel.ttf) normal normal 400 normal>) = 10.05
2024-11-05 09:32:58,929 DEBUG:findfont: score(<Font 'UD Digi Kyokasho N-B' (UDDigiKyokashoN-B.ttc) normal normal 700 normal>) = 10.335
2024-11-05 09:32:58,929 DEBUG:findfont: score(<Font 'Sitka Small' (SitkaB.ttc) normal normal 700 normal>) = 10.335
2024-11-05 09:32:58,930 DEBUG:findfont: score(<Font 'Segoe Print' (segoepr.ttf) normal normal 400 normal>) = 10.05
2024-11-05 09:32:58,930 DEBUG:findfont: score(<Font 'Symbol' (symbol.ttf) normal normal 400 normal>) = 10.05
2024-11-05 09:32:58,930 DEBUG:findfont: score(<Font 'Arial' (arialbd.ttf) normal normal 700 normal>) = 6.698636363636363
2024-11-05 09:32:58,930 DEBUG:findfont: score(<Font 'Webdings' (webdings.ttf) normal normal 400 normal>) = 10.05
2024-11-05 09:32:58,930 DEBUG:findfont: score(<Font 'Candara' (Candarab.ttf) normal normal 700 normal>) = 10.335
2024-11-05 09:32:58,930 DEBUG:findfont: score(<Font 'Microsoft Himalaya' (himalaya.ttf) normal normal 400 normal>) = 10.05
2024-11-05 09:32:58,930 DEBUG:findfont: score(<Font 'HGMaruGothicMPRO' (HGRSMP.TTF) normal normal 400 normal>) = 10.05
2024-11-05 09:32:58,930 DEBUG:findfont: score(<Font 'Segoe UI' (segoeuil.ttf) normal normal 300 normal>) = 10.145
2024-11-05 09:32:58,930 DEBUG:findfont: score(<Font 'Lucida Console' (lucon.ttf) normal normal 400 normal>) = 10.05
2024-11-05 09:32:58,930 DEBUG:findfont: score(<Font 'Courier New' (courbi.ttf) italic normal 700 normal>) = 11.335
2024-11-05 09:32:58,930 DEBUG:findfont: score(<Font 'HGSoeiKakupoptai' (HGRPP1.TTC) normal normal 400 normal>) = 10.05
2024-11-05 09:32:58,930 DEBUG:findfont: score(<Font 'Arial' (ARIALNBI.TTF) italic normal 700 condensed>) = 7.8986363636363635
2024-11-05 09:32:58,930 DEBUG:findfont: score(<Font 'Arial' (arialbi.ttf) italic normal 700 normal>) = 7.698636363636363
2024-11-05 09:32:58,930 DEBUG:findfont: score(<Font 'HGSoeiPresenceEB' (HGRPRE.TTC) normal normal 400 normal>) = 10.05
2024-11-05 09:32:58,930 DEBUG:findfont: score(<Font 'Century Gothic' (GOTHICB.TTF) normal normal 700 normal>) = 10.335
2024-11-05 09:32:58,931 DEBUG:findfont: score(<Font 'HoloLens MDL2 Assets' (holomdl2.ttf) normal normal 400 normal>) = 10.05
2024-11-05 09:32:58,931 DEBUG:findfont: score(<Font 'Impact' (impact.ttf) normal normal 400 normal>) = 10.05
2024-11-05 09:32:58,931 DEBUG:findfont: score(<Font 'Georgia' (georgia.ttf) normal normal 400 normal>) = 10.05
2024-11-05 09:32:58,931 DEBUG:findfont: score(<Font 'Leelawadee UI' (LeelawUI.ttf) normal normal 400 normal>) = 10.05
2024-11-05 09:32:58,931 DEBUG:findfont: score(<Font 'Dubai' (DUBAI-LIGHT.TTF) normal normal 300 normal>) = 10.145
2024-11-05 09:32:58,931 DEBUG:findfont: score(<Font 'MV Boli' (mvboli.ttf) normal normal 400 normal>) = 10.05
2024-11-05 09:32:58,931 DEBUG:findfont: score(<Font 'Courier New' (couri.ttf) italic normal 400 normal>) = 11.05
2024-11-05 09:32:58,931 DEBUG:findfont: score(<Font 'Calibri' (calibriz.ttf) italic normal 700 normal>) = 11.335
2024-11-05 09:32:58,931 DEBUG:findfont: score(<Font 'Comic Sans MS' (comic.ttf) normal normal 400 normal>) = 10.05
2024-11-05 09:32:58,931 DEBUG:findfont: score(<Font 'Book Antiqua' (ANTQUABI.TTF) italic normal 700 normal>) = 11.335
2024-11-05 09:32:58,931 DEBUG:findfont: score(<Font 'Georgia' (georgiai.ttf) italic normal 400 normal>) = 11.05
2024-11-05 09:32:58,931 DEBUG:findfont: score(<Font 'Tahoma' (tahoma.ttf) normal normal 400 normal>) = 10.05
2024-11-05 09:32:58,931 DEBUG:findfont: score(<Font 'Segoe UI' (seguisli.ttf) italic normal 350 normal>) = 11.0975
2024-11-05 09:32:58,931 DEBUG:findfont: score(<Font 'Trebuchet MS' (trebucbd.ttf) normal normal 700 normal>) = 10.335
2024-11-05 09:32:58,931 DEBUG:findfont: score(<Font 'Mongolian Baiti' (monbaiti.ttf) normal normal 400 normal>) = 10.05
2024-11-05 09:32:58,931 DEBUG:findfont: score(<Font 'Palatino Linotype' (palabi.ttf) italic normal 700 normal>) = 11.335
2024-11-05 09:32:58,932 DEBUG:findfont: score(<Font 'Palatino Linotype' (pala.ttf) normal normal 400 normal>) = 10.05
2024-11-05 09:32:58,932 DEBUG:findfont: score(<Font 'Yu Gothic' (YuGothB.ttc) normal normal 700 normal>) = 10.335
2024-11-05 09:32:58,932 DEBUG:findfont: score(<Font 'Trebuchet MS' (trebucit.ttf) italic normal 400 normal>) = 11.05
2024-11-05 09:32:58,932 DEBUG:findfont: score(<Font 'Arial' (ARIALN.TTF) normal normal 400 condensed>) = 6.613636363636363
2024-11-05 09:32:58,932 DEBUG:findfont: score(<Font 'Sitka Small' (SitkaZ.ttc) italic normal 700 normal>) = 11.335
2024-11-05 09:32:58,932 DEBUG:findfont: score(<Font 'Comic Sans MS' (comicbd.ttf) normal normal 700 normal>) = 10.335
2024-11-05 09:32:58,932 DEBUG:findfont: score(<Font 'HGGothicE' (HGRGE.TTC) normal normal 400 normal>) = 10.05
2024-11-05 09:32:58,932 DEBUG:findfont: score(<Font 'Franklin Gothic Medium' (framdit.ttf) italic normal 400 normal>) = 11.05
2024-11-05 09:32:58,932 DEBUG:findfont: score(<Font 'Microsoft Tai Le' (taileb.ttf) normal normal 700 normal>) = 10.335
2024-11-05 09:32:58,932 DEBUG:findfont: score(<Font 'HGMinchoE' (HGRME.TTC) normal normal 400 normal>) = 10.05
2024-11-05 09:32:58,932 DEBUG:findfont: score(<Font 'Gabriola' (Gabriola.ttf) normal normal 400 normal>) = 10.05
2024-11-05 09:32:58,932 DEBUG:findfont: score(<Font 'SimSun-ExtB' (simsunb.ttf) normal normal 400 normal>) = 10.05
2024-11-05 09:32:58,932 DEBUG:findfont: score(<Font 'Arial' (ARIALNI.TTF) italic normal 400 condensed>) = 7.613636363636363
2024-11-05 09:32:58,932 DEBUG:findfont: score(<Font 'Segoe Print' (segoeprb.ttf) normal normal 700 normal>) = 10.335
2024-11-05 09:32:58,932 DEBUG:findfont: score(<Font 'Courier New' (courbd.ttf) normal normal 700 normal>) = 10.335
2024-11-05 09:32:58,932 DEBUG:findfont: score(<Font 'Corbel' (corbelz.ttf) italic normal 700 normal>) = 11.335
2024-11-05 09:32:58,933 DEBUG:findfont: score(<Font 'Yu Gothic' (YuGothR.ttc) normal normal 400 normal>) = 10.05
2024-11-05 09:32:58,933 DEBUG:findfont: score(<Font 'Microsoft PhagsPa' (phagspab.ttf) normal normal 700 normal>) = 10.335
2024-11-05 09:32:58,933 DEBUG:findfont: score(<Font 'Wingdings 2' (WINGDNG2.TTF) normal normal 400 normal>) = 10.05
2024-11-05 09:32:58,933 DEBUG:findfont: score(<Font 'Microsoft Yi Baiti' (msyi.ttf) normal normal 400 normal>) = 10.05
2024-11-05 09:32:58,933 DEBUG:findfont: score(<Font 'Arial' (arial.ttf) normal normal 400 normal>) = 6.413636363636363
2024-11-05 09:32:58,933 DEBUG:findfont: score(<Font 'Consolas' (consola.ttf) normal normal 400 normal>) = 10.05
2024-11-05 09:32:58,933 DEBUG:findfont: score(<Font 'Candara' (Candarali.ttf) italic normal 400 normal>) = 11.05
2024-11-05 09:32:58,933 DEBUG:findfont: score(<Font 'UD Digi Kyokasho N-R' (UDDigiKyokashoN-R.ttc) normal normal 400 normal>) = 10.05
2024-11-05 09:32:58,933 DEBUG:findfont: score(<Font 'BIZ UDMincho' (BIZ-UDMinchoM.ttc) normal normal 500 normal>) = 10.145
2024-11-05 09:32:58,933 DEBUG:findfont: score(<Font 'Meiryo' (meiryo.ttc) normal normal 400 normal>) = 10.05
2024-11-05 09:32:58,933 DEBUG:findfont: score(<Font 'Nirmala UI' (NirmalaS.ttf) normal normal 350 normal>) = 10.0975
2024-11-05 09:32:58,933 DEBUG:findfont: score(<Font 'Segoe UI' (seguili.ttf) italic normal 300 normal>) = 11.145
2024-11-05 09:32:58,933 DEBUG:findfont: score(<Font 'Candara' (Candaral.ttf) normal normal 400 normal>) = 10.05
2024-11-05 09:32:58,933 DEBUG:findfont: score(<Font 'Lucida Sans Unicode' (l_10646.ttf) normal normal 400 normal>) = 10.05
2024-11-05 09:32:58,933 DEBUG:findfont: score(<Font 'Candara' (Candarai.ttf) italic normal 400 normal>) = 11.05
2024-11-05 09:32:58,933 DEBUG:findfont: score(<Font 'Microsoft Uighur' (MSUIGHUB.TTF) normal normal 700 normal>) = 10.335
2024-11-05 09:32:58,934 DEBUG:findfont: score(<Font 'Calibri' (calibrili.ttf) italic normal 300 normal>) = 11.145
2024-11-05 09:32:58,934 DEBUG:findfont: score(<Font 'Tahoma' (tahomabd.ttf) normal normal 700 normal>) = 10.335
2024-11-05 09:32:58,934 DEBUG:findfont: score(<Font 'Constantia' (constanz.ttf) italic normal 700 normal>) = 11.335
2024-11-05 09:32:58,934 DEBUG:findfont: score(<Font 'Segoe MDL2 Assets' (segmdl2.ttf) normal normal 400 normal>) = 10.05
2024-11-05 09:32:58,934 DEBUG:findfont: score(<Font 'Meiryo' (meiryob.ttc) normal normal 700 normal>) = 10.335
2024-11-05 09:32:58,934 DEBUG:findfont: score(<Font 'Dubai' (DUBAI-BOLD.TTF) normal normal 700 normal>) = 10.335
2024-11-05 09:32:58,934 DEBUG:findfont: score(<Font 'Cambria' (cambriab.ttf) normal normal 700 normal>) = 10.335
2024-11-05 09:32:58,934 DEBUG:findfont: score(<Font 'Century' (CENTURY.TTF) normal normal 400 normal>) = 10.05
2024-11-05 09:32:58,934 DEBUG:findfont: score(<Font 'Microsoft JhengHei' (msjh.ttc) normal normal 400 normal>) = 10.05
2024-11-05 09:32:58,934 DEBUG:findfont: score(<Font 'Leelawadee UI' (LeelaUIb.ttf) normal normal 700 normal>) = 10.335
2024-11-05 09:32:58,934 DEBUG:findfont: score(<Font 'Malgun Gothic' (malgun.ttf) normal normal 400 normal>) = 10.05
2024-11-05 09:32:58,934 DEBUG:findfont: score(<Font 'Book Antiqua' (BKANT.TTF) normal normal 400 normal>) = 10.05
2024-11-05 09:32:58,934 DEBUG:findfont: score(<Font 'BIZ UDGothic' (BIZ-UDGothicB.ttc) normal normal 700 normal>) = 10.335
2024-11-05 09:32:58,934 DEBUG:findfont: score(<Font 'Myanmar Text' (mmrtextb.ttf) normal normal 700 normal>) = 10.335
2024-11-05 09:32:58,934 DEBUG:findfont: score(<Font 'Segoe UI' (segoeuisl.ttf) normal normal 350 normal>) = 10.0975
2024-11-05 09:32:58,934 DEBUG:findfont: score(<Font 'HGSeikaishotaiPRO' (HGRSKP.TTF) normal normal 400 normal>) = 10.05
2024-11-05 09:32:58,935 DEBUG:findfont: score(<Font 'Segoe UI' (seguisb.ttf) normal normal 600 normal>) = 10.24
2024-11-05 09:32:58,935 DEBUG:findfont: score(<Font 'Trebuchet MS' (trebucbi.ttf) italic normal 700 normal>) = 11.335
2024-11-05 09:32:58,935 DEBUG:findfont: score(<Font 'Microsoft YaHei' (msyhl.ttc) normal normal 290 normal>) = 10.1545
2024-11-05 09:32:58,935 DEBUG:findfont: score(<Font 'Microsoft Tai Le' (taile.ttf) normal normal 400 normal>) = 10.05
2024-11-05 09:32:58,935 DEBUG:findfont: score(<Font 'SimSun' (simsun.ttc) normal normal 400 normal>) = 10.05
2024-11-05 09:32:58,935 DEBUG:findfont: score(<Font 'Sitka Small' (Sitka.ttc) normal normal 400 normal>) = 10.05
2024-11-05 09:32:58,935 DEBUG:findfont: score(<Font 'Nirmala UI' (Nirmala.ttf) normal normal 400 normal>) = 10.05
2024-11-05 09:32:58,935 DEBUG:findfont: score(<Font 'Garamond' (GARABD.TTF) normal normal 700 normal>) = 10.335
2024-11-05 09:32:58,935 DEBUG:findfont: score(<Font 'Corbel' (corbelb.ttf) normal normal 700 normal>) = 10.335
2024-11-05 09:32:58,935 DEBUG:findfont: score(<Font 'Ink Free' (Inkfree.ttf) normal normal 400 normal>) = 10.05
2024-11-05 09:32:58,935 DEBUG:findfont: score(<Font 'Microsoft Sans Serif' (micross.ttf) normal normal 400 normal>) = 10.05
2024-11-05 09:32:58,935 DEBUG:findfont: score(<Font 'Garamond' (GARA.TTF) normal normal 400 normal>) = 10.05
2024-11-05 09:32:58,935 DEBUG:findfont: score(<Font 'MS Outlook' (OUTLOOK.TTF) normal normal 400 normal>) = 10.05
2024-11-05 09:32:58,935 DEBUG:findfont: score(<Font 'MingLiU-ExtB' (mingliub.ttc) normal normal 400 normal>) = 10.05
2024-11-05 09:32:58,935 DEBUG:findfont: score(<Font 'Bookman Old Style' (BOOKOSI.TTF) italic normal 300 normal>) = 11.145
2024-11-05 09:32:58,936 DEBUG:findfont: score(<Font 'Malgun Gothic' (malgunbd.ttf) normal normal 700 normal>) = 10.335
2024-11-05 09:32:58,936 DEBUG:findfont: score(<Font 'Palatino Linotype' (palai.ttf) italic normal 400 normal>) = 11.05
2024-11-05 09:32:58,936 DEBUG:findfont: score(<Font 'Gadugi' (gadugi.ttf) normal normal 400 normal>) = 10.05
2024-11-05 09:32:58,936 DEBUG:findfont: score(<Font 'Book Antiqua' (ANTQUAI.TTF) italic normal 400 normal>) = 11.05
2024-11-05 09:32:58,936 DEBUG:findfont: score(<Font 'Century Gothic' (GOTHIC.TTF) normal normal 400 normal>) = 10.05
2024-11-05 09:32:58,936 DEBUG:findfont: score(<Font 'Calibri' (calibri.ttf) normal normal 400 normal>) = 10.05
2024-11-05 09:32:58,936 DEBUG:findfont: score(<Font 'Bookman Old Style' (BOOKOSBI.TTF) italic normal 600 normal>) = 11.24
2024-11-05 09:32:58,936 DEBUG:findfont: score(<Font 'Century Gothic' (GOTHICI.TTF) italic normal 400 normal>) = 11.05
2024-11-05 09:32:58,936 DEBUG:findfont: score(<Font 'MS Reference Sans Serif' (REFSAN.TTF) normal normal 400 normal>) = 10.05
2024-11-05 09:32:58,937 DEBUG:findfont: score(<Font 'Sitka Small' (SitkaI.ttc) italic normal 400 normal>) = 11.05
2024-11-05 09:32:58,937 DEBUG:findfont: score(<Font 'Segoe UI' (seguibli.ttf) italic normal 900 normal>) = 11.525
2024-11-05 09:32:58,937 DEBUG:findfont: score(<Font 'Consolas' (consolab.ttf) normal normal 700 normal>) = 10.335
2024-11-05 09:32:58,937 DEBUG:findfont: score(<Font 'Yu Mincho' (yuminl.ttf) normal normal 300 normal>) = 10.145
2024-11-05 09:32:58,937 DEBUG:findfont: score(<Font 'Bookshelf Symbol 7' (BSSYM7.TTF) normal normal 400 normal>) = 10.05
2024-11-05 09:32:58,937 DEBUG:findfont: score(<Font 'Times New Roman' (timesbi.ttf) italic normal 700 normal>) = 11.335
2024-11-05 09:32:58,937 DEBUG:findfont: score(<Font 'Microsoft JhengHei' (msjhl.ttc) normal normal 290 normal>) = 10.1545
2024-11-05 09:32:58,937 DEBUG:findfont: score(<Font 'HGKyokashotai' (HGRKK.TTC) normal normal 400 normal>) = 10.05
2024-11-05 09:32:58,937 DEBUG:findfont: score(<Font 'Verdana' (verdanaz.ttf) italic normal 700 normal>) = 4.971363636363637
2024-11-05 09:32:58,938 DEBUG:findfont: score(<Font 'Arial' (ariblk.ttf) normal normal 900 normal>) = 6.888636363636364
2024-11-05 09:32:58,938 DEBUG:findfont: score(<Font 'MS Mincho' (msmincho.ttc) normal normal 400 normal>) = 10.05
2024-11-05 09:32:58,938 DEBUG:findfont: score(<Font 'Corbel' (corbell.ttf) normal normal 300 normal>) = 10.145
2024-11-05 09:32:58,938 DEBUG:findfont: score(<Font 'Georgia' (georgiaz.ttf) italic normal 700 normal>) = 11.335
2024-11-05 09:32:58,938 DEBUG:findfont: score(<Font 'Segoe UI' (segoeuiz.ttf) italic normal 700 normal>) = 11.335
2024-11-05 09:32:58,938 DEBUG:findfont: score(<Font 'Malgun Gothic' (malgunsl.ttf) normal normal 300 normal>) = 10.145
2024-11-05 09:32:58,938 DEBUG:findfont: Matching sans\-serif:style=normal:variant=normal:weight=normal:stretch=normal:size=10.0 to DejaVu Sans ('C:\\Users\\taiko\\anaconda3\\envs\\detectron2_env\\lib\\site-packages\\matplotlib\\mpl-data\\fonts\\ttf\\DejaVuSans.ttf') with score of 0.050000.
2024-11-05 09:32:58,989 DEBUG:findfont: Matching sans\-serif:style=normal:variant=normal:weight=normal:stretch=normal:size=12.0.
2024-11-05 09:32:58,989 DEBUG:findfont: score(<Font 'cmex10' (cmex10.ttf) normal normal 400 normal>) = 10.05
2024-11-05 09:32:58,989 DEBUG:findfont: score(<Font 'STIXSizeFourSym' (STIXSizFourSymBol.ttf) normal normal 700 normal>) = 10.335
2024-11-05 09:32:58,989 DEBUG:findfont: score(<Font 'DejaVu Serif' (DejaVuSerif-Bold.ttf) normal normal 700 normal>) = 10.335
2024-11-05 09:32:58,989 DEBUG:findfont: score(<Font 'STIXSizeThreeSym' (STIXSizThreeSymReg.ttf) normal normal 400 normal>) = 10.05
2024-11-05 09:32:58,989 DEBUG:findfont: score(<Font 'STIXSizeOneSym' (STIXSizOneSymBol.ttf) normal normal 700 normal>) = 10.335
2024-11-05 09:32:58,989 DEBUG:findfont: score(<Font 'STIXSizeFiveSym' (STIXSizFiveSymReg.ttf) normal normal 400 normal>) = 10.05
2024-11-05 09:32:58,989 DEBUG:findfont: score(<Font 'STIXNonUnicode' (STIXNonUni.ttf) normal normal 400 normal>) = 10.05
2024-11-05 09:32:58,989 DEBUG:findfont: score(<Font 'STIXNonUnicode' (STIXNonUniBolIta.ttf) italic normal 700 normal>) = 11.335
2024-11-05 09:32:58,990 DEBUG:findfont: score(<Font 'DejaVu Serif' (DejaVuSerif-BoldItalic.ttf) italic normal 700 normal>) = 11.335
2024-11-05 09:32:58,990 DEBUG:findfont: score(<Font 'STIXGeneral' (STIXGeneralBol.ttf) normal normal 700 normal>) = 10.335
2024-11-05 09:32:58,990 DEBUG:findfont: score(<Font 'cmsy10' (cmsy10.ttf) normal normal 400 normal>) = 10.05
2024-11-05 09:32:58,990 DEBUG:findfont: score(<Font 'cmb10' (cmb10.ttf) normal normal 400 normal>) = 10.05
2024-11-05 09:32:58,990 DEBUG:findfont: score(<Font 'STIXSizeTwoSym' (STIXSizTwoSymBol.ttf) normal normal 700 normal>) = 10.335
2024-11-05 09:32:58,990 DEBUG:findfont: score(<Font 'STIXSizeTwoSym' (STIXSizTwoSymReg.ttf) normal normal 400 normal>) = 10.05
2024-11-05 09:32:58,990 DEBUG:findfont: score(<Font 'DejaVu Sans Mono' (DejaVuSansMono.ttf) normal normal 400 normal>) = 10.05
2024-11-05 09:32:58,990 DEBUG:findfont: score(<Font 'DejaVu Sans' (DejaVuSans-BoldOblique.ttf) oblique normal 700 normal>) = 1.335
2024-11-05 09:32:58,990 DEBUG:findfont: score(<Font 'DejaVu Serif' (DejaVuSerif.ttf) normal normal 400 normal>) = 10.05
2024-11-05 09:32:58,990 DEBUG:findfont: score(<Font 'STIXGeneral' (STIXGeneralItalic.ttf) italic normal 400 normal>) = 11.05
2024-11-05 09:32:58,990 DEBUG:findfont: score(<Font 'STIXSizeFourSym' (STIXSizFourSymReg.ttf) normal normal 400 normal>) = 10.05
2024-11-05 09:32:58,990 DEBUG:findfont: score(<Font 'DejaVu Sans' (DejaVuSans-Oblique.ttf) oblique normal 400 normal>) = 1.05
2024-11-05 09:32:58,991 DEBUG:findfont: score(<Font 'STIXSizeThreeSym' (STIXSizThreeSymBol.ttf) normal normal 700 normal>) = 10.335
2024-11-05 09:32:58,991 DEBUG:findfont: score(<Font 'cmmi10' (cmmi10.ttf) normal normal 400 normal>) = 10.05
2024-11-05 09:32:58,991 DEBUG:findfont: score(<Font 'DejaVu Serif' (DejaVuSerif-Italic.ttf) italic normal 400 normal>) = 11.05
2024-11-05 09:32:58,991 DEBUG:findfont: score(<Font 'cmr10' (cmr10.ttf) normal normal 400 normal>) = 10.05
2024-11-05 09:32:58,991 DEBUG:findfont: score(<Font 'cmss10' (cmss10.ttf) normal normal 400 normal>) = 10.05
2024-11-05 09:32:58,991 DEBUG:findfont: score(<Font 'DejaVu Sans Display' (DejaVuSansDisplay.ttf) normal normal 400 normal>) = 10.05
2024-11-05 09:32:58,991 DEBUG:findfont: score(<Font 'STIXGeneral' (STIXGeneral.ttf) normal normal 400 normal>) = 10.05
2024-11-05 09:32:58,991 DEBUG:findfont: score(<Font 'STIXGeneral' (STIXGeneralBolIta.ttf) italic normal 700 normal>) = 11.335
2024-11-05 09:32:58,991 DEBUG:findfont: score(<Font 'DejaVu Serif Display' (DejaVuSerifDisplay.ttf) normal normal 400 normal>) = 10.05
2024-11-05 09:32:58,991 DEBUG:findfont: score(<Font 'DejaVu Sans Mono' (DejaVuSansMono-Oblique.ttf) oblique normal 400 normal>) = 11.05
2024-11-05 09:32:58,992 DEBUG:findfont: score(<Font 'DejaVu Sans' (DejaVuSans.ttf) normal normal 400 normal>) = 0.05
2024-11-05 09:32:58,992 DEBUG:findfont: score(<Font 'STIXNonUnicode' (STIXNonUniIta.ttf) italic normal 400 normal>) = 11.05
2024-11-05 09:32:58,992 DEBUG:findfont: score(<Font 'STIXSizeOneSym' (STIXSizOneSymReg.ttf) normal normal 400 normal>) = 10.05
2024-11-05 09:32:58,992 DEBUG:findfont: score(<Font 'cmtt10' (cmtt10.ttf) normal normal 400 normal>) = 10.05
2024-11-05 09:32:58,992 DEBUG:findfont: score(<Font 'DejaVu Sans Mono' (DejaVuSansMono-BoldOblique.ttf) oblique normal 700 normal>) = 11.335
2024-11-05 09:32:58,992 DEBUG:findfont: score(<Font 'STIXNonUnicode' (STIXNonUniBol.ttf) normal normal 700 normal>) = 10.335
2024-11-05 09:32:58,992 DEBUG:findfont: score(<Font 'DejaVu Sans' (DejaVuSans-Bold.ttf) normal normal 700 normal>) = 0.33499999999999996
2024-11-05 09:32:58,992 DEBUG:findfont: score(<Font 'DejaVu Sans Mono' (DejaVuSansMono-Bold.ttf) normal normal 700 normal>) = 10.335
2024-11-05 09:32:58,992 DEBUG:findfont: score(<Font 'Segoe UI' (segoeuii.ttf) italic normal 400 normal>) = 11.05
2024-11-05 09:32:58,992 DEBUG:findfont: score(<Font 'Yu Mincho' (yumindb.ttf) normal normal 600 normal>) = 10.24
2024-11-05 09:32:58,992 DEBUG:findfont: score(<Font 'Wingdings' (wingding.ttf) normal normal 400 normal>) = 10.05
2024-11-05 09:32:58,992 DEBUG:findfont: score(<Font 'HGGyoshotai' (HGRGY.TTC) normal normal 400 normal>) = 10.05
2024-11-05 09:32:58,992 DEBUG:findfont: score(<Font 'Century Gothic' (GOTHICBI.TTF) italic normal 700 normal>) = 11.335
2024-11-05 09:32:58,992 DEBUG:findfont: score(<Font 'BIZ UDGothic' (BIZ-UDGothicR.ttc) normal normal 400 normal>) = 10.05
2024-11-05 09:32:58,993 DEBUG:findfont: score(<Font 'Constantia' (constan.ttf) normal normal 400 normal>) = 10.05
2024-11-05 09:32:58,993 DEBUG:findfont: score(<Font 'Yu Mincho' (yumin.ttf) normal normal 400 normal>) = 10.05
2024-11-05 09:32:58,993 DEBUG:findfont: score(<Font 'Dubai' (DUBAI-REGULAR.TTF) normal normal 400 normal>) = 10.05
2024-11-05 09:32:58,993 DEBUG:findfont: score(<Font 'HGMinchoB' (HGRMB.TTC) normal normal 400 normal>) = 10.05
2024-11-05 09:32:58,993 DEBUG:findfont: score(<Font 'Consolas' (consolai.ttf) italic normal 400 normal>) = 11.05
2024-11-05 09:32:58,993 DEBUG:findfont: score(<Font 'Microsoft YaHei' (msyh.ttc) normal normal 400 normal>) = 10.05
2024-11-05 09:32:58,993 DEBUG:findfont: score(<Font 'Leelawadee' (LEELAWDB.TTF) normal normal 700 normal>) = 10.335
2024-11-05 09:32:58,993 DEBUG:findfont: score(<Font 'Microsoft YaHei' (msyhbd.ttc) normal normal 700 normal>) = 10.335
2024-11-05 09:32:58,993 DEBUG:findfont: score(<Font 'Calibri' (calibrii.ttf) italic normal 400 normal>) = 11.05
2024-11-05 09:32:58,993 DEBUG:findfont: score(<Font 'Cambria' (cambriai.ttf) italic normal 400 normal>) = 11.05
2024-11-05 09:32:58,993 DEBUG:findfont: score(<Font 'MS Reference Specialty' (REFSPCL.TTF) normal normal 400 normal>) = 10.05
2024-11-05 09:32:58,994 DEBUG:findfont: score(<Font 'Myanmar Text' (mmrtext.ttf) normal normal 400 normal>) = 10.05
2024-11-05 09:32:58,994 DEBUG:findfont: score(<Font 'HGSoeiKakugothicUB' (HGRSGU.TTC) normal normal 400 normal>) = 10.05
2024-11-05 09:32:58,994 DEBUG:findfont: score(<Font 'Verdana' (verdanab.ttf) normal normal 700 normal>) = 3.9713636363636367
2024-11-05 09:32:58,994 DEBUG:findfont: score(<Font 'Times New Roman' (times.ttf) normal normal 400 normal>) = 10.05
2024-11-05 09:32:58,994 DEBUG:findfont: score(<Font 'Consolas' (consolaz.ttf) italic normal 700 normal>) = 11.335
2024-11-05 09:32:58,994 DEBUG:findfont: score(<Font 'Corbel' (corbeli.ttf) italic normal 400 normal>) = 11.05
2024-11-05 09:32:58,994 DEBUG:findfont: score(<Font 'Bookman Old Style' (BOOKOSB.TTF) normal normal 600 normal>) = 10.24
2024-11-05 09:32:58,994 DEBUG:findfont: score(<Font 'Constantia' (constani.ttf) italic normal 400 normal>) = 11.05
2024-11-05 09:32:58,994 DEBUG:findfont: score(<Font 'Comic Sans MS' (comicz.ttf) italic normal 700 normal>) = 11.335
2024-11-05 09:32:58,994 DEBUG:findfont: score(<Font 'Microsoft New Tai Lue' (ntailub.ttf) normal normal 700 normal>) = 10.335
2024-11-05 09:32:58,994 DEBUG:findfont: score(<Font 'Garamond' (GARAIT.TTF) italic normal 400 normal>) = 11.05
2024-11-05 09:32:58,994 DEBUG:findfont: score(<Font 'Dubai' (DUBAI-MEDIUM.TTF) normal normal 500 normal>) = 10.145
2024-11-05 09:32:58,994 DEBUG:findfont: score(<Font 'Arial' (ARIALNB.TTF) normal normal 700 condensed>) = 6.8986363636363635
2024-11-05 09:32:58,995 DEBUG:findfont: score(<Font 'Yu Gothic' (YuGothL.ttc) normal normal 300 normal>) = 10.145
2024-11-05 09:32:58,995 DEBUG:findfont: score(<Font 'Cambria' (cambriaz.ttf) italic normal 700 normal>) = 11.335
2024-11-05 09:32:58,995 DEBUG:findfont: score(<Font 'Segoe UI Symbol' (seguisym.ttf) normal normal 400 normal>) = 10.05
2024-11-05 09:32:58,995 DEBUG:findfont: score(<Font 'MT Extra' (MTEXTRA.TTF) normal normal 400 normal>) = 10.05
2024-11-05 09:32:58,995 DEBUG:findfont: score(<Font 'Leelawadee' (LEELAWAD.TTF) normal normal 400 normal>) = 10.05
2024-11-05 09:32:58,995 DEBUG:findfont: score(<Font 'Segoe Script' (segoescb.ttf) normal normal 700 normal>) = 10.335
2024-11-05 09:32:58,995 DEBUG:findfont: score(<Font 'Times New Roman' (timesbd.ttf) normal normal 700 normal>) = 10.335
2024-11-05 09:32:58,995 DEBUG:findfont: score(<Font 'Microsoft JhengHei' (msjhbd.ttc) normal normal 700 normal>) = 10.335
2024-11-05 09:32:58,995 DEBUG:findfont: score(<Font 'Nirmala UI' (NirmalaB.ttf) normal normal 700 normal>) = 10.335
2024-11-05 09:32:58,995 DEBUG:findfont: score(<Font 'Segoe UI' (seguisbi.ttf) italic normal 600 normal>) = 11.24
2024-11-05 09:32:58,995 DEBUG:findfont: score(<Font 'Calibri' (calibrib.ttf) normal normal 700 normal>) = 10.335
2024-11-05 09:32:58,995 DEBUG:findfont: score(<Font 'Cambria' (cambria.ttc) normal normal 400 normal>) = 10.05
2024-11-05 09:32:58,995 DEBUG:findfont: score(<Font 'MS Gothic' (msgothic.ttc) normal normal 400 normal>) = 10.05
2024-11-05 09:32:58,995 DEBUG:findfont: score(<Font 'Bahnschrift' (bahnschrift.ttf) normal normal 400 normal>) = 10.05
2024-11-05 09:32:58,995 DEBUG:findfont: score(<Font 'Franklin Gothic Medium' (framd.ttf) normal normal 400 normal>) = 10.05
2024-11-05 09:32:58,996 DEBUG:findfont: score(<Font 'Microsoft Uighur' (MSUIGHUR.TTF) normal normal 400 normal>) = 10.05
2024-11-05 09:32:58,996 DEBUG:findfont: score(<Font 'Monotype Corsiva' (MTCORSVA.TTF) normal normal 400 normal>) = 10.05
2024-11-05 09:32:58,996 DEBUG:findfont: score(<Font 'HGGothicM' (HGRGM.TTC) normal normal 400 normal>) = 10.05
2024-11-05 09:32:58,996 DEBUG:findfont: score(<Font 'Calibri' (calibril.ttf) normal normal 300 normal>) = 10.145
2024-11-05 09:32:58,996 DEBUG:findfont: score(<Font 'Segoe UI' (seguibl.ttf) normal normal 900 normal>) = 10.525
2024-11-05 09:32:58,996 DEBUG:findfont: score(<Font 'Book Antiqua' (ANTQUAB.TTF) normal normal 700 normal>) = 10.335
2024-11-05 09:32:58,996 DEBUG:findfont: score(<Font 'Segoe UI Historic' (seguihis.ttf) normal normal 400 normal>) = 10.05
2024-11-05 09:32:58,996 DEBUG:findfont: score(<Font 'Times New Roman' (timesi.ttf) italic normal 400 normal>) = 11.05
2024-11-05 09:32:58,996 DEBUG:findfont: score(<Font 'Ebrima' (ebrimabd.ttf) normal normal 700 normal>) = 10.335
2024-11-05 09:32:58,996 DEBUG:findfont: score(<Font 'Comic Sans MS' (comici.ttf) italic normal 400 normal>) = 11.05
2024-11-05 09:32:58,996 DEBUG:findfont: score(<Font 'Microsoft PhagsPa' (phagspa.ttf) normal normal 400 normal>) = 10.05
2024-11-05 09:32:58,996 DEBUG:findfont: score(<Font 'Gadugi' (gadugib.ttf) normal normal 700 normal>) = 10.335
2024-11-05 09:32:58,996 DEBUG:findfont: score(<Font 'OCRB' (OCRB.TTF) normal normal 400 normal>) = 10.05
2024-11-05 09:32:58,996 DEBUG:findfont: score(<Font 'Verdana' (verdana.ttf) normal normal 400 normal>) = 3.6863636363636365
2024-11-05 09:32:58,996 DEBUG:findfont: score(<Font 'Bookman Old Style' (BOOKOS.TTF) normal normal 300 normal>) = 10.145
2024-11-05 09:32:58,997 DEBUG:findfont: score(<Font 'Wingdings 3' (WINGDNG3.TTF) normal normal 400 normal>) = 10.05
2024-11-05 09:32:58,997 DEBUG:findfont: score(<Font 'Microsoft New Tai Lue' (ntailu.ttf) normal normal 400 normal>) = 10.05
2024-11-05 09:32:58,997 DEBUG:findfont: score(<Font 'Marlett' (marlett.ttf) normal normal 500 normal>) = 10.145
2024-11-05 09:32:58,997 DEBUG:findfont: score(<Font 'Candara' (Candaraz.ttf) italic normal 700 normal>) = 11.335
2024-11-05 09:32:58,997 DEBUG:findfont: score(<Font 'Courier New' (cour.ttf) normal normal 400 normal>) = 10.05
2024-11-05 09:32:58,997 DEBUG:findfont: score(<Font 'Trebuchet MS' (trebuc.ttf) normal normal 400 normal>) = 10.05
2024-11-05 09:32:58,997 DEBUG:findfont: score(<Font 'Segoe UI' (segoeui.ttf) normal normal 400 normal>) = 10.05
2024-11-05 09:32:58,997 DEBUG:findfont: score(<Font 'Corbel' (corbelli.ttf) italic normal 300 normal>) = 11.145
2024-11-05 09:32:58,997 DEBUG:findfont: score(<Font 'Candara' (Candara.ttf) normal normal 400 normal>) = 10.05
2024-11-05 09:32:58,997 DEBUG:findfont: score(<Font 'Constantia' (constanb.ttf) normal normal 700 normal>) = 10.335
2024-11-05 09:32:58,997 DEBUG:findfont: score(<Font 'Sylfaen' (sylfaen.ttf) normal normal 400 normal>) = 10.05
2024-11-05 09:32:58,997 DEBUG:findfont: score(<Font 'Yu Gothic' (YuGothM.ttc) normal normal 500 normal>) = 10.145
2024-11-05 09:32:58,997 DEBUG:findfont: score(<Font 'Ebrima' (ebrima.ttf) normal normal 400 normal>) = 10.05
2024-11-05 09:32:58,997 DEBUG:findfont: score(<Font 'Verdana' (verdanai.ttf) italic normal 400 normal>) = 4.6863636363636365
2024-11-05 09:32:58,997 DEBUG:findfont: score(<Font 'Segoe UI' (segoeuib.ttf) normal normal 700 normal>) = 10.335
2024-11-05 09:32:58,998 DEBUG:findfont: score(<Font 'Palatino Linotype' (palab.ttf) normal normal 700 normal>) = 10.335
2024-11-05 09:32:58,998 DEBUG:findfont: score(<Font 'Arial' (ariali.ttf) italic normal 400 normal>) = 7.413636363636363
2024-11-05 09:32:58,998 DEBUG:findfont: score(<Font 'Segoe UI Emoji' (seguiemj.ttf) normal normal 400 normal>) = 10.05
2024-11-05 09:32:58,998 DEBUG:findfont: score(<Font 'Javanese Text' (javatext.ttf) normal normal 400 normal>) = 10.05
2024-11-05 09:32:58,998 DEBUG:findfont: score(<Font 'Leelawadee UI' (LeelUIsl.ttf) normal normal 350 normal>) = 10.0975
2024-11-05 09:32:58,998 DEBUG:findfont: score(<Font 'Segoe Script' (segoesc.ttf) normal normal 400 normal>) = 10.05
2024-11-05 09:32:58,998 DEBUG:findfont: score(<Font 'Georgia' (georgiab.ttf) normal normal 700 normal>) = 10.335
2024-11-05 09:32:58,998 DEBUG:findfont: score(<Font 'Corbel' (corbel.ttf) normal normal 400 normal>) = 10.05
2024-11-05 09:32:58,998 DEBUG:findfont: score(<Font 'UD Digi Kyokasho N-B' (UDDigiKyokashoN-B.ttc) normal normal 700 normal>) = 10.335
2024-11-05 09:32:58,998 DEBUG:findfont: score(<Font 'Sitka Small' (SitkaB.ttc) normal normal 700 normal>) = 10.335
2024-11-05 09:32:58,998 DEBUG:findfont: score(<Font 'Segoe Print' (segoepr.ttf) normal normal 400 normal>) = 10.05
2024-11-05 09:32:58,998 DEBUG:findfont: score(<Font 'Symbol' (symbol.ttf) normal normal 400 normal>) = 10.05
2024-11-05 09:32:58,998 DEBUG:findfont: score(<Font 'Arial' (arialbd.ttf) normal normal 700 normal>) = 6.698636363636363
2024-11-05 09:32:58,999 DEBUG:findfont: score(<Font 'Webdings' (webdings.ttf) normal normal 400 normal>) = 10.05
2024-11-05 09:32:58,999 DEBUG:findfont: score(<Font 'Candara' (Candarab.ttf) normal normal 700 normal>) = 10.335
2024-11-05 09:32:58,999 DEBUG:findfont: score(<Font 'Microsoft Himalaya' (himalaya.ttf) normal normal 400 normal>) = 10.05
2024-11-05 09:32:58,999 DEBUG:findfont: score(<Font 'HGMaruGothicMPRO' (HGRSMP.TTF) normal normal 400 normal>) = 10.05
2024-11-05 09:32:58,999 DEBUG:findfont: score(<Font 'Segoe UI' (segoeuil.ttf) normal normal 300 normal>) = 10.145
2024-11-05 09:32:58,999 DEBUG:findfont: score(<Font 'Lucida Console' (lucon.ttf) normal normal 400 normal>) = 10.05
2024-11-05 09:32:58,999 DEBUG:findfont: score(<Font 'Courier New' (courbi.ttf) italic normal 700 normal>) = 11.335
2024-11-05 09:32:58,999 DEBUG:findfont: score(<Font 'HGSoeiKakupoptai' (HGRPP1.TTC) normal normal 400 normal>) = 10.05
2024-11-05 09:32:58,999 DEBUG:findfont: score(<Font 'Arial' (ARIALNBI.TTF) italic normal 700 condensed>) = 7.8986363636363635
2024-11-05 09:32:58,999 DEBUG:findfont: score(<Font 'Arial' (arialbi.ttf) italic normal 700 normal>) = 7.698636363636363
2024-11-05 09:32:58,999 DEBUG:findfont: score(<Font 'HGSoeiPresenceEB' (HGRPRE.TTC) normal normal 400 normal>) = 10.05
2024-11-05 09:32:58,999 DEBUG:findfont: score(<Font 'Century Gothic' (GOTHICB.TTF) normal normal 700 normal>) = 10.335
2024-11-05 09:32:58,999 DEBUG:findfont: score(<Font 'HoloLens MDL2 Assets' (holomdl2.ttf) normal normal 400 normal>) = 10.05
2024-11-05 09:32:58,999 DEBUG:findfont: score(<Font 'Impact' (impact.ttf) normal normal 400 normal>) = 10.05
2024-11-05 09:32:59,000 DEBUG:findfont: score(<Font 'Georgia' (georgia.ttf) normal normal 400 normal>) = 10.05
2024-11-05 09:32:59,000 DEBUG:findfont: score(<Font 'Leelawadee UI' (LeelawUI.ttf) normal normal 400 normal>) = 10.05
2024-11-05 09:32:59,000 DEBUG:findfont: score(<Font 'Dubai' (DUBAI-LIGHT.TTF) normal normal 300 normal>) = 10.145
2024-11-05 09:32:59,000 DEBUG:findfont: score(<Font 'MV Boli' (mvboli.ttf) normal normal 400 normal>) = 10.05
2024-11-05 09:32:59,000 DEBUG:findfont: score(<Font 'Courier New' (couri.ttf) italic normal 400 normal>) = 11.05
2024-11-05 09:32:59,000 DEBUG:findfont: score(<Font 'Calibri' (calibriz.ttf) italic normal 700 normal>) = 11.335
2024-11-05 09:32:59,000 DEBUG:findfont: score(<Font 'Comic Sans MS' (comic.ttf) normal normal 400 normal>) = 10.05
2024-11-05 09:32:59,000 DEBUG:findfont: score(<Font 'Book Antiqua' (ANTQUABI.TTF) italic normal 700 normal>) = 11.335
2024-11-05 09:32:59,000 DEBUG:findfont: score(<Font 'Georgia' (georgiai.ttf) italic normal 400 normal>) = 11.05
2024-11-05 09:32:59,000 DEBUG:findfont: score(<Font 'Tahoma' (tahoma.ttf) normal normal 400 normal>) = 10.05
2024-11-05 09:32:59,000 DEBUG:findfont: score(<Font 'Segoe UI' (seguisli.ttf) italic normal 350 normal>) = 11.0975
2024-11-05 09:32:59,000 DEBUG:findfont: score(<Font 'Trebuchet MS' (trebucbd.ttf) normal normal 700 normal>) = 10.335
2024-11-05 09:32:59,000 DEBUG:findfont: score(<Font 'Mongolian Baiti' (monbaiti.ttf) normal normal 400 normal>) = 10.05
2024-11-05 09:32:59,000 DEBUG:findfont: score(<Font 'Palatino Linotype' (palabi.ttf) italic normal 700 normal>) = 11.335
2024-11-05 09:32:59,000 DEBUG:findfont: score(<Font 'Palatino Linotype' (pala.ttf) normal normal 400 normal>) = 10.05
2024-11-05 09:32:59,001 DEBUG:findfont: score(<Font 'Yu Gothic' (YuGothB.ttc) normal normal 700 normal>) = 10.335
2024-11-05 09:32:59,001 DEBUG:findfont: score(<Font 'Trebuchet MS' (trebucit.ttf) italic normal 400 normal>) = 11.05
2024-11-05 09:32:59,001 DEBUG:findfont: score(<Font 'Arial' (ARIALN.TTF) normal normal 400 condensed>) = 6.613636363636363
2024-11-05 09:32:59,001 DEBUG:findfont: score(<Font 'Sitka Small' (SitkaZ.ttc) italic normal 700 normal>) = 11.335
2024-11-05 09:32:59,001 DEBUG:findfont: score(<Font 'Comic Sans MS' (comicbd.ttf) normal normal 700 normal>) = 10.335
2024-11-05 09:32:59,001 DEBUG:findfont: score(<Font 'HGGothicE' (HGRGE.TTC) normal normal 400 normal>) = 10.05
2024-11-05 09:32:59,001 DEBUG:findfont: score(<Font 'Franklin Gothic Medium' (framdit.ttf) italic normal 400 normal>) = 11.05
2024-11-05 09:32:59,001 DEBUG:findfont: score(<Font 'Microsoft Tai Le' (taileb.ttf) normal normal 700 normal>) = 10.335
2024-11-05 09:32:59,001 DEBUG:findfont: score(<Font 'HGMinchoE' (HGRME.TTC) normal normal 400 normal>) = 10.05
2024-11-05 09:32:59,001 DEBUG:findfont: score(<Font 'Gabriola' (Gabriola.ttf) normal normal 400 normal>) = 10.05
2024-11-05 09:32:59,001 DEBUG:findfont: score(<Font 'SimSun-ExtB' (simsunb.ttf) normal normal 400 normal>) = 10.05
2024-11-05 09:32:59,001 DEBUG:findfont: score(<Font 'Arial' (ARIALNI.TTF) italic normal 400 condensed>) = 7.613636363636363
2024-11-05 09:32:59,001 DEBUG:findfont: score(<Font 'Segoe Print' (segoeprb.ttf) normal normal 700 normal>) = 10.335
2024-11-05 09:32:59,001 DEBUG:findfont: score(<Font 'Courier New' (courbd.ttf) normal normal 700 normal>) = 10.335
2024-11-05 09:32:59,001 DEBUG:findfont: score(<Font 'Corbel' (corbelz.ttf) italic normal 700 normal>) = 11.335
2024-11-05 09:32:59,002 DEBUG:findfont: score(<Font 'Yu Gothic' (YuGothR.ttc) normal normal 400 normal>) = 10.05
2024-11-05 09:32:59,002 DEBUG:findfont: score(<Font 'Microsoft PhagsPa' (phagspab.ttf) normal normal 700 normal>) = 10.335
2024-11-05 09:32:59,002 DEBUG:findfont: score(<Font 'Wingdings 2' (WINGDNG2.TTF) normal normal 400 normal>) = 10.05
2024-11-05 09:32:59,002 DEBUG:findfont: score(<Font 'Microsoft Yi Baiti' (msyi.ttf) normal normal 400 normal>) = 10.05
2024-11-05 09:32:59,002 DEBUG:findfont: score(<Font 'Arial' (arial.ttf) normal normal 400 normal>) = 6.413636363636363
2024-11-05 09:32:59,002 DEBUG:findfont: score(<Font 'Consolas' (consola.ttf) normal normal 400 normal>) = 10.05
2024-11-05 09:32:59,002 DEBUG:findfont: score(<Font 'Candara' (Candarali.ttf) italic normal 400 normal>) = 11.05
2024-11-05 09:32:59,002 DEBUG:findfont: score(<Font 'UD Digi Kyokasho N-R' (UDDigiKyokashoN-R.ttc) normal normal 400 normal>) = 10.05
2024-11-05 09:32:59,002 DEBUG:findfont: score(<Font 'BIZ UDMincho' (BIZ-UDMinchoM.ttc) normal normal 500 normal>) = 10.145
2024-11-05 09:32:59,002 DEBUG:findfont: score(<Font 'Meiryo' (meiryo.ttc) normal normal 400 normal>) = 10.05
2024-11-05 09:32:59,002 DEBUG:findfont: score(<Font 'Nirmala UI' (NirmalaS.ttf) normal normal 350 normal>) = 10.0975
2024-11-05 09:32:59,002 DEBUG:findfont: score(<Font 'Segoe UI' (seguili.ttf) italic normal 300 normal>) = 11.145
2024-11-05 09:32:59,002 DEBUG:findfont: score(<Font 'Candara' (Candaral.ttf) normal normal 400 normal>) = 10.05
2024-11-05 09:32:59,002 DEBUG:findfont: score(<Font 'Lucida Sans Unicode' (l_10646.ttf) normal normal 400 normal>) = 10.05
2024-11-05 09:32:59,003 DEBUG:findfont: score(<Font 'Candara' (Candarai.ttf) italic normal 400 normal>) = 11.05
2024-11-05 09:32:59,003 DEBUG:findfont: score(<Font 'Microsoft Uighur' (MSUIGHUB.TTF) normal normal 700 normal>) = 10.335
2024-11-05 09:32:59,003 DEBUG:findfont: score(<Font 'Calibri' (calibrili.ttf) italic normal 300 normal>) = 11.145
2024-11-05 09:32:59,003 DEBUG:findfont: score(<Font 'Tahoma' (tahomabd.ttf) normal normal 700 normal>) = 10.335
2024-11-05 09:32:59,003 DEBUG:findfont: score(<Font 'Constantia' (constanz.ttf) italic normal 700 normal>) = 11.335
2024-11-05 09:32:59,003 DEBUG:findfont: score(<Font 'Segoe MDL2 Assets' (segmdl2.ttf) normal normal 400 normal>) = 10.05
2024-11-05 09:32:59,003 DEBUG:findfont: score(<Font 'Meiryo' (meiryob.ttc) normal normal 700 normal>) = 10.335
2024-11-05 09:32:59,003 DEBUG:findfont: score(<Font 'Dubai' (DUBAI-BOLD.TTF) normal normal 700 normal>) = 10.335
2024-11-05 09:32:59,003 DEBUG:findfont: score(<Font 'Cambria' (cambriab.ttf) normal normal 700 normal>) = 10.335
2024-11-05 09:32:59,003 DEBUG:findfont: score(<Font 'Century' (CENTURY.TTF) normal normal 400 normal>) = 10.05
2024-11-05 09:32:59,003 DEBUG:findfont: score(<Font 'Microsoft JhengHei' (msjh.ttc) normal normal 400 normal>) = 10.05
2024-11-05 09:32:59,003 DEBUG:findfont: score(<Font 'Leelawadee UI' (LeelaUIb.ttf) normal normal 700 normal>) = 10.335
2024-11-05 09:32:59,003 DEBUG:findfont: score(<Font 'Malgun Gothic' (malgun.ttf) normal normal 400 normal>) = 10.05
2024-11-05 09:32:59,003 DEBUG:findfont: score(<Font 'Book Antiqua' (BKANT.TTF) normal normal 400 normal>) = 10.05
2024-11-05 09:32:59,003 DEBUG:findfont: score(<Font 'BIZ UDGothic' (BIZ-UDGothicB.ttc) normal normal 700 normal>) = 10.335
2024-11-05 09:32:59,004 DEBUG:findfont: score(<Font 'Myanmar Text' (mmrtextb.ttf) normal normal 700 normal>) = 10.335
2024-11-05 09:32:59,004 DEBUG:findfont: score(<Font 'Segoe UI' (segoeuisl.ttf) normal normal 350 normal>) = 10.0975
2024-11-05 09:32:59,004 DEBUG:findfont: score(<Font 'HGSeikaishotaiPRO' (HGRSKP.TTF) normal normal 400 normal>) = 10.05
2024-11-05 09:32:59,004 DEBUG:findfont: score(<Font 'Segoe UI' (seguisb.ttf) normal normal 600 normal>) = 10.24
2024-11-05 09:32:59,004 DEBUG:findfont: score(<Font 'Trebuchet MS' (trebucbi.ttf) italic normal 700 normal>) = 11.335
2024-11-05 09:32:59,004 DEBUG:findfont: score(<Font 'Microsoft YaHei' (msyhl.ttc) normal normal 290 normal>) = 10.1545
2024-11-05 09:32:59,004 DEBUG:findfont: score(<Font 'Microsoft Tai Le' (taile.ttf) normal normal 400 normal>) = 10.05
2024-11-05 09:32:59,004 DEBUG:findfont: score(<Font 'SimSun' (simsun.ttc) normal normal 400 normal>) = 10.05
2024-11-05 09:32:59,004 DEBUG:findfont: score(<Font 'Sitka Small' (Sitka.ttc) normal normal 400 normal>) = 10.05
2024-11-05 09:32:59,004 DEBUG:findfont: score(<Font 'Nirmala UI' (Nirmala.ttf) normal normal 400 normal>) = 10.05
2024-11-05 09:32:59,004 DEBUG:findfont: score(<Font 'Garamond' (GARABD.TTF) normal normal 700 normal>) = 10.335
2024-11-05 09:32:59,004 DEBUG:findfont: score(<Font 'Corbel' (corbelb.ttf) normal normal 700 normal>) = 10.335
2024-11-05 09:32:59,004 DEBUG:findfont: score(<Font 'Ink Free' (Inkfree.ttf) normal normal 400 normal>) = 10.05
2024-11-05 09:32:59,004 DEBUG:findfont: score(<Font 'Microsoft Sans Serif' (micross.ttf) normal normal 400 normal>) = 10.05
2024-11-05 09:32:59,004 DEBUG:findfont: score(<Font 'Garamond' (GARA.TTF) normal normal 400 normal>) = 10.05
2024-11-05 09:32:59,005 DEBUG:findfont: score(<Font 'MS Outlook' (OUTLOOK.TTF) normal normal 400 normal>) = 10.05
2024-11-05 09:32:59,005 DEBUG:findfont: score(<Font 'MingLiU-ExtB' (mingliub.ttc) normal normal 400 normal>) = 10.05
2024-11-05 09:32:59,005 DEBUG:findfont: score(<Font 'Bookman Old Style' (BOOKOSI.TTF) italic normal 300 normal>) = 11.145
2024-11-05 09:32:59,005 DEBUG:findfont: score(<Font 'Malgun Gothic' (malgunbd.ttf) normal normal 700 normal>) = 10.335
2024-11-05 09:32:59,005 DEBUG:findfont: score(<Font 'Palatino Linotype' (palai.ttf) italic normal 400 normal>) = 11.05
2024-11-05 09:32:59,005 DEBUG:findfont: score(<Font 'Gadugi' (gadugi.ttf) normal normal 400 normal>) = 10.05
2024-11-05 09:32:59,005 DEBUG:findfont: score(<Font 'Book Antiqua' (ANTQUAI.TTF) italic normal 400 normal>) = 11.05
2024-11-05 09:32:59,005 DEBUG:findfont: score(<Font 'Century Gothic' (GOTHIC.TTF) normal normal 400 normal>) = 10.05
2024-11-05 09:32:59,005 DEBUG:findfont: score(<Font 'Calibri' (calibri.ttf) normal normal 400 normal>) = 10.05
2024-11-05 09:32:59,005 DEBUG:findfont: score(<Font 'Bookman Old Style' (BOOKOSBI.TTF) italic normal 600 normal>) = 11.24
2024-11-05 09:32:59,005 DEBUG:findfont: score(<Font 'Century Gothic' (GOTHICI.TTF) italic normal 400 normal>) = 11.05
2024-11-05 09:32:59,005 DEBUG:findfont: score(<Font 'MS Reference Sans Serif' (REFSAN.TTF) normal normal 400 normal>) = 10.05
2024-11-05 09:32:59,005 DEBUG:findfont: score(<Font 'Sitka Small' (SitkaI.ttc) italic normal 400 normal>) = 11.05
2024-11-05 09:32:59,005 DEBUG:findfont: score(<Font 'Segoe UI' (seguibli.ttf) italic normal 900 normal>) = 11.525
2024-11-05 09:32:59,005 DEBUG:findfont: score(<Font 'Consolas' (consolab.ttf) normal normal 700 normal>) = 10.335
2024-11-05 09:32:59,006 DEBUG:findfont: score(<Font 'Yu Mincho' (yuminl.ttf) normal normal 300 normal>) = 10.145
2024-11-05 09:32:59,006 DEBUG:findfont: score(<Font 'Bookshelf Symbol 7' (BSSYM7.TTF) normal normal 400 normal>) = 10.05
2024-11-05 09:32:59,006 DEBUG:findfont: score(<Font 'Times New Roman' (timesbi.ttf) italic normal 700 normal>) = 11.335
2024-11-05 09:32:59,006 DEBUG:findfont: score(<Font 'Microsoft JhengHei' (msjhl.ttc) normal normal 290 normal>) = 10.1545
2024-11-05 09:32:59,006 DEBUG:findfont: score(<Font 'HGKyokashotai' (HGRKK.TTC) normal normal 400 normal>) = 10.05
2024-11-05 09:32:59,006 DEBUG:findfont: score(<Font 'Verdana' (verdanaz.ttf) italic normal 700 normal>) = 4.971363636363637
2024-11-05 09:32:59,006 DEBUG:findfont: score(<Font 'Arial' (ariblk.ttf) normal normal 900 normal>) = 6.888636363636364
2024-11-05 09:32:59,006 DEBUG:findfont: score(<Font 'MS Mincho' (msmincho.ttc) normal normal 400 normal>) = 10.05
2024-11-05 09:32:59,006 DEBUG:findfont: score(<Font 'Corbel' (corbell.ttf) normal normal 300 normal>) = 10.145
2024-11-05 09:32:59,006 DEBUG:findfont: score(<Font 'Georgia' (georgiaz.ttf) italic normal 700 normal>) = 11.335
2024-11-05 09:32:59,006 DEBUG:findfont: score(<Font 'Segoe UI' (segoeuiz.ttf) italic normal 700 normal>) = 11.335
2024-11-05 09:32:59,006 DEBUG:findfont: score(<Font 'Malgun Gothic' (malgunsl.ttf) normal normal 300 normal>) = 10.145
2024-11-05 09:32:59,006 DEBUG:findfont: Matching sans\-serif:style=normal:variant=normal:weight=normal:stretch=normal:size=12.0 to DejaVu Sans ('C:\\Users\\taiko\\anaconda3\\envs\\detectron2_env\\lib\\site-packages\\matplotlib\\mpl-data\\fonts\\ttf\\DejaVuSans.ttf') with score of 0.050000.
2024-11-05 09:33:03,138 INFO:Query Camera Positions: [[-2.64142148  2.42679491 -1.37840229]
 [-1.50648758  3.6878357   1.35153342]
 [ 1.16235622  2.12734531  3.54901088]]
2024-11-05 09:33:03,139 INFO:Train Camera Positions: [[-2.99958881 -0.22771734 -2.15274896]
 [-3.65636888 -0.11683224 -0.37752894]
 [-3.08450418  0.07960234  2.00215612]]
2024-11-05 09:33:04,951 INFO:Filtering outliers with threshold: 1e-05
2024-11-05 09:33:05,077 INFO:Filtering outliers with threshold: 1e-05
2024-11-05 09:33:05,320 INFO:Query Object Volume: 0.0027031099842395345
2024-11-05 09:33:05,320 INFO:Train Object Volume: 0.00260036115342336
2024-11-05 09:33:05,336 INFO:Query Object Volume Down: 0.0025837165769498783
2024-11-05 09:33:05,336 INFO:Train Object Volume Down: 0.0024720978112414147
2024-11-05 09:33:05,340 INFO:Estimated Pretreetment Rotation Matrix: [[ 0.31251422 -0.88805161 -0.33719313]
 [ 0.76236477  0.44624376 -0.46868589]
 [ 0.56668759 -0.11059316  0.81647678]]
2024-11-05 09:33:05,340 INFO:Estimated Pretreetment Translation Matrix: [-1.19630902 -0.03424458 -0.23520266]
2024-11-05 09:33:05,341 INFO:Estimated Pretreetment Scale: 0.651647724247965
2024-11-05 09:33:14,621 INFO:Estimating Affine Matrix with CPD...
2024-11-05 09:33:24,610 INFO:Estimated B: [[ 0.89674744 -0.04094306  0.27944736]
 [ 0.07643018  1.02433614 -0.07282678]
 [-0.24179649  0.00712427  0.91716298]]
2024-11-05 09:33:24,611 INFO:Estimated t: [ 0.00156481  0.01904192 -0.00716999]
2024-11-05 09:33:28,952 INFO:Transformed Query Object Volume: 0.002362703994513828
2024-11-05 09:33:28,952 INFO:Train Object Volume: 0.0024720978112414142
2024-11-05 09:33:34,118 INFO:Train Camera Positions: [[[-3.58600719e+00 -3.23102396e+00 -3.49894751e+00]
  [-2.46030806e-01  1.08952428e-01 -1.58971119e-01]
  [-1.20880499e+00 -8.53821754e-01 -1.12174530e+00]]

 [[-3.08199774e+00 -2.72701451e+00 -2.99493805e+00]
  [-3.10126265e-01  4.48569687e-02 -2.23066578e-01]
  [-2.23515789e+00 -1.88017466e+00 -2.14809820e+00]]

 [[-3.37145782e+00 -3.01647459e+00 -3.28439813e+00]
  [-2.81268898e-01  7.37143356e-02 -1.94209212e-01]
  [-1.74469251e+00 -1.38970927e+00 -1.65763282e+00]]

 [[-3.52347321e+00 -3.16848997e+00 -3.43641352e+00]
  [-2.57376607e-01  9.76066265e-02 -1.70316921e-01]
  [-1.39188434e+00 -1.03690110e+00 -1.30482465e+00]]

 [[-3.73877780e+00 -3.38379457e+00 -3.65171812e+00]
  [-1.99241170e-01  1.55742064e-01 -1.12181484e-01]
  [-4.59937865e-01 -1.04954631e-01 -3.72878179e-01]]

 [[-3.28379584e+00 -2.92881260e+00 -3.19673615e+00]
  [-2.92525081e-01  6.24581522e-02 -2.05465395e-01]
  [-1.91294442e+00 -1.55796119e+00 -1.82588473e+00]]

 [[-3.71573310e+00 -3.36074987e+00 -3.62867341e+00]
  [-2.10333532e-01  1.44649702e-01 -1.23273846e-01]
  [-6.47262490e-01 -2.92279256e-01 -5.60202803e-01]]

 [[-3.75206633e+00 -3.39708310e+00 -3.66500664e+00]
  [-1.53892495e-01  2.01090739e-01 -6.68328083e-02]
  [ 1.17200180e-01  4.72183413e-01  2.04259866e-01]]

 [[-3.45257629e+00 -3.09759306e+00 -3.36551661e+00]
  [-2.70001361e-01  8.49818726e-02 -1.82941674e-01]
  [-1.57039382e+00 -1.21541058e+00 -1.48333413e+00]]

 [[-3.75292672e+00 -3.39794349e+00 -3.66586703e+00]
  [-1.82974588e-01  1.72008646e-01 -9.59149013e-02]
  [-2.70540906e-01  8.44423279e-02 -1.83481219e-01]]

 [[-3.63765387e+00 -3.28267064e+00 -3.55059418e+00]
  [-2.36851377e-01  1.18131857e-01 -1.49791691e-01]
  [-1.02983277e+00 -6.74849539e-01 -9.42773086e-01]]

 [[-3.73644488e+00 -3.38146165e+00 -3.64938519e+00]
  [-1.38248237e-01  2.16734997e-01 -5.11885504e-02]
  [ 3.05781117e-01  6.60764350e-01  3.92840803e-01]]

 [[-3.62984622e+00 -3.27486299e+00 -3.54278653e+00]
  [-9.33326970e-02  2.61650537e-01 -6.27301046e-03]
  [ 8.73160906e-01  1.22814414e+00  9.60220592e-01]]

 [[-3.67438944e+00 -3.31940621e+00 -3.58732976e+00]
  [-1.08042300e-01  2.46940934e-01 -2.09826132e-02]
  [ 6.89888357e-01  1.04487159e+00  7.76948044e-01]]

 [[-3.57527429e+00 -3.22029106e+00 -3.48821460e+00]
  [-7.73697082e-02  2.77613525e-01  9.68997835e-03]
  [ 1.05797080e+00  1.41295404e+00  1.14503049e+00]]

 [[-3.26736160e+00 -2.91237837e+00 -3.18030191e+00]
  [-1.82363960e-02  3.36746838e-01  6.88232905e-02]
  [ 1.75464381e+00  2.10962704e+00  1.84170350e+00]]

 [[-2.40601294e+00 -2.05102971e+00 -2.31895326e+00]
  [ 7.78244295e-02  4.32807663e-01  1.64884116e-01]
  [ 2.77920807e+00  3.13419131e+00  2.86626776e+00]]

 [[-2.55045596e+00 -2.19547273e+00 -2.46339627e+00]
  [ 6.51121958e-02  4.20095429e-01  1.52171882e-01]
  [ 2.65311274e+00  3.00809598e+00  2.74017243e+00]]

 [[-3.35729071e+00 -3.00230748e+00 -3.27023103e+00]
  [-3.34745355e-02  3.21508698e-01  5.35851510e-02]
  [ 1.58726544e+00  1.94224867e+00  1.67432513e+00]]

 [[-3.43952551e+00 -3.08454228e+00 -3.35246582e+00]
  [-4.57586642e-02  3.09224569e-01  4.13010223e-02]
  [ 1.41328154e+00  1.76826478e+00  1.50034123e+00]]

 [[-3.51141456e+00 -3.15643132e+00 -3.42435487e+00]
  [-6.20456514e-02  2.92937582e-01  2.50140351e-02]
  [ 1.23893895e+00  1.59392219e+00  1.32599864e+00]]

 [[-3.16691311e+00 -2.81192987e+00 -3.07985342e+00]
  [-2.80658344e-03  3.52176650e-01  8.42531031e-02]
  [ 1.91974719e+00  2.27473042e+00  2.00680688e+00]]

 [[-3.05933258e+00 -2.70434935e+00 -2.97227290e+00]
  [ 1.06220137e-02  3.65605247e-01  9.76817003e-02]
  [ 2.07731779e+00  2.43230102e+00  2.16437747e+00]]

 [[-2.94309169e+00 -2.58810846e+00 -2.85603200e+00]
  [ 2.58860511e-02  3.80869285e-01  1.12945738e-01]
  [ 2.23157604e+00  2.58655928e+00  2.31863573e+00]]

 [[-2.09845223e+00 -1.74346900e+00 -2.01139254e+00]
  [ 1.03111953e-01  4.58095187e-01  1.90171640e-01]
  [ 3.00806167e+00  3.36304490e+00  3.09512135e+00]]

 [[-2.25548808e+00 -1.90050484e+00 -2.16842839e+00]
  [ 9.16698447e-02  4.46653078e-01  1.78729531e-01]
  [ 2.89659044e+00  3.25157367e+00  2.98365013e+00]]

 [[-1.76527782e+00 -1.41029459e+00 -1.67821814e+00]
  [ 1.24336954e-01  4.79320188e-01  2.11396641e-01]
  [ 3.20625598e+00  3.56123921e+00  3.29331566e+00]]

 [[-1.59468698e+00 -1.23970374e+00 -1.50762729e+00]
  [ 1.34692866e-01  4.89676100e-01  2.21752553e-01]
  [ 3.29065687e+00  3.64564011e+00  3.37771656e+00]]

 [[-1.23735462e+00 -8.82371390e-01 -1.15029494e+00]
  [ 1.55506738e-01  5.10489972e-01  2.42566425e-01]
  [ 3.43481764e+00  3.78980087e+00  3.52187733e+00]]

 [[-1.41696131e+00 -1.06197807e+00 -1.32990162e+00]
  [ 1.44002364e-01  4.98985598e-01  2.31062051e-01]
  [ 3.36811251e+00  3.72309575e+00  3.45517220e+00]]

 [[-8.67811931e-01 -5.12828697e-01 -7.80752244e-01]
  [ 1.73583626e-01  5.28566860e-01  2.60643313e-01]
  [ 3.54234277e+00  3.89732600e+00  3.62940245e+00]]

 [[-1.05206503e+00 -6.97081793e-01 -9.65005341e-01]
  [ 1.63920742e-01  5.18903976e-01  2.50980429e-01]
  [ 3.49346174e+00  3.84844498e+00  3.58052143e+00]]

 [[-2.94649437e-01  6.03337963e-02 -2.07589751e-01]
  [ 1.93407484e-01  5.48390718e-01  2.80467171e-01]
  [ 3.63213252e+00  3.98711575e+00  3.71919220e+00]]

 [[-4.82640364e-01 -1.27657131e-01 -3.95580678e-01]
  [ 1.86811165e-01  5.41794399e-01  2.73870851e-01]
  [ 3.61224644e+00  3.96722967e+00  3.69930613e+00]]

 [[-1.04042328e-01  2.50940906e-01 -1.69826411e-02]
  [ 1.98135138e-01  5.53118372e-01  2.85194825e-01]
  [ 3.64126190e+00  3.99624514e+00  3.72832159e+00]]

 [[ 6.68838548e-01  1.02382178e+00  7.55898234e-01]
  [ 2.11454210e-01  5.66437444e-01  2.98513897e-01]
  [ 3.58234227e+00  3.93732550e+00  3.66940196e+00]]

 [[ 1.04743912e+00  1.40242236e+00  1.13449881e+00]
  [ 2.13770453e-01  5.68753687e-01  3.00830140e-01]
  [ 3.49393524e+00  3.84891848e+00  3.58099493e+00]]

 [[ 4.85559339e-01  8.40542573e-01  5.72619026e-01]
  [ 2.09936868e-01  5.64920102e-01  2.96996555e-01]
  [ 3.61116126e+00  3.96614450e+00  3.69822095e+00]]

 [[ 1.22883074e+00  1.58381397e+00  1.31589042e+00]
  [ 2.14052576e-01  5.69035810e-01  3.01112263e-01]
  [ 3.43508667e+00  3.79006991e+00  3.52214636e+00]]

 [[ 1.40826271e+00  1.76324594e+00  1.49532239e+00]
  [ 2.10692980e-01  5.65676214e-01  2.97752667e-01]
  [ 3.36789902e+00  3.72288226e+00  3.45495871e+00]]

 [[ 1.58663127e+00  1.94161451e+00  1.67369096e+00]
  [ 2.10612363e-01  5.65595596e-01  2.97672049e-01]
  [ 3.29097193e+00  3.64595516e+00  3.37803162e+00]]

 [[ 1.76034784e+00  2.11533107e+00  1.84740752e+00]
  [ 2.06993446e-01  5.61976679e-01  2.94053132e-01]
  [ 3.20432778e+00  3.55931101e+00  3.29138747e+00]]

 [[ 1.92671951e+00  2.28170274e+00  2.01377920e+00]
  [ 2.05041756e-01  5.60024989e-01  2.92101442e-01]
  [ 3.11051096e+00  3.46549419e+00  3.19757064e+00]]

 [[ 2.08858492e+00  2.44356815e+00  2.17564461e+00]
  [ 2.01562253e-01  5.56545487e-01  2.88621939e-01]
  [ 3.00815050e+00  3.36313374e+00  3.09521019e+00]]

 [[ 2.81373841e+00  3.16872165e+00  2.90079810e+00]
  [ 1.72834609e-01  5.27817843e-01  2.59894296e-01]
  [ 2.37702340e+00  2.73200663e+00  2.46408309e+00]]

 [[ 2.68409244e+00  3.03907567e+00  2.77115212e+00]
  [ 1.77184166e-01  5.32167400e-01  2.64243853e-01]
  [ 2.51621886e+00  2.87120209e+00  2.60327855e+00]]

 [[ 2.54466166e+00  2.89964490e+00  2.63172135e+00]
  [ 1.85303312e-01  5.40286546e-01  2.72362998e-01]
  [ 2.65094741e+00  3.00593065e+00  2.73800710e+00]]

 [[ 2.40140513e+00  2.75638836e+00  2.48846481e+00]
  [ 1.90809876e-01  5.45793110e-01  2.77869563e-01]
  [ 2.77602263e+00  3.13100586e+00  2.86308231e+00]]

 [[ 2.25016080e+00  2.60514404e+00  2.33722049e+00]
  [ 1.96684526e-01  5.51667760e-01  2.83744213e-01]
  [ 2.89454859e+00  3.24953182e+00  2.98160828e+00]]

 [[ 3.26417072e+00  3.61915396e+00  3.35123041e+00]
  [ 1.35972779e-01  4.90956013e-01  2.23032466e-01]
  [ 1.75159414e+00  2.10657737e+00  1.83865382e+00]]

 [[ 3.16615314e+00  3.52113637e+00  3.25321282e+00]
  [ 1.46649769e-01  5.01633003e-01  2.33709456e-01]
  [ 1.91155508e+00  2.26653831e+00  1.99861477e+00]]

 [[ 3.43955597e+00  3.79453920e+00  3.52661565e+00]
  [ 1.14048194e-01  4.69031427e-01  2.01107880e-01]
  [ 1.40465082e+00  1.75963405e+00  1.49171050e+00]]

 [[ 3.57972214e+00  3.93470538e+00  3.66678183e+00]
  [ 8.81539240e-02  4.43137158e-01  1.75213611e-01]
  [ 1.04032399e+00  1.39530722e+00  1.12738367e+00]]

 [[ 3.63315403e+00  3.98813727e+00  3.72021372e+00]
  [ 7.40276855e-02  4.29010919e-01  1.61087372e-01]
  [ 8.59670309e-01  1.21465354e+00  9.46729996e-01]]

 [[ 3.67886457e+00  4.03384781e+00  3.76592426e+00]
  [ 6.19759184e-02  4.16959152e-01  1.49035605e-01]
  [ 6.73166136e-01  1.02814937e+00  7.60225822e-01]]

 [[ 3.74070545e+00  4.09568869e+00  3.82776514e+00]
  [ 3.31806516e-02  3.88163885e-01  1.20240338e-01]
  [ 2.92914730e-01  6.47897963e-01  3.79974416e-01]]

 [[ 3.75714739e+00  4.11213062e+00  3.84420707e+00]
  [ 1.97766096e-02  3.74759843e-01  1.06836296e-01]
  [ 9.85610852e-02  4.53544319e-01  1.85620772e-01]]

 [[ 3.71475595e+00  4.06973918e+00  3.80181563e+00]
  [ 4.81987034e-02  4.03181937e-01  1.35258390e-01]
  [ 4.81844357e-01  8.36827591e-01  5.68904044e-01]]

 [[ 3.68824770e+00  4.04323093e+00  3.77530738e+00]
  [-5.30624650e-02  3.01920769e-01  3.39972215e-02]
  [-8.61972517e-01 -5.06989283e-01 -7.74912830e-01]]

 [[ 3.72183436e+00  4.07681759e+00  3.80889405e+00]
  [-3.91162127e-02  3.15867021e-01  4.79434738e-02]
  [-6.72187190e-01 -3.17203956e-01 -5.85127503e-01]]

 [[ 3.76282965e+00  4.11781289e+00  3.84988934e+00]
  [ 4.38916491e-03  3.59372399e-01  9.14488514e-02]
  [-8.87304002e-02  2.66252833e-01 -1.67071369e-03]]

 [[ 3.64560747e+00  4.00059070e+00  3.73266715e+00]
  [-6.91672007e-02  2.85816033e-01  1.78924858e-02]
  [-1.04889808e+00 -6.93914850e-01 -9.61838397e-01]]

 [[ 3.74550802e+00  4.10049126e+00  3.83256771e+00]
  [-2.53553835e-02  3.29627850e-01  6.17043030e-02]
  [-4.83689015e-01 -1.28705781e-01 -3.96629329e-01]]

 [[ 3.59511210e+00  3.95009534e+00  3.68217179e+00]
  [-8.72446790e-02  2.67738555e-01 -1.84992515e-04]
  [-1.23089161e+00 -8.75908378e-01 -1.14383193e+00]]

 [[ 3.46071042e+00  3.81569365e+00  3.54777010e+00]
  [-1.17256510e-01  2.37726723e-01 -3.01968240e-02]
  [-1.59643013e+00 -1.24144690e+00 -1.50937044e+00]]

 [[ 3.37964712e+00  3.73463036e+00  3.46670681e+00]
  [-1.31177385e-01  2.23805849e-01 -4.41176981e-02]
  [-1.77260915e+00 -1.41762592e+00 -1.68554946e+00]]

 [[ 3.29138766e+00  3.64637089e+00  3.37844734e+00]
  [-1.45254010e-01  2.09729224e-01 -5.81943232e-02]
  [-1.94069748e+00 -1.58571424e+00 -1.85363779e+00]]

 [[ 3.08757109e+00  3.44255432e+00  3.17463077e+00]
  [-1.74086969e-01  1.80896265e-01 -8.70272822e-02]
  [-2.26669651e+00 -1.91171328e+00 -2.17963682e+00]]

 [[ 2.84682922e+00  3.20181245e+00  2.93388891e+00]
  [-2.03490625e-01  1.51492609e-01 -1.16430938e-01]
  [-2.57506802e+00 -2.22008479e+00 -2.48800834e+00]]

 [[ 2.71904821e+00  3.07403144e+00  2.80610789e+00]
  [-2.17740391e-01  1.37242843e-01 -1.30680704e-01]
  [-2.71525936e+00 -2.36027613e+00 -2.62819968e+00]]

 [[ 1.97436344e+00  2.32934667e+00  2.06142312e+00]
  [-2.84814354e-01  7.01688796e-02 -1.97754668e-01]
  [-3.31517035e+00 -2.96018711e+00 -3.22811066e+00]]

 [[ 3.19232111e+00  3.54730435e+00  3.27938080e+00]
  [-1.62036229e-01  1.92947004e-01 -7.49765427e-02]
  [-2.10819412e+00 -1.75321088e+00 -2.02113443e+00]]

 [[ 1.62890680e+00  1.98389004e+00  1.71596649e+00]
  [-3.05849070e-01  4.91341638e-02 -2.18789383e-01]
  [-3.50340415e+00 -3.14842091e+00 -3.41634446e+00]]

 [[ 2.13164996e+00  2.48663319e+00  2.21870965e+00]
  [-2.72233202e-01  8.27500315e-02 -1.85173516e-01]
  [-3.21273461e+00 -2.85775137e+00 -3.12567492e+00]]

 [[ 2.58102113e+00  2.93600436e+00  2.66808081e+00]
  [-2.34401367e-01  1.20581867e-01 -1.47341680e-01]
  [-2.85106935e+00 -2.49608612e+00 -2.76400966e+00]]

 [[ 2.43871375e+00  2.79369699e+00  2.52577344e+00]
  [-2.47498877e-01  1.07484356e-01 -1.60439191e-01]
  [-2.97826599e+00 -2.62328276e+00 -2.89120630e+00]]

 [[ 2.28823717e+00  2.64322041e+00  2.37529686e+00]
  [-2.59948067e-01  9.50351663e-02 -1.72888381e-01]
  [-3.10006564e+00 -2.74508241e+00 -3.01300596e+00]]

 [[ 1.45334812e+00  1.80833135e+00  1.54040780e+00]
  [-3.10648976e-01  4.43342579e-02 -2.23589289e-01]
  [-3.58116141e+00 -3.22617818e+00 -3.49410173e+00]]

 [[ 1.27263700e+00  1.62762023e+00  1.35969668e+00]
  [-3.26132275e-01  2.88509590e-02 -2.39072588e-01]
  [-3.65150731e+00 -3.29652408e+00 -3.56444763e+00]]

 [[ 1.08808637e+00  1.44306960e+00  1.17514605e+00]
  [-3.33427917e-01  2.15553162e-02 -2.46368231e-01]
  [-3.71233676e+00 -3.35735353e+00 -3.62527708e+00]]

 [[ 5.29204947e-01  8.84188180e-01  6.16264633e-01]
  [-3.52030925e-01  2.95230853e-03 -2.64971239e-01]
  [-3.83498337e+00 -3.48000013e+00 -3.74792368e+00]]

 [[ 7.16905980e-01  1.07188921e+00  8.03965667e-01]
  [-3.44749846e-01  1.02333874e-02 -2.57690160e-01]
  [-3.80324691e+00 -3.44826367e+00 -3.71618722e+00]]

 [[ 9.06630225e-01  1.26161346e+00  9.93689912e-01]
  [-3.38107601e-01  1.68756324e-02 -2.51047915e-01]
  [-3.76209848e+00 -3.40711525e+00 -3.67503880e+00]]

 [[ 3.37946373e-01  6.92929607e-01  4.25006060e-01]
  [-3.55628420e-01 -6.45186174e-04 -2.68568733e-01]
  [-3.85733983e+00 -3.50235660e+00 -3.77028015e+00]]

 [[-2.38441641e+00 -2.02943317e+00 -2.29735672e+00]
  [-3.47103891e-01  7.87934259e-03 -2.60044205e-01]
  [-3.03217784e+00 -2.67719461e+00 -2.94511816e+00]]

 [[-4.43377256e-01 -8.83940223e-02 -3.56317569e-01]
  [-3.71663226e-01 -1.66799921e-02 -2.84603539e-01]
  [-3.84715001e+00 -3.49216678e+00 -3.76009033e+00]]

 [[-1.74006782e+00 -1.38508458e+00 -1.65300813e+00]
  [-3.68493094e-01 -1.35098604e-02 -2.81433407e-01]
  [-3.45231386e+00 -3.09733062e+00 -3.36525417e+00]]

 [[-1.20214165e+00 -8.47158417e-01 -1.11508196e+00]
  [-3.74193327e-01 -1.92100932e-02 -2.87133640e-01]
  [-3.67894622e+00 -3.32396299e+00 -3.59188654e+00]]

 [[-5.38530551e-02  3.01130179e-01  3.32066315e-02]
  [-3.64427127e-01 -9.44389354e-03 -2.77367441e-01]
  [-3.87271562e+00 -3.51773239e+00 -3.78565594e+00]]

 [[-1.90397530e+00 -1.54899207e+00 -1.81691562e+00]
  [-3.65258869e-01 -1.02756358e-02 -2.78199183e-01]
  [-3.36311217e+00 -3.00812894e+00 -3.27605249e+00]]

 [[-2.23443377e+00 -1.87945054e+00 -2.14737409e+00]
  [-3.58131075e-01 -3.14784146e-03 -2.71071389e-01]
  [-3.14732524e+00 -2.79234201e+00 -3.06026555e+00]]

 [[-2.80616803e+00 -2.45118480e+00 -2.71910834e+00]
  [-3.29449828e-01  2.55334052e-02 -2.42390142e-01]
  [-2.63375983e+00 -2.27877660e+00 -2.54670015e+00]]

 [[-2.52971488e+00 -2.17473165e+00 -2.44265519e+00]
  [-3.42878002e-01  1.21052315e-02 -2.55818316e-01]
  [-2.90883017e+00 -2.55384693e+00 -2.82177048e+00]]

 [[-3.16493164e+00 -2.80994841e+00 -3.07787196e+00]
  [-3.04392743e-01  5.05904902e-02 -2.17333057e-01]
  [-2.17321721e+00 -1.81823397e+00 -2.08615752e+00]]

 [[-3.26830000e+00 -2.91331677e+00 -3.18124032e+00]
  [-2.93829729e-01  6.11535048e-02 -2.06770042e-01]
  [-2.00753061e+00 -1.65254738e+00 -1.92047092e+00]]

 [[-3.35934555e+00 -3.00436232e+00 -3.27228586e+00]
  [-2.83134559e-01  7.18486743e-02 -1.96074873e-01]
  [-1.84297528e+00 -1.48799205e+00 -1.75591560e+00]]

 [[-3.44291897e+00 -3.08793574e+00 -3.35585929e+00]
  [-2.71153242e-01  8.38299917e-02 -1.84093555e-01]
  [-1.67167956e+00 -1.31669633e+00 -1.58461987e+00]]]
