2024-11-25 14:01:28,866 INFO:Model BOX-A is read.
2024-11-25 14:01:29,172 INFO:Model pole-18-8-24 is read.
2024-11-25 14:01:29,755 INFO:Filtering outliers with threshold: 1e-05
2024-11-25 14:01:29,858 INFO:Filtering outliers with threshold: 1e-05
2024-11-25 14:01:30,116 INFO:Query Object Volume: 0.002681213046519368
2024-11-25 14:01:30,117 INFO:Train Object Volume: 0.002599223004727042
2024-11-25 14:01:30,132 INFO:Query Object Volume Down: 0.002567093466150822
2024-11-25 14:01:30,132 INFO:Train Object Volume Down: 0.0024730296100630308
2024-11-25 14:01:30,136 INFO:Estimated Pretreetment Rotation Matrix: [[ 0.31305695 -0.88772762 -0.33754263]
 [ 0.76210577  0.44689141 -0.46848997]
 [ 0.56673639 -0.11057915  0.8164448 ]]
2024-11-25 14:01:30,225 INFO:Estimated Pretreetment Translation Matrix: [-1.19742968 -0.03577367 -0.23521949]
2024-11-25 14:01:30,225 INFO:Estimated Pretreetment Scale: 0.6513600120294354
2024-11-25 14:01:31,007 INFO:Estimating Affine Matrix with CPD...
2024-11-25 14:01:42,218 INFO:Estimated R: [[ 0.95506866 -0.05348338  0.2915191 ]
 [ 0.05266671  0.99855531  0.01065384]
 [-0.29166775  0.0051782   0.95650568]]
2024-11-25 14:01:42,218 INFO:Estimated t: [ 0.00091605  0.0176174  -0.00515859]
2024-11-25 14:01:42,218 INFO:Estimated s: 0.967728703057655
2024-11-25 14:01:42,219 INFO:Estimated B: [[ 0.92424735 -0.05175741  0.2821114 ]
 [ 0.05096708  0.96633064  0.01031002]
 [-0.28225525  0.0050111   0.925638  ]]
2024-11-25 14:01:42,220 INFO:Estimated t: [ 0.00091605  0.0176174  -0.00515859]
2024-11-25 14:01:42,590 INFO:Transformed Query Object Volume: 0.0023264972787124623
2024-11-25 14:01:42,591 INFO:Train Object Volume: 0.002473029610063031
2024-11-25 14:01:43,326 INFO:Processed all images in Input
2024-11-25 14:01:43,370 INFO:qvec: (0.8026071538323498, -0.41141640803381707, -0.2990602451803819, 0.3116428493810446)
2024-11-25 14:01:43,371 INFO:tvec: (1.880255208810751, 0.7478486696871159, 3.4167599520412186)
2024-11-25 14:01:43,372 INFO:new_qvec: [ 0.84267308 -0.48557891  0.23225534 -0.0131397 ]
2024-11-25 14:01:43,372 INFO:qvec: (0.8723533684193528, -0.33579067653659755, -0.24515957588445653, 0.25717893481126425)
2024-11-25 14:01:43,372 INFO:tvec: (1.836158703158302, 0.6954487924594308, 3.303276573470377)
2024-11-25 14:01:43,373 INFO:new_qvec: [ 0.86390624 -0.42030157  0.25022174 -0.12000698]
2024-11-25 14:01:43,373 INFO:qvec: (0.7755317129660331, -0.4360389546784563, -0.31635941154155517, 0.3291463427048374)
2024-11-25 14:01:43,374 INFO:tvec: (1.890424775345723, 0.7708735498161097, 3.4530854105186846)
2024-11-25 14:01:43,374 INFO:new_qvec: [ 0.83206682 -0.50628132  0.22535072  0.02368728]
2024-11-25 14:01:43,375 INFO:qvec: (0.9297496564835632, -0.25126775246294974, -0.18500338381755374, 0.19545802827453485)
2024-11-25 14:01:43,375 INFO:tvec: (1.770604616553786, 0.6678587083206413, 3.1888730821479583)
2024-11-25 14:01:43,376 INFO:new_qvec: [ 0.87072814 -0.34533612  0.26434813 -0.22955507]
2024-11-25 14:01:43,377 INFO:qvec: (0.912680463276185, -0.2794873082897409, -0.2053960490179041, 0.21613347613629513)
2024-11-25 14:01:43,378 INFO:tvec: (1.794821181357917, 0.674126233067262, 3.227773838229604)
2024-11-25 14:01:43,378 INFO:new_qvec: [ 0.870253   -0.37073728  0.25998168 -0.1939668 ]
2024-11-25 14:01:43,379 INFO:qvec: (-0.2668955780140343, 0.6724849201014984, 0.4850910039193139, -0.491138982966317)
2024-11-25 14:01:43,379 INFO:tvec: (1.74981603371354, 1.2641834150021272, 3.763002312151482)
2024-11-25 14:01:43,380 INFO:new_qvec: [-0.52827796  0.68041961 -0.08623526 -0.50051477]
2024-11-25 14:01:43,380 INFO:qvec: (0.7475719442290224, -0.45881607201429464, -0.33241558449109526, 0.34658891997647107)
2024-11-25 14:01:43,380 INFO:tvec: (1.8951250654351424, 0.7984543810122734, 3.486442269237269)
2024-11-25 14:01:43,381 INFO:new_qvec: [ 0.82057514 -0.52478241  0.21823936  0.06026144]
2024-11-25 14:01:43,381 INFO:qvec: (0.9796427206124405, -0.13432022205232264, -0.09955748920059647, 0.11111491458370398)
2024-11-25 14:01:43,381 INFO:tvec: (1.6542554355432004, 0.680894898722753, 3.0406771333786575)
2024-11-25 14:01:43,382 INFO:new_qvec: [ 0.85639332 -0.23688676  0.27747125 -0.36535579]
2024-11-25 14:01:43,382 INFO:qvec: (0.9934549298053016, -0.07388852014806868, -0.05623114820313432, 0.06652703967282031)
2024-11-25 14:01:43,383 INFO:tvec: (1.5918998792162156, 0.7055404885545251, 2.9804166932764904)
2024-11-25 14:01:43,383 INFO:new_qvec: [ 0.83909648 -0.18021989  0.28010503 -0.43009192]
2024-11-25 14:01:43,384 INFO:qvec: (0.6187585275165094, -0.5459812791003641, -0.3922839386483557, 0.40639345341191796)
2024-11-25 14:01:43,384 INFO:tvec: (1.900087506573507, 0.9169503099904677, 3.614337985285459)
2024-11-25 14:01:43,384 INFO:new_qvec: [ 0.75507634 -0.59429799  0.18537101  0.20568715]
2024-11-25 14:01:43,384 INFO:qvec: (0.9998382255689156, 0.016240925075538228, 0.007619995918011526, 0.0013002715495847163)
2024-11-25 14:01:43,385 INFO:tvec: (1.4968989652587785, 0.7681779741217573, 2.9093602363816036)
2024-11-25 14:01:43,385 INFO:new_qvec: [ 0.80276002 -0.09415601  0.27955492 -0.51822779]
2024-11-25 14:01:43,385 INFO:qvec: (0.8936333947054367, -0.3079063887593046, -0.22553818344070978, 0.23610493310963665)
2024-11-25 14:01:43,386 INFO:tvec: (1.8176495423861123, 0.6812221845703099, 3.268129403953685)
2024-11-25 14:01:43,386 INFO:new_qvec: [ 0.86773587 -0.3961476   0.25528321 -0.15789876]
2024-11-25 14:01:43,386 INFO:qvec: (-0.14404805691368633, 0.6903419868713038, 0.49838850772270676, -0.5042687714224484)
2024-11-25 14:01:43,386 INFO:tvec: (1.6646118410104103, 1.364711483900661, 3.745412104002788)
2024-11-25 14:01:43,387 INFO:new_qvec: [-0.4381884   0.68419007 -0.05159987 -0.58069986]
2024-11-25 14:01:43,387 INFO:qvec: (-0.35490482090312137, 0.650971062185132, 0.47085177217036867, -0.47809816245338965)
2024-11-25 14:01:43,387 INFO:tvec: (1.7998704440788225, 1.1877315678649227, 3.7556899409962874)
2024-11-25 14:01:43,388 INFO:new_qvec: [-0.59059595  0.66932118 -0.10994355 -0.43717045]
2024-11-25 14:01:43,388 INFO:qvec: (0.5492010685955546, -0.5801929197139801, -0.41836290465836384, 0.432119013899047)
2024-11-25 14:01:43,388 INFO:tvec: (1.8817300606589111, 0.9940020441661234, 3.6606045854831617)
2024-11-25 14:01:43,389 INFO:new_qvec: [ 0.71600545 -0.620156    0.16529828  0.27462558]
2024-11-25 14:01:43,389 INFO:qvec: (-0.3124777238467162, 0.6623958476489086, 0.4787444330034148, -0.48414169515266736)
2024-11-25 14:01:43,389 INFO:tvec: (1.7780046702944563, 1.2255956606020284, 3.765945975015646)
2024-11-25 14:01:43,390 INFO:new_qvec: [-0.56060122  0.67611389 -0.09820342 -0.46792347]
2024-11-25 14:01:43,390 INFO:qvec: (0.584682428357564, -0.5633313663356503, -0.4050065907923434, 0.420444872827669)
2024-11-25 14:01:43,390 INFO:tvec: (1.890952183667952, 0.9549844016611577, 3.6345610845485066)
2024-11-25 14:01:43,390 INFO:new_qvec: [ 0.73659919 -0.60700372  0.1760449   0.2407827 ]
2024-11-25 14:01:43,391 INFO:qvec: (-0.10194978854846465, 0.6929827861834538, 0.5007783585418114, -0.508529383894884)
2024-11-25 14:01:43,391 INFO:tvec: (1.6305624867715847, 1.3950223096745311, 3.724185333956309)
2024-11-25 14:01:43,392 INFO:new_qvec: [-0.40697055  0.68164395 -0.03965556 -0.60676513]
2024-11-25 14:01:43,392 INFO:qvec: (-0.05749140934940716, 0.6960910888978687, 0.5025741749661403, -0.5094812385800892)
2024-11-25 14:01:43,392 INFO:tvec: (1.6000691813739263, 1.4233806548423535, 3.711183454251159)
2024-11-25 14:01:43,393 INFO:new_qvec: [-0.37193865  0.67983665 -0.02739455 -0.63145333]
2024-11-25 14:01:43,393 INFO:qvec: (0.2015901698002639, 0.6843451734730174, 0.4929898121651241, -0.4979900923567478)
2024-11-25 14:01:43,393 INFO:tvec: (1.411961303886643, 1.533538953384259, 3.5573877241680316)
2024-11-25 14:01:43,394 INFO:new_qvec: [-0.15671495  0.63983589  0.04521103 -0.75100361]
2024-11-25 14:01:43,395 INFO:qvec: (-0.012434116049416638, 0.6971591039066789, 0.5037148994984859, -0.50998615336236)
2024-11-25 14:01:43,395 INFO:tvec: (1.5657496746252606, 1.450807342421318, 3.6903873103080094)
2024-11-25 14:01:43,395 INFO:new_qvec: [-0.33623933  0.67611434 -0.01439219 -0.65544288]
2024-11-25 14:01:43,396 INFO:qvec: (0.15919020880938434, 0.689486566590837, 0.4965771848968485, -0.5026707186120205)
2024-11-25 14:01:43,396 INFO:tvec: (1.4428263338239293, 1.5211513826058418, 3.5874121518112383)
2024-11-25 14:01:43,396 INFO:new_qvec: [-0.19358617  0.64921455  0.03298243 -0.73481768]
2024-11-25 14:01:43,397 INFO:qvec: (0.2455944388108945, 0.6766500357403823, 0.48868825769006, -0.4929623591650328)
2024-11-25 14:01:43,397 INFO:tvec: (1.3778708854864983, 1.5433926452594964, 3.521676881341159)
2024-11-25 14:01:43,397 INFO:new_qvec: [-0.11846135  0.62795958  0.05866951 -0.76693648]
2024-11-25 14:01:43,398 INFO:qvec: (0.115369073471621, 0.6935941391771805, 0.4998546151892807, -0.5057296814102785)
2024-11-25 14:01:43,398 INFO:tvec: (1.4740222212547283, 1.5078802248826024, 3.617028899804624)
2024-11-25 14:01:43,399 INFO:new_qvec: [-0.23079249  0.65821946  0.02081688 -0.71627413]
2024-11-25 14:01:43,399 INFO:qvec: (0.3687779759214459, 0.6494834769546547, 0.46779362986007256, -0.4725919355009261)
2024-11-25 14:01:43,399 INFO:tvec: (1.3005309490224448, 1.5423724904266005, 3.4161216465146524)
2024-11-25 14:01:43,400 INFO:new_qvec: [-0.0062736   0.58742274  0.09283237 -0.80391375]
2024-11-25 14:01:43,400 INFO:qvec: (0.4095815841226499, 0.6378782556547001, 0.45901170845484984, -0.463316855307313)
2024-11-25 14:01:43,400 INFO:tvec: (1.2782523736141287, 1.536121050377618, 3.3809896051574038)
2024-11-25 14:01:43,401 INFO:new_qvec: [ 0.03242025  0.57165903  0.10427657 -0.81319203]
2024-11-25 14:01:43,401 INFO:qvec: (0.44962961698740816, 0.6246200778111731, 0.44922258063430137, -0.45374226050829713)
2024-11-25 14:01:43,401 INFO:tvec: (1.25676801809736, 1.5253292084272163, 3.340930630267364)
2024-11-25 14:01:43,401 INFO:new_qvec: [ 0.07076107  0.55421971  0.11558248 -0.82126371]
2024-11-25 14:01:43,402 INFO:qvec: (0.48961831162874947, 0.6103777872528456, 0.43879384938284927, -0.4417836840467452)
2024-11-25 14:01:43,402 INFO:tvec: (1.2376465576052336, 1.514361084513882, 3.301467415788593)
2024-11-25 14:01:43,402 INFO:new_qvec: [ 0.11034992  0.53634002  0.12712993 -0.82704308]
2024-11-25 14:01:43,403 INFO:qvec: (0.6005011620079482, 0.5625412919229428, 0.3988910960415472, -0.4047610934953405)
2024-11-25 14:01:43,403 INFO:tvec: (1.2099523993713381, 1.449716573979555, 3.190298941476311)
2024-11-25 14:01:43,403 INFO:new_qvec: [ 0.22427353  0.47550763  0.1550522  -0.83639267]
2024-11-25 14:01:43,404 INFO:qvec: (0.6356344293500968, 0.5441173686446946, 0.3845943670020143, -0.3898619425312892)
2024-11-25 14:01:43,404 INFO:tvec: (1.2035309199640454, 1.4254379322611304, 3.151853011739374)
2024-11-25 14:01:43,404 INFO:new_qvec: [ 0.26210022  0.45365371  0.16460455 -0.83570756]
2024-11-25 14:01:43,405 INFO:qvec: (0.7022251703153127, 0.5042543024474427, 0.3538500785057013, -0.3569279066987928)
2024-11-25 14:01:43,405 INFO:tvec: (1.1981294579349329, 1.3736597087124867, 3.081656459916114)
2024-11-25 14:01:43,405 INFO:new_qvec: [ 0.33668479  0.40771373  0.18284689 -0.82884249]
2024-11-25 14:01:43,406 INFO:qvec: (0.6678243269979146, 0.525459254221737, 0.37112150624323603, -0.37439560364174973)
2024-11-25 14:01:43,406 INFO:tvec: (1.1966537810741404, 1.403618865331834, 3.11996263677375)
2024-11-25 14:01:43,406 INFO:new_qvec: [ 0.29759799  0.43252318  0.17417259 -0.83308045]
2024-11-25 14:01:43,407 INFO:qvec: (0.8078380832026896, 0.41686679465877824, 0.296837130504214, -0.2924165261956734)
2024-11-25 14:01:43,407 INFO:tvec: (1.1928212744165503, 1.257639259505185, 2.966808683096902)
2024-11-25 14:01:43,407 INFO:new_qvec: [ 0.46091644  0.31467672  0.21894398 -0.80037374]
2024-11-25 14:01:43,408 INFO:qvec: (0.7811057287958669, 0.44196950871180163, 0.31397100420852186, -0.309772500922239)
2024-11-25 14:01:43,408 INFO:tvec: (1.187608285560623, 1.2951450971207803, 2.996474805965673)
2024-11-25 14:01:43,409 INFO:new_qvec: [ 0.42851478  0.34172016  0.21032867 -0.80954572]
2024-11-25 14:01:43,409 INFO:qvec: (0.9333458557031221, 0.25596923756839596, 0.18100603651865277, -0.17487732215547314)
2024-11-25 14:01:43,409 INFO:tvec: (1.2919027109035248, 1.0238846529335646, 2.8627893576944428)
2024-11-25 14:01:43,410 INFO:new_qvec: [ 0.63674006  0.1451344   0.25713138 -0.71230721]
2024-11-25 14:01:43,410 INFO:qvec: (0.9169896336595856, 0.2836545248568993, 0.20056449482985794, -0.19607143010318837)
2024-11-25 14:01:43,410 INFO:tvec: (1.2716581789616903, 1.0589917971285387, 2.8698830435627625)
2024-11-25 14:01:43,411 INFO:new_qvec: [ 0.61029826  0.17325858  0.25162959 -0.73088991]
2024-11-25 14:01:43,411 INFO:qvec: (0.856700168407757, 0.365898252612812, 0.26059717249011444, -0.2535200265761447)
2024-11-25 14:01:43,411 INFO:tvec: (1.212837647957004, 1.1857499948048196, 2.9213297297383085)
2024-11-25 14:01:43,412 INFO:new_qvec: [ 0.52464695  0.26065569  0.234154   -0.77587119]
2024-11-25 14:01:43,412 INFO:qvec: (0.9484258212253732, 0.22616171637409896, 0.16022392861495732, -0.15384288211967112)
2024-11-25 14:01:43,412 INFO:tvec: (1.3154719143254214, 0.9827561140315088, 2.8532292653126103)
2024-11-25 14:01:43,413 INFO:new_qvec: [ 0.66218361  0.11477545  0.2623645  -0.69246252]
2024-11-25 14:01:43,413 INFO:qvec: (0.9890417010844438, 0.10915737134002391, 0.07359218861476803, -0.06682343580671674)
2024-11-25 14:01:43,413 INFO:tvec: (1.4336107949235235, 0.8460624174895692, 2.8712379143147713)
2024-11-25 14:01:43,414 INFO:new_qvec: [ 0.7508602  -0.00366597  0.27411243 -0.60088093]
2024-11-25 14:01:43,414 INFO:qvec: (0.8329725472250454, 0.39224530315395606, 0.2784382519832555, -0.27344560255302985)
2024-11-25 14:01:43,414 INFO:tvec: (1.203957371698207, 1.2216485375923667, 2.942391243252923)
2024-11-25 14:01:43,415 INFO:new_qvec: [ 0.49327567  0.28800242  0.22602667 -0.78907899]
2024-11-25 14:01:43,415 INFO:qvec: (0.9617914928367925, 0.196401480667935, 0.13866421876364354, -0.130980216570615)
2024-11-25 14:01:43,415 INFO:tvec: (1.342071551046568, 0.9474407268269996, 2.8518279689867168)
2024-11-25 14:01:43,416 INFO:new_qvec: [ 0.68741523  0.08476093  0.26667018 -0.67019617]
2024-11-25 14:01:43,416 INFO:qvec: (0.99462205277619, 0.0780186230974, 0.05160375887284326, -0.04446480238860027)
2024-11-25 14:01:43,416 INFO:tvec: (1.4653673178899438, 0.8136552175974961, 2.8818224427052823)
2024-11-25 14:01:43,417 INFO:new_qvec: [ 0.76955169 -0.03428114  0.27653328 -0.57458188]
2024-11-25 14:01:43,417 INFO:qvec: (0.9981575817096451, 0.04799132362812082, 0.02987670779336485, -0.022037632890221596)
2024-11-25 14:01:43,418 INFO:tvec: (1.496691369418666, 0.7870258636937217, 2.8968642589579745)
2024-11-25 14:01:43,418 INFO:new_qvec: [ 0.78668761 -0.0636227   0.27802434 -0.54751915]
2024-11-25 14:01:43,419 INFO:qvec: (0.9998331321144706, 0.016247324575853525, 0.008233963370177002, 0.0013907614867701289)
2024-11-25 14:01:43,419 INFO:tvec: (1.5265511740843323, 0.7610367782853837, 2.9117758497618267)
2024-11-25 14:01:43,419 INFO:new_qvec: [ 0.8026302  -0.09380928  0.28005302 -0.51822281]
2024-11-25 14:01:43,420 INFO:qvec: (0.9934109132104293, -0.0742651065161535, -0.05610940304250291, 0.06686693023296024)
2024-11-25 14:01:43,420 INFO:tvec: (1.6222025126332018, 0.6979902952596964, 2.9831576365516588)
2024-11-25 14:01:43,421 INFO:new_qvec: [ 0.83915955 -0.1803589   0.28042178 -0.42970402]
2024-11-25 14:01:43,421 INFO:qvec: (0.9874734397910998, -0.10425655438332418, -0.07832342511895755, 0.08883815426316108)
2024-11-25 14:01:43,421 INFO:tvec: (1.6556379085833532, 0.6841188909404208, 3.0144720272107595)
2024-11-25 14:01:43,422 INFO:new_qvec: [ 0.84859969 -0.20899423  0.27878434 -0.39809455]
2024-11-25 14:01:43,422 INFO:qvec: (0.9796197026013914, -0.1342969346436857, -0.10005395848876053, 0.11089985126771176)
2024-11-25 14:01:43,422 INFO:tvec: (1.6864662564963817, 0.6733910770609665, 3.0452031817961513)
2024-11-25 14:01:43,423 INFO:new_qvec: [ 0.85640676 -0.23718123  0.27703037 -0.36546777]
2024-11-25 14:01:43,439 DEBUG:Starting new HTTPS connection (1): hooks.slack.com:443
2024-11-25 14:01:44,103 DEBUG:https://hooks.slack.com:443 "POST /services/T07E6GGAV42/B07EVB20A7J/MbGu1qjLUbGBcXK3spDTzmiF HTTP/1.1" 200 6
