2024-11-25 14:02:24,947 INFO:Model BOX-A is read.
2024-11-25 14:02:25,231 INFO:Model pole-18-8-24 is read.
2024-11-25 14:02:25,800 INFO:Filtering outliers with threshold: 1e-05
2024-11-25 14:02:25,884 INFO:Filtering outliers with threshold: 1e-05
2024-11-25 14:02:26,104 INFO:Query Object Volume: 0.002681213046519368
2024-11-25 14:02:26,105 INFO:Train Object Volume: 0.002599223004727042
2024-11-25 14:02:26,120 INFO:Query Object Volume Down: 0.002567093466150822
2024-11-25 14:02:26,120 INFO:Train Object Volume Down: 0.0024730296100630308
2024-11-25 14:02:26,124 INFO:Estimated Pretreetment Rotation Matrix: [[ 0.31305695 -0.88772762 -0.33754263]
 [ 0.76210577  0.44689141 -0.46848997]
 [ 0.56673639 -0.11057915  0.8164448 ]]
2024-11-25 14:02:26,125 INFO:Estimated Pretreetment Translation Matrix: [-1.19742968 -0.03577367 -0.23521949]
2024-11-25 14:02:26,125 INFO:Estimated Pretreetment Scale: 0.6513600120294354
2024-11-25 14:02:26,837 INFO:Estimating Affine Matrix with CPD...
2024-11-25 14:02:36,303 INFO:Estimated R: [[ 0.95506866 -0.05348338  0.2915191 ]
 [ 0.05266671  0.99855531  0.01065384]
 [-0.29166775  0.0051782   0.95650568]]
2024-11-25 14:02:36,303 INFO:Estimated t: [ 0.00091605  0.0176174  -0.00515859]
2024-11-25 14:02:36,304 INFO:Estimated s: 0.967728703057655
2024-11-25 14:02:36,304 INFO:Estimated B: [[ 0.92424735 -0.05175741  0.2821114 ]
 [ 0.05096708  0.96633064  0.01031002]
 [-0.28225525  0.0050111   0.925638  ]]
2024-11-25 14:02:36,305 INFO:Estimated t: [ 0.00091605  0.0176174  -0.00515859]
2024-11-25 14:02:36,652 INFO:Transformed Query Object Volume: 0.0023264972787124623
2024-11-25 14:02:36,652 INFO:Train Object Volume: 0.002473029610063031
2024-11-25 14:02:37,393 INFO:Processed all images in Input
2024-11-25 14:02:37,442 INFO:qvec: (0.8026071538323498, -0.41141640803381707, -0.2990602451803819, 0.3116428493810446)
2024-11-25 14:02:37,442 INFO:tvec: (1.880255208810751, 0.7478486696871159, 3.4167599520412186)
2024-11-25 14:02:37,444 INFO:new_tvec: [[ 1.89753926  3.05919528  2.85974946]
 [-2.91019942 -1.74854341 -1.94798922]
 [ 0.60714032  1.76879633  1.56935052]]
2024-11-25 14:02:37,444 INFO:qvec: (0.8723533684193528, -0.33579067653659755, -0.24515957588445653, 0.25717893481126425)
2024-11-25 14:02:37,444 INFO:tvec: (1.836158703158302, 0.6954487924594308, 3.303276573470377)
2024-11-25 14:02:37,446 INFO:new_tvec: [[ 1.77948514  2.94114115  2.74169533]
 [-2.88192189 -1.72026588 -1.91971169]
 [ 0.55392067  1.71557668  1.51613087]]
2024-11-25 14:02:37,446 INFO:qvec: (0.7755317129660331, -0.4360389546784563, -0.31635941154155517, 0.3291463427048374)
2024-11-25 14:02:37,446 INFO:tvec: (1.890424775345723, 0.7708735498161097, 3.4530854105186846)
2024-11-25 14:02:37,447 INFO:new_tvec: [[ 1.93885727  3.10051328  2.90106747]
 [-2.91295444 -1.75129843 -1.95074424]
 [ 0.62257846  1.78423448  1.58478866]]
2024-11-25 14:02:37,448 INFO:qvec: (0.9297496564835632, -0.25126775246294974, -0.18500338381755374, 0.19545802827453485)
2024-11-25 14:02:37,448 INFO:tvec: (1.770604616553786, 0.6678587083206413, 3.1888730821479583)
2024-11-25 14:02:37,449 INFO:new_tvec: [[ 1.67309979  2.8347558   2.63530999]
 [-2.82340685 -1.66175084 -1.86119665]
 [ 0.49556951  1.65722553  1.45777971]]
2024-11-25 14:02:37,449 INFO:qvec: (0.912680463276185, -0.2794873082897409, -0.2053960490179041, 0.21613347613629513)
2024-11-25 14:02:37,450 INFO:tvec: (1.794821181357917, 0.674126233067262, 3.227773838229604)
2024-11-25 14:02:37,451 INFO:new_tvec: [[ 1.70750395  2.86915996  2.66971414]
 [-2.84640527 -1.68474926 -1.88419508]
 [ 0.51621944  1.67787545  1.47842964]]
2024-11-25 14:02:37,451 INFO:qvec: (-0.2668955780140343, 0.6724849201014984, 0.4850910039193139, -0.491138982966317)
2024-11-25 14:02:37,451 INFO:tvec: (1.74981603371354, 1.2641834150021272, 3.763002312151482)
2024-11-25 14:02:37,452 INFO:new_tvec: [[ 2.44643421  3.60809022  3.40864441]
 [-2.60194658 -1.44029057 -1.63973639]
 [ 0.69195923  1.85361524  1.65416942]]
2024-11-25 14:02:37,452 INFO:qvec: (0.7475719442290224, -0.45881607201429464, -0.33241558449109526, 0.34658891997647107)
2024-11-25 14:02:37,453 INFO:tvec: (1.8951250654351424, 0.7984543810122734, 3.486442269237269)
2024-11-25 14:02:37,454 INFO:new_tvec: [[ 1.98025279  3.1419088   2.94246298]
 [-2.90848995 -1.74683394 -1.94627976]
 [ 0.63530461  1.79696062  1.5975148 ]]
2024-11-25 14:02:37,455 INFO:qvec: (0.9796427206124405, -0.13432022205232264, -0.09955748920059647, 0.11111491458370398)
2024-11-25 14:02:37,455 INFO:tvec: (1.6542554355432004, 0.680894898722753, 3.0406771333786575)
2024-11-25 14:02:37,456 INFO:new_tvec: [[ 1.56262279  2.7242788   2.52483299]
 [-2.69790733 -1.53625131 -1.73569713]
 [ 0.40774119  1.5693972   1.36995138]]
2024-11-25 14:02:37,457 INFO:qvec: (0.9934549298053016, -0.07388852014806868, -0.05623114820313432, 0.06652703967282031)
2024-11-25 14:02:37,457 INFO:tvec: (1.5918998792162156, 0.7055404885545251, 2.9804166932764904)
2024-11-25 14:02:37,458 INFO:new_tvec: [[ 1.52773271  2.68938872  2.48994291]
 [-2.62487513 -1.46321911 -1.66266493]
 [ 0.36804331  1.52969932  1.33025351]]
2024-11-25 14:02:37,458 INFO:qvec: (0.6187585275165094, -0.5459812791003641, -0.3922839386483557, 0.40639345341191796)
2024-11-25 14:02:37,459 INFO:tvec: (1.900087506573507, 0.9169503099904677, 3.614337985285459)
2024-11-25 14:02:37,460 INFO:new_tvec: [[ 2.1445959   3.30625191  3.1068061 ]
 [-2.87408304 -1.71242702 -1.91187284]
 [ 0.68253521  1.84419122  1.64474541]]
2024-11-25 14:02:37,460 INFO:qvec: (0.9998382255689156, 0.016240925075538228, 0.007619995918011526, 0.0013002715495847163)
2024-11-25 14:02:37,460 INFO:tvec: (1.4968989652587785, 0.7681779741217573, 2.9093602363816036)
2024-11-25 14:02:37,461 INFO:new_tvec: [[ 1.50545813  2.66711414  2.46766832]
 [-2.50469067 -1.34303466 -1.54248048]
 [ 0.31275146  1.47440747  1.27496166]]
2024-11-25 14:02:37,461 INFO:qvec: (0.8936333947054367, -0.3079063887593046, -0.22553818344070978, 0.23610493310963665)
2024-11-25 14:02:37,462 INFO:tvec: (1.8176495423861123, 0.6812221845703099, 3.268129403953685)
2024-11-25 14:02:37,463 INFO:new_tvec: [[ 1.74292936  2.90458537  2.70513955]
 [-2.867962   -1.70630599 -1.90575181]
 [ 0.5381376   1.69979361  1.5003478 ]]
2024-11-25 14:02:37,463 INFO:qvec: (-0.14404805691368633, 0.6903419868713038, 0.49838850772270676, -0.5042687714224484)
2024-11-25 14:02:37,463 INFO:tvec: (1.6646118410104103, 1.364711483900661, 3.745412104002788)
2024-11-25 14:02:37,464 INFO:new_tvec: [[ 2.48640446  3.64806047  3.44861465]
 [-2.47943823 -1.31778222 -1.51722803]
 [ 0.65926145  1.82091746  1.62147164]]
2024-11-25 14:02:37,464 INFO:qvec: (-0.35490482090312137, 0.650971062185132, 0.47085177217036867, -0.47809816245338965)
2024-11-25 14:02:37,464 INFO:tvec: (1.7998704440788225, 1.1877315678649227, 3.7556899409962874)
2024-11-25 14:02:37,465 INFO:new_tvec: [[ 2.39969551  3.56135152  3.36190571]
 [-2.67973834 -1.51808233 -1.71752815]
 [ 0.7049105   1.86656652  1.6671207 ]]
2024-11-25 14:02:37,466 INFO:qvec: (0.5492010685955546, -0.5801929197139801, -0.41836290465836384, 0.432119013899047)
2024-11-25 14:02:37,466 INFO:tvec: (1.8817300606589111, 0.9940020441661234, 3.6606045854831617)
2024-11-25 14:02:37,466 INFO:new_tvec: [[ 2.22379151  3.38544752  3.18600171]
 [-2.82846899 -1.66681298 -1.86625879]
 [ 0.69040779  1.8520638   1.65261799]]
2024-11-25 14:02:37,467 INFO:qvec: (-0.3124777238467162, 0.6623958476489086, 0.4787444330034148, -0.48414169515266736)
2024-11-25 14:02:37,467 INFO:tvec: (1.7780046702944563, 1.2255956606020284, 3.765945975015646)
2024-11-25 14:02:37,468 INFO:new_tvec: [[ 2.42751919  3.5891752   3.38972939]
 [-2.64454046 -1.48288445 -1.68233026]
 [ 0.70292567  1.86458168  1.66513587]]
2024-11-25 14:02:37,468 INFO:qvec: (0.584682428357564, -0.5633313663356503, -0.4050065907923434, 0.420444872827669)
2024-11-25 14:02:37,469 INFO:tvec: (1.890952183667952, 0.9549844016611577, 3.6345610845485066)
2024-11-25 14:02:37,470 INFO:new_tvec: [[ 2.18218319  3.3438392   3.14439339]
 [-2.8512125  -1.68955649 -1.88900231]
 [ 0.68431122  1.84596723  1.64652142]]
2024-11-25 14:02:37,470 INFO:qvec: (-0.10194978854846465, 0.6929827861834538, 0.5007783585418114, -0.508529383894884)
2024-11-25 14:02:37,470 INFO:tvec: (1.6305624867715847, 1.3950223096745311, 3.724185333956309)
2024-11-25 14:02:37,471 INFO:new_tvec: [[ 2.48681514  3.64847115  3.44902534]
 [-2.43331879 -1.27166278 -1.47110859]
 [ 0.63922375  1.80087976  1.60143395]]
2024-11-25 14:02:37,471 INFO:qvec: (-0.05749140934940716, 0.6960910888978687, 0.5025741749661403, -0.5094812385800892)
2024-11-25 14:02:37,472 INFO:tvec: (1.6000691813739263, 1.4233806548423535, 3.711183454251159)
2024-11-25 14:02:37,472 INFO:new_tvec: [[ 2.49151242  3.65316843  3.45372262]
 [-2.3921382  -1.23048219 -1.42992801]
 [ 0.62561562  1.78727164  1.58782582]]
2024-11-25 14:02:37,473 INFO:qvec: (0.2015901698002639, 0.6843451734730174, 0.4929898121651241, -0.4979900923567478)
2024-11-25 14:02:37,473 INFO:tvec: (1.411961303886643, 1.533538953384259, 3.5573877241680316)
2024-11-25 14:02:37,474 INFO:new_tvec: [[ 2.42941458  3.59107059  3.39162478]
 [-2.15891425 -0.99725824 -1.19670405]
 [ 0.51193627  1.67359228  1.47414647]]
2024-11-25 14:02:37,474 INFO:qvec: (-0.012434116049416638, 0.6971591039066789, 0.5037148994984859, -0.50998615336236)
2024-11-25 14:02:37,474 INFO:tvec: (1.5657496746252606, 1.450807342421318, 3.6903873103080094)
2024-11-25 14:02:37,475 INFO:new_tvec: [[ 2.48988457  3.65154058  3.45209476]
 [-2.34711546 -1.18545945 -1.38490526]
 [ 0.60737189  1.7690279   1.56958209]]
2024-11-25 14:02:37,475 INFO:qvec: (0.15919020880938434, 0.689486566590837, 0.4965771848968485, -0.5026707186120205)
2024-11-25 14:02:37,475 INFO:tvec: (1.4428263338239293, 1.5211513826058418, 3.5874121518112383)
2024-11-25 14:02:37,476 INFO:new_tvec: [[ 2.44665239  3.6083084   3.40886259]
 [-2.19516996 -1.03351395 -1.23295976]
 [ 0.53183475  1.69349076  1.49404494]]
2024-11-25 14:02:37,477 INFO:qvec: (0.2455944388108945, 0.6766500357403823, 0.48868825769006, -0.4929623591650328)
2024-11-25 14:02:37,477 INFO:tvec: (1.3778708854864983, 1.5433926452594964, 3.521676881341159)
2024-11-25 14:02:37,478 INFO:new_tvec: [[ 2.40601326  3.56766927  3.36822346]
 [-2.12029884 -0.95864282 -1.15808864]
 [ 0.48967095  1.65132696  1.45188115]]
2024-11-25 14:02:37,478 INFO:qvec: (0.115369073471621, 0.6935941391771805, 0.4998546151892807, -0.5057296814102785)
2024-11-25 14:02:37,479 INFO:tvec: (1.4740222212547283, 1.5078802248826024, 3.617028899804624)
2024-11-25 14:02:37,479 INFO:new_tvec: [[ 2.46308934  3.62474536  3.42529954]
 [-2.23206917 -1.07041316 -1.26985898]
 [ 0.55170265  1.71335866  1.51391285]]
2024-11-25 14:02:37,480 INFO:qvec: (0.3687779759214459, 0.6494834769546547, 0.46779362986007256, -0.4725919355009261)
2024-11-25 14:02:37,480 INFO:tvec: (1.3005309490224448, 1.5423724904266005, 3.4161216465146524)
2024-11-25 14:02:37,481 INFO:new_tvec: [[ 2.321202    3.48285801  3.2834122 ]
 [-2.04042573 -0.87876972 -1.07821553]
 [ 0.43007439  1.5917304   1.39228458]]
2024-11-25 14:02:37,481 INFO:qvec: (0.4095815841226499, 0.6378782556547001, 0.45901170845484984, -0.463316855307313)
2024-11-25 14:02:37,481 INFO:tvec: (1.2782523736141287, 1.536121050377618, 3.3809896051574038)
2024-11-25 14:02:37,482 INFO:new_tvec: [[ 2.28955267  3.45120868  3.25176287]
 [-2.01955727 -0.85790125 -1.05734707]
 [ 0.41183972  1.57349573  1.37404992]]
2024-11-25 14:02:37,482 INFO:qvec: (0.44962961698740816, 0.6246200778111731, 0.44922258063430137, -0.45374226050829713)
2024-11-25 14:02:37,483 INFO:tvec: (1.25676801809736, 1.5253292084272163, 3.340930630267364)
2024-11-25 14:02:37,483 INFO:new_tvec: [[ 2.25189944  3.41355545  3.21410964]
 [-2.0008781  -0.83922209 -1.03866791]
 [ 0.39144153  1.55309755  1.35365173]]
2024-11-25 14:02:37,484 INFO:qvec: (0.48961831162874947, 0.6103777872528456, 0.43879384938284927, -0.4417836840467452)
2024-11-25 14:02:37,484 INFO:tvec: (1.2376465576052336, 1.514361084513882, 3.301467415788593)
2024-11-25 14:02:37,485 INFO:new_tvec: [[ 2.21518922  3.37684524  3.17739942]
 [-1.98444121 -0.8227852  -1.02223101]
 [ 0.37081476  1.53247077  1.33302496]]
2024-11-25 14:02:37,485 INFO:qvec: (0.6005011620079482, 0.5625412919229428, 0.3988910960415472, -0.4047610934953405)
2024-11-25 14:02:37,485 INFO:tvec: (1.2099523993713381, 1.449716573979555, 3.190298941476311)
2024-11-25 14:02:37,486 INFO:new_tvec: [[ 2.0942502   3.25590621  3.0564604 ]
 [-1.9764525  -0.81479649 -1.0142423 ]
 [ 0.3196851   1.48134111  1.2818953 ]]
2024-11-25 14:02:37,487 INFO:qvec: (0.6356344293500968, 0.5441173686446946, 0.3845943670020143, -0.3898619425312892)
2024-11-25 14:02:37,487 INFO:tvec: (1.2035309199640454, 1.4254379322611304, 3.151853011739374)
2024-11-25 14:02:37,488 INFO:new_tvec: [[ 2.05194831  3.21360432  3.01415851]
 [-1.97735057 -0.81569456 -1.01514038]
 [ 0.30183795  1.46349396  1.26404814]]
2024-11-25 14:02:37,488 INFO:qvec: (0.7022251703153127, 0.5042543024474427, 0.3538500785057013, -0.3569279066987928)
2024-11-25 14:02:37,488 INFO:tvec: (1.1981294579349329, 1.3736597087124867, 3.081656459916114)
2024-11-25 14:02:37,489 INFO:new_tvec: [[ 1.97101392  3.13266993  2.93322412]
 [-1.98793251 -0.8262765  -1.02572232]
 [ 0.27060714  1.43226315  1.23281734]]
2024-11-25 14:02:37,489 INFO:qvec: (0.6678243269979146, 0.525459254221737, 0.37112150624323603, -0.37439560364174973)
2024-11-25 14:02:37,489 INFO:tvec: (1.1966537810741404, 1.403618865331834, 3.11996263677375)
2024-11-25 14:02:37,490 INFO:new_tvec: [[ 2.0150935   3.17674951  2.9773037 ]
 [-1.97746989 -0.81581388 -1.01525969]
 [ 0.28834456  1.45000057  1.25055475]]
2024-11-25 14:02:37,490 INFO:qvec: (0.8078380832026896, 0.41686679465877824, 0.296837130504214, -0.2924165261956734)
2024-11-25 14:02:37,490 INFO:tvec: (1.1928212744165503, 1.257639259505185, 2.966808683096902)
2024-11-25 14:02:37,491 INFO:new_tvec: [[ 1.81584389  2.9774999   2.77805409]
 [-2.02236907 -0.86071305 -1.06015887]
 [ 0.23298642  1.39464244  1.19519662]]
2024-11-25 14:02:37,491 INFO:qvec: (0.7811057287958669, 0.44196950871180163, 0.31397100420852186, -0.309772500922239)
2024-11-25 14:02:37,491 INFO:tvec: (1.187608285560623, 1.2951450971207803, 2.996474805965673)
2024-11-25 14:02:37,492 INFO:new_tvec: [[ 1.85960821  3.02126423  2.82181841]
 [-2.00426077 -0.84260476 -1.04205057]
 [ 0.24139567  1.40305169  1.20360587]]
2024-11-25 14:02:37,492 INFO:qvec: (0.9333458557031221, 0.25596923756839596, 0.18100603651865277, -0.17487732215547314)
2024-11-25 14:02:37,492 INFO:tvec: (1.2919027109035248, 1.0238846529335646, 2.8627893576944428)
2024-11-25 14:02:37,493 INFO:new_tvec: [[ 1.60976475  2.77142076  2.57197495]
 [-2.20328695 -1.04163094 -1.24107675]
 [ 0.22412787  1.38578388  1.18633806]]
2024-11-25 14:02:37,493 INFO:qvec: (0.9169896336595856, 0.2836545248568993, 0.20056449482985794, -0.19607143010318837)
2024-11-25 14:02:37,493 INFO:tvec: (1.2716581789616903, 1.0589917971285387, 2.8698830435627625)
2024-11-25 14:02:37,494 INFO:new_tvec: [[ 1.63420267  2.79585868  2.59641286]
 [-2.17041065 -1.00875464 -1.20820046]
 [ 0.22030552  1.38196153  1.18251572]]
2024-11-25 14:02:37,494 INFO:qvec: (0.856700168407757, 0.365898252612812, 0.26059717249011444, -0.2535200265761447)
2024-11-25 14:02:37,494 INFO:tvec: (1.212837647957004, 1.1857499948048196, 2.9213297297383085)
2024-11-25 14:02:37,495 INFO:new_tvec: [[ 1.74154835  2.90320436  2.70375855]
 [-2.06723582 -0.90557981 -1.10502563]
 [ 0.22277839  1.3844344   1.18498859]]
2024-11-25 14:02:37,495 INFO:qvec: (0.9484258212253732, 0.22616171637409896, 0.16022392861495732, -0.15384288211967112)
2024-11-25 14:02:37,495 INFO:tvec: (1.3154719143254214, 0.9827561140315088, 2.8532292653126103)
2024-11-25 14:02:37,496 INFO:new_tvec: [[ 1.5803809   2.74203691  2.5425911 ]
 [-2.24153283 -1.07987682 -1.27932263]
 [ 0.22763528  1.38929129  1.18984547]]
2024-11-25 14:02:37,496 INFO:qvec: (0.9890417010844438, 0.10915737134002391, 0.07359218861476803, -0.06682343580671674)
2024-11-25 14:02:37,496 INFO:tvec: (1.4336107949235235, 0.8460624174895692, 2.8712379143147713)
2024-11-25 14:02:37,497 INFO:new_tvec: [[ 1.5233962   2.68505221  2.4856064 ]
 [-2.40948659 -1.24783058 -1.4472764 ]
 [ 0.26650106  1.42815707  1.22871126]]
2024-11-25 14:02:37,497 INFO:qvec: (0.8329725472250454, 0.39224530315395606, 0.2784382519832555, -0.27344560255302985)
2024-11-25 14:02:37,497 INFO:tvec: (1.203957371698207, 1.2216485375923667, 2.942391243252923)
2024-11-25 14:02:37,498 INFO:new_tvec: [[ 1.77806313  2.93971915  2.74027333]
 [-2.04563877 -0.88398276 -1.08342858]
 [ 0.22615332  1.38780933  1.18836351]]
2024-11-25 14:02:37,498 INFO:qvec: (0.9617914928367925, 0.196401480667935, 0.13866421876364354, -0.130980216570615)
2024-11-25 14:02:37,498 INFO:tvec: (1.342071551046568, 0.9474407268269996, 2.8518279689867168)
2024-11-25 14:02:37,499 INFO:new_tvec: [[ 1.56099988  2.72265589  2.52321007]
 [-2.28077325 -1.11911724 -1.31856305]
 [ 0.23405759  1.3957136   1.19626779]]
2024-11-25 14:02:37,499 INFO:qvec: (0.99462205277619, 0.0780186230974, 0.05160375887284326, -0.04446480238860027)
2024-11-25 14:02:37,499 INFO:tvec: (1.4653673178899438, 0.8136552175974961, 2.8818224427052823)
2024-11-25 14:02:37,500 INFO:new_tvec: [[ 1.51463873  2.67629474  2.47684892]
 [-2.45333066 -1.29167465 -1.49112047]
 [ 0.27960601  1.44126203  1.24181621]]
2024-11-25 14:02:37,500 INFO:qvec: (0.9981575817096451, 0.04799132362812082, 0.02987670779336485, -0.022037632890221596)
2024-11-25 14:02:37,500 INFO:tvec: (1.496691369418666, 0.7870258636937217, 2.8968642589579745)
2024-11-25 14:02:37,501 INFO:new_tvec: [[ 1.5126753   2.67433131  2.47488549]
 [-2.49470163 -1.33304562 -1.53249143]
 [ 0.29378921  1.45544522  1.25599941]]
2024-11-25 14:02:37,501 INFO:qvec: (0.9998331321144706, 0.016247324575853525, 0.008233963370177002, 0.0013907614867701289)
2024-11-25 14:02:37,501 INFO:tvec: (1.5265511740843323, 0.7610367782853837, 2.9117758497618267)
2024-11-25 14:02:37,502 INFO:new_tvec: [[ 1.51066763  2.67232364  2.47287782]
 [-2.53447221 -1.3728162  -1.57226202]
 [ 0.30806037  1.46971638  1.27027057]]
2024-11-25 14:02:37,502 INFO:qvec: (0.9934109132104293, -0.0742651065161535, -0.05610940304250291, 0.06686693023296024)
2024-11-25 14:02:37,503 INFO:tvec: (1.6222025126332018, 0.6979902952596964, 2.9831576365516588)
2024-11-25 14:02:37,503 INFO:new_tvec: [[ 1.53301851  2.69467452  2.49522871]
 [-2.65545282 -1.49379681 -1.69324262]
 [ 0.3635899   1.52524591  1.3258001 ]]
2024-11-25 14:02:37,504 INFO:qvec: (0.9874734397910998, -0.10425655438332418, -0.07832342511895755, 0.08883815426316108)
2024-11-25 14:02:37,504 INFO:tvec: (1.6556379085833532, 0.6841188909404208, 3.0144720272107595)
2024-11-25 14:02:37,504 INFO:new_tvec: [[ 1.55066122  2.71231723  2.51287142]
 [-2.69479607 -1.53314006 -1.73258588]
 [ 0.38436911  1.54602512  1.34657931]]
2024-11-25 14:02:37,505 INFO:qvec: (0.9796197026013914, -0.1342969346436857, -0.10005395848876053, 0.11089985126771176)
2024-11-25 14:02:37,505 INFO:tvec: (1.6864662564963817, 0.6733910770609665, 3.0452031817961513)
2024-11-25 14:02:37,505 INFO:new_tvec: [[ 1.56955298  2.73120899  2.53176318]
 [-2.73035564 -1.56869963 -1.76814544]
 [ 0.4040794   1.56573541  1.36628959]]
2024-11-25 14:02:37,520 DEBUG:Starting new HTTPS connection (1): hooks.slack.com:443
2024-11-25 14:02:38,190 DEBUG:https://hooks.slack.com:443 "POST /services/T07E6GGAV42/B07EVB20A7J/MbGu1qjLUbGBcXK3spDTzmiF HTTP/1.1" 200 6
